#
# There is insufficient memory for the Java Runtime Environment to continue.
# Native memory allocation (mmap) failed to map 65536 bytes for Failed to commit metaspace.
# Possible reasons:
#   The system is out of physical RAM or swap space
#   The process is running with CompressedOops enabled, and the Java Heap may be blocking the growth of the native heap
# Possible solutions:
#   Reduce memory load on the system
#   Increase physical memory or swap space
#   Check if swap backing store is full
#   Decrease Java heap size (-Xmx/-Xms)
#   Decrease number of Java threads
#   Decrease Java thread stack sizes (-Xss)
#   Set larger code cache with -XX:ReservedCodeCacheSize=
#   JVM is running with Unscaled Compressed Oops mode in which the Java heap is
#     placed in the first 4GB address space. The Java Heap base address is the
#     maximum limit for the native heap growth. Please use -XX:HeapBaseMinAddress
#     to set the Java Heap base and to place the Java Heap above 4GB virtual address.
# This output file may be truncated or incomplete.
#
#  Out of Memory Error (virtualSpaceNode.cpp:110), pid=15040, tid=15604
#
# JRE version: Java(TM) SE Runtime Environment (17.0+35) (build 17+35-LTS-2724)
# Java VM: Java HotSpot(TM) 64-Bit Server VM (17+35-LTS-2724, mixed mode, tiered, compressed oops, compressed class ptrs, g1 gc, windows-amd64)
# No core dump will be written. Minidumps are not enabled by default on client versions of Windows
#

---------------  S U M M A R Y ------------

Command Line: -Dmaven.multiModuleProjectDirectory=C:\Users\hp\Documents\project\Online-banking-angular-springboot-mysql-master\Online-banking-angular-springboot-mysql-master -Dmaven.home=C:\Users\hp\.m2\wrapper\dists\apache-maven-3.5.3-bin\2c22a6s60afpuloj4v181qvild\apache-maven-3.5.3 -Dclassworlds.conf=C:\Users\hp\.m2\wrapper\dists\apache-maven-3.5.3-bin\2c22a6s60afpuloj4v181qvild\apache-maven-3.5.3\bin\m2.conf -Dmaven.ext.class.path=C:\Program Files\JetBrains\IntelliJ IDEA Educational Edition 2021.3.3\plugins\maven\lib\maven-event-listener.jar -javaagent:C:\Program Files\JetBrains\IntelliJ IDEA Educational Edition 2021.3.3\lib\idea_rt.jar=58231:C:\Program Files\JetBrains\IntelliJ IDEA Educational Edition 2021.3.3\bin -Dfile.encoding=UTF-8 org.codehaus.classworlds.Launcher -Didea.version=2021.3.3 compile

Host: Intel(R) Core(TM) i5-9300H CPU @ 2.40GHz, 8 cores, 7G,  Windows 10 , 64 bit Build 19041 (10.0.19041.1889)
Time: Wed Nov 16 16:57:31 2022 India Standard Time elapsed time: 0.307429 seconds (0d 0h 0m 0s)

---------------  T H R E A D  ---------------

Current thread (0x000001c406b81aa0):  JavaThread "Monitor Ctrl-Break" daemon [_thread_in_vm, id=15604, stack(0x0000007750d00000,0x0000007750e00000)]

Stack: [0x0000007750d00000,0x0000007750e00000]
Native frames: (J=compiled Java code, j=interpreted, Vv=VM code, C=native code)
V  [jvm.dll+0x66f8ea]
V  [jvm.dll+0x7ce224]
V  [jvm.dll+0x7cf9ce]
V  [jvm.dll+0x7d0033]
V  [jvm.dll+0x242bb5]
V  [jvm.dll+0x7ca1cb]
V  [jvm.dll+0x615a46]
V  [jvm.dll+0x1be28e]
V  [jvm.dll+0x618381]
V  [jvm.dll+0x6163e6]
V  [jvm.dll+0x238546]
V  [jvm.dll+0x1e885d]
V  [jvm.dll+0x1de2e1]
V  [jvm.dll+0x5375c0]
V  [jvm.dll+0x74971d]
V  [jvm.dll+0x74967a]
V  [jvm.dll+0x408f64]
V  [jvm.dll+0x41c6cb]
C  [java.dll+0x1657]

Java frames: (J=compiled Java code, j=interpreted, Vv=VM code)
j  java.lang.ClassLoader.defineClass0(Ljava/lang/ClassLoader;Ljava/lang/Class;Ljava/lang/String;[BIILjava/security/ProtectionDomain;ZILjava/lang/Object;)Ljava/lang/Class;+0 java.base@17
j  java.lang.System$2.defineClass(Ljava/lang/ClassLoader;Ljava/lang/Class;Ljava/lang/String;[BLjava/security/ProtectionDomain;ZILjava/lang/Object;)Ljava/lang/Class;+17 java.base@17
j  java.lang.invoke.MethodHandles$Lookup$ClassDefiner.defineClass(ZLjava/lang/Object;)Ljava/lang/Class;+54 java.base@17
j  java.lang.invoke.InvokerBytecodeGenerator.loadMethod([B)Ljava/lang/invoke/MemberName;+16 java.base@17
j  java.lang.invoke.InvokerBytecodeGenerator.generateCustomizedCode(Ljava/lang/invoke/LambdaForm;Ljava/lang/invoke/MethodType;)Ljava/lang/invoke/MemberName;+30 java.base@17
j  java.lang.invoke.LambdaForm.compileToBytecode()V+69 java.base@17
j  java.lang.invoke.DirectMethodHandle.makePreparedLambdaForm(Ljava/lang/invoke/MethodType;I)Ljava/lang/invoke/LambdaForm;+792 java.base@17
j  java.lang.invoke.DirectMethodHandle.preparedLambdaForm(Ljava/lang/invoke/MethodType;I)Ljava/lang/invoke/LambdaForm;+17 java.base@17
j  java.lang.invoke.DirectMethodHandle.preparedLambdaForm(Ljava/lang/invoke/MemberName;Z)Ljava/lang/invoke/LambdaForm;+159 java.base@17
j  java.lang.invoke.DirectMethodHandle.preparedLambdaForm(Ljava/lang/invoke/MemberName;)Ljava/lang/invoke/LambdaForm;+2 java.base@17
j  java.lang.invoke.DirectMethodHandle.make(BLjava/lang/Class;Ljava/lang/invoke/MemberName;Ljava/lang/Class;)Ljava/lang/invoke/DirectMethodHandle;+163 java.base@17
j  java.lang.invoke.MethodHandles$Lookup.getDirectMethodCommon(BLjava/lang/Class;Ljava/lang/invoke/MemberName;ZZLjava/lang/invoke/MethodHandles$Lookup;)Ljava/lang/invoke/MethodHandle;+210 java.base@17
j  java.lang.invoke.MethodHandles$Lookup.getDirectMethodNoSecurityManager(BLjava/lang/Class;Ljava/lang/invoke/MemberName;Ljava/lang/invoke/MethodHandles$Lookup;)Ljava/lang/invoke/MethodHandle;+14 java.base@17
j  java.lang.invoke.MethodHandles$Lookup.getDirectMethodForConstant(BLjava/lang/Class;Ljava/lang/invoke/MemberName;)Ljava/lang/invoke/MethodHandle;+31 java.base@17
j  java.lang.invoke.MethodHandles$Lookup.linkMethodHandleConstant(BLjava/lang/Class;Ljava/lang/String;Ljava/lang/Object;)Ljava/lang/invoke/MethodHandle;+153 java.base@17
j  java.lang.invoke.MethodHandleNatives.linkMethodHandleConstant(Ljava/lang/Class;ILjava/lang/Class;Ljava/lang/String;Ljava/lang/Object;)Ljava/lang/invoke/MethodHandle;+38 java.base@17
v  ~StubRoutines::call_stub
j  java.net.SocketImpl.usePlainSocketImpl()Z+0 java.base@17
j  java.net.SocketImpl.<clinit>()V+0 java.base@17
v  ~StubRoutines::call_stub
j  java.net.Socket.setImpl()V+22 java.base@17
j  java.net.Socket.<init>(Ljava/net/SocketAddress;Ljava/net/SocketAddress;Z)V+46 java.base@17
j  java.net.Socket.<init>(Ljava/lang/String;I)V+34 java.base@17
j  com.intellij.rt.execution.application.AppMainV2$1.run()V+10
v  ~StubRoutines::call_stub

---------------  P R O C E S S  ---------------

Threads class SMR info:
_java_thread_list=0x000001c406b45ba0, length=13, elements={
0x000001c467d4d530, 0x000001c406836620, 0x000001c47f84e3b0, 0x000001c406858b10,
0x000001c40685b3e0, 0x000001c40685bca0, 0x000001c40685c650, 0x000001c465a40000,
0x000001c465a3e6b0, 0x000001c406871a40, 0x000001c47f7ee480, 0x000001c406b81aa0,
0x000001c406b80940
}

Java Threads: ( => current thread )
  0x000001c467d4d530 JavaThread "main" [_thread_in_vm, id=16056, stack(0x000000774fc00000,0x000000774fd00000)]
  0x000001c406836620 JavaThread "Reference Handler" daemon [_thread_blocked, id=10248, stack(0x0000007750300000,0x0000007750400000)]
  0x000001c47f84e3b0 JavaThread "Finalizer" daemon [_thread_blocked, id=22248, stack(0x0000007750400000,0x0000007750500000)]
  0x000001c406858b10 JavaThread "Signal Dispatcher" daemon [_thread_blocked, id=9608, stack(0x0000007750500000,0x0000007750600000)]
  0x000001c40685b3e0 JavaThread "Attach Listener" daemon [_thread_blocked, id=10820, stack(0x0000007750600000,0x0000007750700000)]
  0x000001c40685bca0 JavaThread "Service Thread" daemon [_thread_blocked, id=1156, stack(0x0000007750700000,0x0000007750800000)]
  0x000001c40685c650 JavaThread "Monitor Deflation Thread" daemon [_thread_blocked, id=20388, stack(0x0000007750800000,0x0000007750900000)]
  0x000001c465a40000 JavaThread "C2 CompilerThread0" daemon [_thread_blocked, id=21936, stack(0x0000007750900000,0x0000007750a00000)]
  0x000001c465a3e6b0 JavaThread "C1 CompilerThread0" daemon [_thread_blocked, id=18952, stack(0x0000007750a00000,0x0000007750b00000)]
  0x000001c406871a40 JavaThread "Sweeper thread" daemon [_thread_blocked, id=12432, stack(0x0000007750b00000,0x0000007750c00000)]
  0x000001c47f7ee480 JavaThread "Common-Cleaner" daemon [_thread_blocked, id=12496, stack(0x0000007750c00000,0x0000007750d00000)]
=>0x000001c406b81aa0 JavaThread "Monitor Ctrl-Break" daemon [_thread_in_vm, id=15604, stack(0x0000007750d00000,0x0000007750e00000)]
  0x000001c406b80940 JavaThread "Notification Thread" daemon [_thread_blocked, id=2700, stack(0x0000007750e00000,0x0000007750f00000)]

Other Threads:
  0x000001c47f8488b0 VMThread "VM Thread" [stack: 0x0000007750200000,0x0000007750300000] [id=9948]
  0x000001c465a3c970 WatcherThread [stack: 0x0000007750f00000,0x0000007751000000] [id=22352]
  0x000001c467d8d840 GCTaskThread "GC Thread#0" [stack: 0x000000774fd00000,0x000000774fe00000] [id=14160]
  0x000001c467d9e160 ConcurrentGCThread "G1 Main Marker" [stack: 0x000000774fe00000,0x000000774ff00000] [id=19876]
  0x000001c467d9ebd0 ConcurrentGCThread "G1 Conc#0" [stack: 0x000000774ff00000,0x0000007750000000] [id=2896]
  0x000001c467dedfd0 ConcurrentGCThread "G1 Refine#0" [stack: 0x0000007750000000,0x0000007750100000] [id=18288]
  0x000001c467dee7a0 ConcurrentGCThread "G1 Service" [stack: 0x0000007750100000,0x0000007750200000] [id=6360]

Threads with active compile tasks:

VM state: not at safepoint (normal execution)

VM Mutex/Monitor currently owned by a thread:  ([mutex/lock_event])
[0x000001c467d47f70] Metaspace_lock - owner thread: 0x000001c406b81aa0

Heap address: 0x0000000082600000, size: 2010 MB, Compressed Oops mode: 32-bit

CDS archive(s) not mapped
Compressed class space mapped at: 0x0000000100000000-0x0000000140000000, reserved size: 1073741824
Narrow klass base: 0x0000000000000000, Narrow klass shift: 3, Narrow klass range: 0x140000000

GC Precious Log:
 CPUs: 8 total, 8 available
 Memory: 8033M
 Large Page Support: Disabled
 NUMA Support: Disabled
 Compressed Oops: Enabled (32-bit)
 Heap Region Size: 1M
 Heap Min Capacity: 8M
 Heap Initial Capacity: 126M
 Heap Max Capacity: 2010M
 Pre-touch: Disabled
 Parallel Workers: 8
 Concurrent Workers: 2
 Concurrent Refinement Workers: 8
 Periodic GC: Disabled

Heap:
 garbage-first heap   total 129024K, used 2048K [0x0000000082600000, 0x0000000100000000)
  region size 1024K, 3 young (3072K), 0 survivors (0K)
 Metaspace       used 6565K, committed 6656K, reserved 1056768K
  class space    used 551K, committed 640K, reserved 1048576K

Heap Regions: E=young(eden), S=young(survivor), O=old, HS=humongous(starts), HC=humongous(continues), CS=collection set, F=free, OA=open archive, CA=closed archive, TAMS=top-at-mark-start (previous, next)
|   0|0x0000000082600000, 0x0000000082600000, 0x0000000082700000|  0%| F|  |TAMS 0x0000000082600000, 0x0000000082600000| Untracked 
|   1|0x0000000082700000, 0x0000000082700000, 0x0000000082800000|  0%| F|  |TAMS 0x0000000082700000, 0x0000000082700000| Untracked 
|   2|0x0000000082800000, 0x0000000082800000, 0x0000000082900000|  0%| F|  |TAMS 0x0000000082800000, 0x0000000082800000| Untracked 
|   3|0x0000000082900000, 0x0000000082900000, 0x0000000082a00000|  0%| F|  |TAMS 0x0000000082900000, 0x0000000082900000| Untracked 
|   4|0x0000000082a00000, 0x0000000082a00000, 0x0000000082b00000|  0%| F|  |TAMS 0x0000000082a00000, 0x0000000082a00000| Untracked 
|   5|0x0000000082b00000, 0x0000000082b00000, 0x0000000082c00000|  0%| F|  |TAMS 0x0000000082b00000, 0x0000000082b00000| Untracked 
|   6|0x0000000082c00000, 0x0000000082c00000, 0x0000000082d00000|  0%| F|  |TAMS 0x0000000082c00000, 0x0000000082c00000| Untracked 
|   7|0x0000000082d00000, 0x0000000082d00000, 0x0000000082e00000|  0%| F|  |TAMS 0x0000000082d00000, 0x0000000082d00000| Untracked 
|   8|0x0000000082e00000, 0x0000000082e00000, 0x0000000082f00000|  0%| F|  |TAMS 0x0000000082e00000, 0x0000000082e00000| Untracked 
|   9|0x0000000082f00000, 0x0000000082f00000, 0x0000000083000000|  0%| F|  |TAMS 0x0000000082f00000, 0x0000000082f00000| Untracked 
|  10|0x0000000083000000, 0x0000000083000000, 0x0000000083100000|  0%| F|  |TAMS 0x0000000083000000, 0x0000000083000000| Untracked 
|  11|0x0000000083100000, 0x0000000083100000, 0x0000000083200000|  0%| F|  |TAMS 0x0000000083100000, 0x0000000083100000| Untracked 
|  12|0x0000000083200000, 0x0000000083200000, 0x0000000083300000|  0%| F|  |TAMS 0x0000000083200000, 0x0000000083200000| Untracked 
|  13|0x0000000083300000, 0x0000000083300000, 0x0000000083400000|  0%| F|  |TAMS 0x0000000083300000, 0x0000000083300000| Untracked 
|  14|0x0000000083400000, 0x0000000083400000, 0x0000000083500000|  0%| F|  |TAMS 0x0000000083400000, 0x0000000083400000| Untracked 
|  15|0x0000000083500000, 0x0000000083500000, 0x0000000083600000|  0%| F|  |TAMS 0x0000000083500000, 0x0000000083500000| Untracked 
|  16|0x0000000083600000, 0x0000000083600000, 0x0000000083700000|  0%| F|  |TAMS 0x0000000083600000, 0x0000000083600000| Untracked 
|  17|0x0000000083700000, 0x0000000083700000, 0x0000000083800000|  0%| F|  |TAMS 0x0000000083700000, 0x0000000083700000| Untracked 
|  18|0x0000000083800000, 0x0000000083800000, 0x0000000083900000|  0%| F|  |TAMS 0x0000000083800000, 0x0000000083800000| Untracked 
|  19|0x0000000083900000, 0x0000000083900000, 0x0000000083a00000|  0%| F|  |TAMS 0x0000000083900000, 0x0000000083900000| Untracked 
|  20|0x0000000083a00000, 0x0000000083a00000, 0x0000000083b00000|  0%| F|  |TAMS 0x0000000083a00000, 0x0000000083a00000| Untracked 
|  21|0x0000000083b00000, 0x0000000083b00000, 0x0000000083c00000|  0%| F|  |TAMS 0x0000000083b00000, 0x0000000083b00000| Untracked 
|  22|0x0000000083c00000, 0x0000000083c00000, 0x0000000083d00000|  0%| F|  |TAMS 0x0000000083c00000, 0x0000000083c00000| Untracked 
|  23|0x0000000083d00000, 0x0000000083d00000, 0x0000000083e00000|  0%| F|  |TAMS 0x0000000083d00000, 0x0000000083d00000| Untracked 
|  24|0x0000000083e00000, 0x0000000083e00000, 0x0000000083f00000|  0%| F|  |TAMS 0x0000000083e00000, 0x0000000083e00000| Untracked 
|  25|0x0000000083f00000, 0x0000000083f00000, 0x0000000084000000|  0%| F|  |TAMS 0x0000000083f00000, 0x0000000083f00000| Untracked 
|  26|0x0000000084000000, 0x0000000084000000, 0x0000000084100000|  0%| F|  |TAMS 0x0000000084000000, 0x0000000084000000| Untracked 
|  27|0x0000000084100000, 0x0000000084100000, 0x0000000084200000|  0%| F|  |TAMS 0x0000000084100000, 0x0000000084100000| Untracked 
|  28|0x0000000084200000, 0x0000000084200000, 0x0000000084300000|  0%| F|  |TAMS 0x0000000084200000, 0x0000000084200000| Untracked 
|  29|0x0000000084300000, 0x0000000084300000, 0x0000000084400000|  0%| F|  |TAMS 0x0000000084300000, 0x0000000084300000| Untracked 
|  30|0x0000000084400000, 0x0000000084400000, 0x0000000084500000|  0%| F|  |TAMS 0x0000000084400000, 0x0000000084400000| Untracked 
|  31|0x0000000084500000, 0x0000000084500000, 0x0000000084600000|  0%| F|  |TAMS 0x0000000084500000, 0x0000000084500000| Untracked 
|  32|0x0000000084600000, 0x0000000084600000, 0x0000000084700000|  0%| F|  |TAMS 0x0000000084600000, 0x0000000084600000| Untracked 
|  33|0x0000000084700000, 0x0000000084700000, 0x0000000084800000|  0%| F|  |TAMS 0x0000000084700000, 0x0000000084700000| Untracked 
|  34|0x0000000084800000, 0x0000000084800000, 0x0000000084900000|  0%| F|  |TAMS 0x0000000084800000, 0x0000000084800000| Untracked 
|  35|0x0000000084900000, 0x0000000084900000, 0x0000000084a00000|  0%| F|  |TAMS 0x0000000084900000, 0x0000000084900000| Untracked 
|  36|0x0000000084a00000, 0x0000000084a00000, 0x0000000084b00000|  0%| F|  |TAMS 0x0000000084a00000, 0x0000000084a00000| Untracked 
|  37|0x0000000084b00000, 0x0000000084b00000, 0x0000000084c00000|  0%| F|  |TAMS 0x0000000084b00000, 0x0000000084b00000| Untracked 
|  38|0x0000000084c00000, 0x0000000084c00000, 0x0000000084d00000|  0%| F|  |TAMS 0x0000000084c00000, 0x0000000084c00000| Untracked 
|  39|0x0000000084d00000, 0x0000000084d00000, 0x0000000084e00000|  0%| F|  |TAMS 0x0000000084d00000, 0x0000000084d00000| Untracked 
|  40|0x0000000084e00000, 0x0000000084e00000, 0x0000000084f00000|  0%| F|  |TAMS 0x0000000084e00000, 0x0000000084e00000| Untracked 
|  41|0x0000000084f00000, 0x0000000084f00000, 0x0000000085000000|  0%| F|  |TAMS 0x0000000084f00000, 0x0000000084f00000| Untracked 
|  42|0x0000000085000000, 0x0000000085000000, 0x0000000085100000|  0%| F|  |TAMS 0x0000000085000000, 0x0000000085000000| Untracked 
|  43|0x0000000085100000, 0x0000000085100000, 0x0000000085200000|  0%| F|  |TAMS 0x0000000085100000, 0x0000000085100000| Untracked 
|  44|0x0000000085200000, 0x0000000085200000, 0x0000000085300000|  0%| F|  |TAMS 0x0000000085200000, 0x0000000085200000| Untracked 
|  45|0x0000000085300000, 0x0000000085300000, 0x0000000085400000|  0%| F|  |TAMS 0x0000000085300000, 0x0000000085300000| Untracked 
|  46|0x0000000085400000, 0x0000000085400000, 0x0000000085500000|  0%| F|  |TAMS 0x0000000085400000, 0x0000000085400000| Untracked 
|  47|0x0000000085500000, 0x0000000085500000, 0x0000000085600000|  0%| F|  |TAMS 0x0000000085500000, 0x0000000085500000| Untracked 
|  48|0x0000000085600000, 0x0000000085600000, 0x0000000085700000|  0%| F|  |TAMS 0x0000000085600000, 0x0000000085600000| Untracked 
|  49|0x0000000085700000, 0x0000000085700000, 0x0000000085800000|  0%| F|  |TAMS 0x0000000085700000, 0x0000000085700000| Untracked 
|  50|0x0000000085800000, 0x0000000085800000, 0x0000000085900000|  0%| F|  |TAMS 0x0000000085800000, 0x0000000085800000| Untracked 
|  51|0x0000000085900000, 0x0000000085900000, 0x0000000085a00000|  0%| F|  |TAMS 0x0000000085900000, 0x0000000085900000| Untracked 
|  52|0x0000000085a00000, 0x0000000085a00000, 0x0000000085b00000|  0%| F|  |TAMS 0x0000000085a00000, 0x0000000085a00000| Untracked 
|  53|0x0000000085b00000, 0x0000000085b00000, 0x0000000085c00000|  0%| F|  |TAMS 0x0000000085b00000, 0x0000000085b00000| Untracked 
|  54|0x0000000085c00000, 0x0000000085c00000, 0x0000000085d00000|  0%| F|  |TAMS 0x0000000085c00000, 0x0000000085c00000| Untracked 
|  55|0x0000000085d00000, 0x0000000085d00000, 0x0000000085e00000|  0%| F|  |TAMS 0x0000000085d00000, 0x0000000085d00000| Untracked 
|  56|0x0000000085e00000, 0x0000000085e00000, 0x0000000085f00000|  0%| F|  |TAMS 0x0000000085e00000, 0x0000000085e00000| Untracked 
|  57|0x0000000085f00000, 0x0000000085f00000, 0x0000000086000000|  0%| F|  |TAMS 0x0000000085f00000, 0x0000000085f00000| Untracked 
|  58|0x0000000086000000, 0x0000000086000000, 0x0000000086100000|  0%| F|  |TAMS 0x0000000086000000, 0x0000000086000000| Untracked 
|  59|0x0000000086100000, 0x0000000086100000, 0x0000000086200000|  0%| F|  |TAMS 0x0000000086100000, 0x0000000086100000| Untracked 
|  60|0x0000000086200000, 0x0000000086200000, 0x0000000086300000|  0%| F|  |TAMS 0x0000000086200000, 0x0000000086200000| Untracked 
|  61|0x0000000086300000, 0x0000000086300000, 0x0000000086400000|  0%| F|  |TAMS 0x0000000086300000, 0x0000000086300000| Untracked 
|  62|0x0000000086400000, 0x0000000086400000, 0x0000000086500000|  0%| F|  |TAMS 0x0000000086400000, 0x0000000086400000| Untracked 
|  63|0x0000000086500000, 0x0000000086500000, 0x0000000086600000|  0%| F|  |TAMS 0x0000000086500000, 0x0000000086500000| Untracked 
|  64|0x0000000086600000, 0x0000000086600000, 0x0000000086700000|  0%| F|  |TAMS 0x0000000086600000, 0x0000000086600000| Untracked 
|  65|0x0000000086700000, 0x0000000086700000, 0x0000000086800000|  0%| F|  |TAMS 0x0000000086700000, 0x0000000086700000| Untracked 
|  66|0x0000000086800000, 0x0000000086800000, 0x0000000086900000|  0%| F|  |TAMS 0x0000000086800000, 0x0000000086800000| Untracked 
|  67|0x0000000086900000, 0x0000000086900000, 0x0000000086a00000|  0%| F|  |TAMS 0x0000000086900000, 0x0000000086900000| Untracked 
|  68|0x0000000086a00000, 0x0000000086a00000, 0x0000000086b00000|  0%| F|  |TAMS 0x0000000086a00000, 0x0000000086a00000| Untracked 
|  69|0x0000000086b00000, 0x0000000086b00000, 0x0000000086c00000|  0%| F|  |TAMS 0x0000000086b00000, 0x0000000086b00000| Untracked 
|  70|0x0000000086c00000, 0x0000000086c00000, 0x0000000086d00000|  0%| F|  |TAMS 0x0000000086c00000, 0x0000000086c00000| Untracked 
|  71|0x0000000086d00000, 0x0000000086d00000, 0x0000000086e00000|  0%| F|  |TAMS 0x0000000086d00000, 0x0000000086d00000| Untracked 
|  72|0x0000000086e00000, 0x0000000086e00000, 0x0000000086f00000|  0%| F|  |TAMS 0x0000000086e00000, 0x0000000086e00000| Untracked 
|  73|0x0000000086f00000, 0x0000000086f00000, 0x0000000087000000|  0%| F|  |TAMS 0x0000000086f00000, 0x0000000086f00000| Untracked 
|  74|0x0000000087000000, 0x0000000087000000, 0x0000000087100000|  0%| F|  |TAMS 0x0000000087000000, 0x0000000087000000| Untracked 
|  75|0x0000000087100000, 0x0000000087100000, 0x0000000087200000|  0%| F|  |TAMS 0x0000000087100000, 0x0000000087100000| Untracked 
|  76|0x0000000087200000, 0x0000000087200000, 0x0000000087300000|  0%| F|  |TAMS 0x0000000087200000, 0x0000000087200000| Untracked 
|  77|0x0000000087300000, 0x0000000087300000, 0x0000000087400000|  0%| F|  |TAMS 0x0000000087300000, 0x0000000087300000| Untracked 
|  78|0x0000000087400000, 0x0000000087400000, 0x0000000087500000|  0%| F|  |TAMS 0x0000000087400000, 0x0000000087400000| Untracked 
|  79|0x0000000087500000, 0x0000000087500000, 0x0000000087600000|  0%| F|  |TAMS 0x0000000087500000, 0x0000000087500000| Untracked 
|  80|0x0000000087600000, 0x0000000087600000, 0x0000000087700000|  0%| F|  |TAMS 0x0000000087600000, 0x0000000087600000| Untracked 
|  81|0x0000000087700000, 0x0000000087700000, 0x0000000087800000|  0%| F|  |TAMS 0x0000000087700000, 0x0000000087700000| Untracked 
|  82|0x0000000087800000, 0x0000000087800000, 0x0000000087900000|  0%| F|  |TAMS 0x0000000087800000, 0x0000000087800000| Untracked 
|  83|0x0000000087900000, 0x0000000087900000, 0x0000000087a00000|  0%| F|  |TAMS 0x0000000087900000, 0x0000000087900000| Untracked 
|  84|0x0000000087a00000, 0x0000000087a00000, 0x0000000087b00000|  0%| F|  |TAMS 0x0000000087a00000, 0x0000000087a00000| Untracked 
|  85|0x0000000087b00000, 0x0000000087b00000, 0x0000000087c00000|  0%| F|  |TAMS 0x0000000087b00000, 0x0000000087b00000| Untracked 
|  86|0x0000000087c00000, 0x0000000087c00000, 0x0000000087d00000|  0%| F|  |TAMS 0x0000000087c00000, 0x0000000087c00000| Untracked 
|  87|0x0000000087d00000, 0x0000000087d00000, 0x0000000087e00000|  0%| F|  |TAMS 0x0000000087d00000, 0x0000000087d00000| Untracked 
|  88|0x0000000087e00000, 0x0000000087e00000, 0x0000000087f00000|  0%| F|  |TAMS 0x0000000087e00000, 0x0000000087e00000| Untracked 
|  89|0x0000000087f00000, 0x0000000087f00000, 0x0000000088000000|  0%| F|  |TAMS 0x0000000087f00000, 0x0000000087f00000| Untracked 
|  90|0x0000000088000000, 0x0000000088000000, 0x0000000088100000|  0%| F|  |TAMS 0x0000000088000000, 0x0000000088000000| Untracked 
|  91|0x0000000088100000, 0x0000000088100000, 0x0000000088200000|  0%| F|  |TAMS 0x0000000088100000, 0x0000000088100000| Untracked 
|  92|0x0000000088200000, 0x0000000088200000, 0x0000000088300000|  0%| F|  |TAMS 0x0000000088200000, 0x0000000088200000| Untracked 
|  93|0x0000000088300000, 0x0000000088300000, 0x0000000088400000|  0%| F|  |TAMS 0x0000000088300000, 0x0000000088300000| Untracked 
|  94|0x0000000088400000, 0x0000000088400000, 0x0000000088500000|  0%| F|  |TAMS 0x0000000088400000, 0x0000000088400000| Untracked 
|  95|0x0000000088500000, 0x0000000088500000, 0x0000000088600000|  0%| F|  |TAMS 0x0000000088500000, 0x0000000088500000| Untracked 
|  96|0x0000000088600000, 0x0000000088600000, 0x0000000088700000|  0%| F|  |TAMS 0x0000000088600000, 0x0000000088600000| Untracked 
|  97|0x0000000088700000, 0x0000000088700000, 0x0000000088800000|  0%| F|  |TAMS 0x0000000088700000, 0x0000000088700000| Untracked 
|  98|0x0000000088800000, 0x0000000088800000, 0x0000000088900000|  0%| F|  |TAMS 0x0000000088800000, 0x0000000088800000| Untracked 
|  99|0x0000000088900000, 0x0000000088900000, 0x0000000088a00000|  0%| F|  |TAMS 0x0000000088900000, 0x0000000088900000| Untracked 
| 100|0x0000000088a00000, 0x0000000088a00000, 0x0000000088b00000|  0%| F|  |TAMS 0x0000000088a00000, 0x0000000088a00000| Untracked 
| 101|0x0000000088b00000, 0x0000000088b00000, 0x0000000088c00000|  0%| F|  |TAMS 0x0000000088b00000, 0x0000000088b00000| Untracked 
| 102|0x0000000088c00000, 0x0000000088c00000, 0x0000000088d00000|  0%| F|  |TAMS 0x0000000088c00000, 0x0000000088c00000| Untracked 
| 103|0x0000000088d00000, 0x0000000088d00000, 0x0000000088e00000|  0%| F|  |TAMS 0x0000000088d00000, 0x0000000088d00000| Untracked 
| 104|0x0000000088e00000, 0x0000000088e00000, 0x0000000088f00000|  0%| F|  |TAMS 0x0000000088e00000, 0x0000000088e00000| Untracked 
| 105|0x0000000088f00000, 0x0000000088f00000, 0x0000000089000000|  0%| F|  |TAMS 0x0000000088f00000, 0x0000000088f00000| Untracked 
| 106|0x0000000089000000, 0x0000000089000000, 0x0000000089100000|  0%| F|  |TAMS 0x0000000089000000, 0x0000000089000000| Untracked 
| 107|0x0000000089100000, 0x0000000089100000, 0x0000000089200000|  0%| F|  |TAMS 0x0000000089100000, 0x0000000089100000| Untracked 
| 108|0x0000000089200000, 0x0000000089200000, 0x0000000089300000|  0%| F|  |TAMS 0x0000000089200000, 0x0000000089200000| Untracked 
| 109|0x0000000089300000, 0x0000000089300000, 0x0000000089400000|  0%| F|  |TAMS 0x0000000089300000, 0x0000000089300000| Untracked 
| 110|0x0000000089400000, 0x0000000089400000, 0x0000000089500000|  0%| F|  |TAMS 0x0000000089400000, 0x0000000089400000| Untracked 
| 111|0x0000000089500000, 0x0000000089500000, 0x0000000089600000|  0%| F|  |TAMS 0x0000000089500000, 0x0000000089500000| Untracked 
| 112|0x0000000089600000, 0x0000000089600000, 0x0000000089700000|  0%| F|  |TAMS 0x0000000089600000, 0x0000000089600000| Untracked 
| 113|0x0000000089700000, 0x0000000089700000, 0x0000000089800000|  0%| F|  |TAMS 0x0000000089700000, 0x0000000089700000| Untracked 
| 114|0x0000000089800000, 0x0000000089800000, 0x0000000089900000|  0%| F|  |TAMS 0x0000000089800000, 0x0000000089800000| Untracked 
| 115|0x0000000089900000, 0x0000000089900000, 0x0000000089a00000|  0%| F|  |TAMS 0x0000000089900000, 0x0000000089900000| Untracked 
| 116|0x0000000089a00000, 0x0000000089a00000, 0x0000000089b00000|  0%| F|  |TAMS 0x0000000089a00000, 0x0000000089a00000| Untracked 
| 117|0x0000000089b00000, 0x0000000089b00000, 0x0000000089c00000|  0%| F|  |TAMS 0x0000000089b00000, 0x0000000089b00000| Untracked 
| 118|0x0000000089c00000, 0x0000000089c00000, 0x0000000089d00000|  0%| F|  |TAMS 0x0000000089c00000, 0x0000000089c00000| Untracked 
| 119|0x0000000089d00000, 0x0000000089d00000, 0x0000000089e00000|  0%| F|  |TAMS 0x0000000089d00000, 0x0000000089d00000| Untracked 
| 120|0x0000000089e00000, 0x0000000089e00000, 0x0000000089f00000|  0%| F|  |TAMS 0x0000000089e00000, 0x0000000089e00000| Untracked 
| 121|0x0000000089f00000, 0x0000000089f00000, 0x000000008a000000|  0%| F|  |TAMS 0x0000000089f00000, 0x0000000089f00000| Untracked 
| 122|0x000000008a000000, 0x000000008a000000, 0x000000008a100000|  0%| F|  |TAMS 0x000000008a000000, 0x000000008a000000| Untracked 
| 123|0x000000008a100000, 0x000000008a176440, 0x000000008a200000| 46%| E|  |TAMS 0x000000008a100000, 0x000000008a100000| Complete 
| 124|0x000000008a200000, 0x000000008a300000, 0x000000008a300000|100%| E|CS|TAMS 0x000000008a200000, 0x000000008a200000| Complete 
| 125|0x000000008a300000, 0x000000008a400000, 0x000000008a400000|100%| E|CS|TAMS 0x000000008a300000, 0x000000008a300000| Complete 

Card table byte_map: [0x000001c47ec50000,0x000001c47f040000] _byte_map_base: 0x000001c47e83d000

Marking Bits (Prev, Next): (CMBitMap*) 0x000001c467d8dcf0, (CMBitMap*) 0x000001c467d8dd30
 Prev Bits: [0x000001c400000000, 0x000001c401f68000)
 Next Bits: [0x000001c401f70000, 0x000001c403ed8000)

Polling page: 0x000001c465d00000

Metaspace:

Usage:
  Non-class:      5.87 MB used.
      Class:    551.08 KB used.
       Both:      6.41 MB used.

Virtual space:
  Non-class space:        8.00 MB reserved,       5.88 MB ( 73%) committed,  1 nodes.
      Class space:        1.00 GB reserved,     640.00 KB ( <1%) committed,  1 nodes.
             Both:        1.01 GB reserved,       6.50 MB ( <1%) committed. 

Chunk freelists:
   Non-Class:  2.06 MB
       Class:  3.24 MB
        Both:  5.30 MB

MaxMetaspaceSize: unlimited
CompressedClassSpaceSize: 1.00 GB
Initial GC threshold: 21.00 MB
Current GC threshold: 21.00 MB
CDS: off
MetaspaceReclaimPolicy: balanced
 - commit_granule_bytes: 65536.
 - commit_granule_words: 8192.
 - virtual_space_node_default_size: 1048576.
 - enlarge_chunks_in_place: 1.
 - new_chunks_are_fully_committed: 0.
 - uncommit_free_chunks: 1.
 - use_allocation_guard: 0.
 - handle_deallocations: 1.


Internal statistics:

num_allocs_failed_limit: 0.
num_arena_births: 8.
num_arena_deaths: 0.
num_vsnodes_births: 2.
num_vsnodes_deaths: 0.
num_space_committed: 104.
num_space_uncommitted: 0.
num_chunks_returned_to_freelist: 0.
num_chunks_taken_from_freelist: 23.
num_chunk_merges: 0.
num_chunk_splits: 9.
num_chunks_enlarged: 6.
num_purges: 0.
num_inconsistent_stats: 0.

CodeHeap 'non-profiled nmethods': size=120000Kb used=56Kb max_used=56Kb free=119943Kb
 bounds [0x000001c476ff0000, 0x000001c477260000, 0x000001c47e520000]
CodeHeap 'profiled nmethods': size=120000Kb used=218Kb max_used=218Kb free=119781Kb
 bounds [0x000001c46fac0000, 0x000001c46fd30000, 0x000001c476ff0000]
CodeHeap 'non-nmethods': size=5760Kb used=1110Kb max_used=1125Kb free=4649Kb
 bounds [0x000001c46f520000, 0x000001c46f790000, 0x000001c46fac0000]
 total_blobs=580 nmethods=192 adapters=301
 compilation: enabled
              stopped_count=0, restarted_count=0
 full_count=0

Compilation events (20 events):
Event: 0.301 Thread 0x000001c465a3e6b0  179       3       java.lang.AbstractStringBuilder::getCoder (15 bytes)
Event: 0.301 Thread 0x000001c465a3e6b0 nmethod 179 0x000001c46faf2c10 code [0x000001c46faf2da0, 0x000001c46faf2ed8]
Event: 0.302 Thread 0x000001c465a3e6b0  180       3       java.lang.String::getBytes (46 bytes)
Event: 0.302 Thread 0x000001c465a3e6b0 nmethod 180 0x000001c46faf2f90 code [0x000001c46faf3160, 0x000001c46faf3478]
Event: 0.302 Thread 0x000001c465a40000  181       4       java.lang.StringLatin1::equals (36 bytes)
Event: 0.303 Thread 0x000001c465a3e6b0  182       3       java.lang.invoke.MemberName::isInvocable (8 bytes)
Event: 0.303 Thread 0x000001c465a3e6b0 nmethod 182 0x000001c46faf3590 code [0x000001c46faf3740, 0x000001c46faf39d8]
Event: 0.303 Thread 0x000001c465a3e6b0  183       3       java.lang.invoke.MemberName::testAnyFlags (15 bytes)
Event: 0.303 Thread 0x000001c465a3e6b0 nmethod 183 0x000001c46faf3b10 code [0x000001c46faf3cc0, 0x000001c46faf3ef8]
Event: 0.303 Thread 0x000001c465a3e6b0  184       3       java.util.zip.ZipUtils::LG (22 bytes)
Event: 0.303 Thread 0x000001c465a3e6b0 nmethod 184 0x000001c46faf3f90 code [0x000001c46faf4140, 0x000001c46faf43b8]
Event: 0.304 Thread 0x000001c465a3e6b0  185       3       java.lang.StringBuilder::append (8 bytes)
Event: 0.304 Thread 0x000001c465a3e6b0 nmethod 185 0x000001c46faf4510 code [0x000001c46faf46a0, 0x000001c46faf47e8]
Event: 0.304 Thread 0x000001c465a3e6b0  186       3       java.lang.AbstractStringBuilder::append (45 bytes)
Event: 0.304 Thread 0x000001c465a3e6b0 nmethod 186 0x000001c46faf4890 code [0x000001c46faf4a60, 0x000001c46faf4da8]
Event: 0.304 Thread 0x000001c465a3e6b0  187       3       java.lang.invoke.MethodType::parameterType (7 bytes)
Event: 0.305 Thread 0x000001c465a3e6b0 nmethod 187 0x000001c46faf4f10 code [0x000001c46faf50a0, 0x000001c46faf51d8]
Event: 0.305 Thread 0x000001c465a3e6b0  188       3       java.lang.invoke.MethodType::parameterCount (6 bytes)
Event: 0.305 Thread 0x000001c465a3e6b0 nmethod 188 0x000001c46faf5290 code [0x000001c46faf5420, 0x000001c46faf5538]
Event: 0.305 Thread 0x000001c465a3e6b0  190       3       jdk.internal.org.objectweb.asm.SymbolTable::addConstantUtf8 (98 bytes)

GC Heap History (0 events):
No events

Deoptimization events (4 events):
Event: 0.295 Thread 0x000001c467d4d530 Uncommon trap: trap_request=0xffffff45 fr.pc=0x000001c476ffd1f8 relative=0x0000000000000078
Event: 0.295 Thread 0x000001c467d4d530 Uncommon trap: reason=unstable_if action=reinterpret pc=0x000001c476ffd1f8 method=java.lang.String.isLatin1()Z @ 10 c2
Event: 0.295 Thread 0x000001c467d4d530 DEOPT PACKING pc=0x000001c476ffd1f8 sp=0x000000774fcff0d0
Event: 0.295 Thread 0x000001c467d4d530 DEOPT UNPACKING pc=0x000001c46f5723a3 sp=0x000000774fcff010 mode 2

Classes unloaded (0 events):
No events

Classes redefined (0 events):
No events

Internal exceptions (1 events):
Event: 0.305 Thread 0x000001c406b81aa0 Exception <a 'java/lang/NoSuchMethodError'{0x000000008a2f07b8}: 'java.lang.Object java.lang.invoke.DirectMethodHandle$Holder.invokeStaticInit(java.lang.Object)'> (0x000000008a2f07b8) 
thrown [t:\workspace\open\src\hotspot\share\interpreter\linkResolver.cpp, line 766]

VM Operations (4 events):
Event: 0.191 Executing VM operation: HandshakeAllThreads
Event: 0.191 Executing VM operation: HandshakeAllThreads done
Event: 0.302 Executing VM operation: HandshakeAllThreads
Event: 0.302 Executing VM operation: HandshakeAllThreads done

Events (20 events):
Event: 0.303 loading class java/net/InetAddress$NameService done
Event: 0.303 loading class java/net/InetAddress$PlatformNameService done
Event: 0.303 loading class java/net/Inet4Address
Event: 0.303 loading class java/io/FilenameFilter
Event: 0.303 loading class java/io/FilenameFilter done
Event: 0.304 loading class java/net/Inet4Address done
Event: 0.304 loading class java/net/InetSocketAddress$InetSocketAddressHolder
Event: 0.304 loading class java/net/InetSocketAddress$InetSocketAddressHolder done
Event: 0.304 loading class java/net/SocketImpl
Event: 0.304 loading class java/net/SocketOptions
Event: 0.304 loading class java/net/SocketOptions done
Event: 0.304 loading class java/net/SocketImpl done
Event: 0.304 loading class java/io/BufferedReader
Event: 0.304 loading class java/io/BufferedReader done
Event: 0.305 loading class sun/nio/cs/StreamDecoder
Event: 0.305 loading class sun/nio/cs/StreamDecoder done
Event: 0.305 loading class java/lang/NoSuchMethodError
Event: 0.305 loading class java/lang/IncompatibleClassChangeError
Event: 0.305 loading class java/lang/IncompatibleClassChangeError done
Event: 0.305 loading class java/lang/NoSuchMethodError done


Dynamic libraries:
0x00007ff635c20000 - 0x00007ff635c30000 	C:\Program Files\Java\jdk-17\bin\java.exe
0x00007ffe25450000 - 0x00007ffe25648000 	C:\Windows\SYSTEM32\ntdll.dll
0x00007ffe24a20000 - 0x00007ffe24add000 	C:\Windows\System32\KERNEL32.DLL
0x00007ffe22b70000 - 0x00007ffe22e3e000 	C:\Windows\System32\KERNELBASE.dll
0x00007ffe23220000 - 0x00007ffe23320000 	C:\Windows\System32\ucrtbase.dll
0x00007ffe1b180000 - 0x00007ffe1b198000 	C:\Program Files\Java\jdk-17\bin\jli.dll
0x00007ffe24450000 - 0x00007ffe244fe000 	C:\Windows\System32\ADVAPI32.dll
0x00007ffe24f00000 - 0x00007ffe24f9e000 	C:\Windows\System32\msvcrt.dll
0x00007ffe242f0000 - 0x00007ffe2438c000 	C:\Windows\System32\sechost.dll
0x00007ffe24b80000 - 0x00007ffe24ca5000 	C:\Windows\System32\RPCRT4.dll
0x00007ffe25010000 - 0x00007ffe251b0000 	C:\Windows\System32\USER32.dll
0x00007ffe22fc0000 - 0x00007ffe22fe2000 	C:\Windows\System32\win32u.dll
0x00007ffe25380000 - 0x00007ffe253aa000 	C:\Windows\System32\GDI32.dll
0x00007ffe22eb0000 - 0x00007ffe22fbb000 	C:\Windows\System32\gdi32full.dll
0x00007ffe23180000 - 0x00007ffe2321d000 	C:\Windows\System32\msvcp_win.dll
0x00007ffe1a950000 - 0x00007ffe1a96a000 	C:\Program Files\Java\jdk-17\bin\VCRUNTIME140.dll
0x00007ffe11db0000 - 0x00007ffe1204a000 	C:\Windows\WinSxS\amd64_microsoft.windows.common-controls_6595b64144ccf1df_6.0.19041.1110_none_60b5254171f9507e\COMCTL32.dll
0x00007ffe1b170000 - 0x00007ffe1b17a000 	C:\Windows\SYSTEM32\VERSION.dll
0x00007ffe23b70000 - 0x00007ffe23ba0000 	C:\Windows\System32\IMM32.DLL
0x00007ffdfa7d0000 - 0x00007ffdfa928000 	C:\Program Files (x86)\Citrix\ICA Client\epclient64.dll
0x00007ffe23150000 - 0x00007ffe23177000 	C:\Windows\System32\bcrypt.dll
0x00007ffe235f0000 - 0x00007ffe23944000 	C:\Windows\System32\combase.dll
0x00007ffe21830000 - 0x00007ffe21863000 	C:\Windows\SYSTEM32\ntmarta.dll
0x00007ffe213b0000 - 0x00007ffe213c2000 	C:\Windows\SYSTEM32\kernel.appcore.dll
0x00007ffe23420000 - 0x00007ffe234a2000 	C:\Windows\System32\bcryptprimitives.dll
0x00007ffe1c770000 - 0x00007ffe1c77c000 	C:\Program Files\Java\jdk-17\bin\vcruntime140_1.dll
0x00007ffe0c850000 - 0x00007ffe0c8dd000 	C:\Program Files\Java\jdk-17\bin\msvcp140.dll
0x00007ffdd6a90000 - 0x00007ffdd764e000 	C:\Program Files\Java\jdk-17\bin\server\jvm.dll
0x00007ffe24440000 - 0x00007ffe24448000 	C:\Windows\System32\PSAPI.DLL
0x00007ffe1d320000 - 0x00007ffe1d329000 	C:\Windows\SYSTEM32\WSOCK32.dll
0x00007ffe24fa0000 - 0x00007ffe2500b000 	C:\Windows\System32\WS2_32.dll
0x00007ffdfd890000 - 0x00007ffdfd8b7000 	C:\Windows\SYSTEM32\WINMM.dll
0x00007ffe1c6b0000 - 0x00007ffe1c6ba000 	C:\Program Files\Java\jdk-17\bin\jimage.dll
0x00007ffe20920000 - 0x00007ffe20b04000 	C:\Windows\SYSTEM32\DBGHELP.DLL
0x00007ffe0d640000 - 0x00007ffe0d66c000 	C:\Windows\SYSTEM32\dbgcore.DLL
0x00007ffe1a5d0000 - 0x00007ffe1a5de000 	C:\Program Files\Java\jdk-17\bin\instrument.dll
0x00007ffe1a4a0000 - 0x00007ffe1a4c5000 	C:\Program Files\Java\jdk-17\bin\java.dll
0x00007ffdfbab0000 - 0x00007ffdfbb86000 	C:\Program Files\Java\jdk-17\bin\svml.dll
0x000001c406c00000 - 0x000001c407343000 	C:\Windows\System32\SHELL32.dll
0x00007ffe20c00000 - 0x00007ffe21395000 	C:\Windows\SYSTEM32\windows.storage.dll
0x00007ffe225d0000 - 0x00007ffe22600000 	C:\Windows\SYSTEM32\Wldp.dll
0x00007ffe24500000 - 0x00007ffe245ad000 	C:\Windows\System32\SHCORE.dll
0x00007ffe24dd0000 - 0x00007ffe24e25000 	C:\Windows\System32\shlwapi.dll
0x00007ffe22ab0000 - 0x00007ffe22acf000 	C:\Windows\SYSTEM32\profapi.dll
0x00007ffe10470000 - 0x00007ffe10488000 	C:\Program Files\Java\jdk-17\bin\zip.dll
0x00007ffe11bc0000 - 0x00007ffe11bd9000 	C:\Program Files\Java\jdk-17\bin\net.dll
0x00007ffe17010000 - 0x00007ffe1711a000 	C:\Windows\SYSTEM32\WINHTTP.dll
0x00007ffe222e0000 - 0x00007ffe2234a000 	C:\Windows\system32\mswsock.dll
0x00007ffe10d20000 - 0x00007ffe10d35000 	C:\Program Files\Java\jdk-17\bin\nio.dll
0x00007ffe10450000 - 0x00007ffe1046a000 	C:\Program Files\JetBrains\IntelliJ IDEA Educational Edition 2021.3.3\bin\breakgen64.dll

dbghelp: loaded successfully - version: 4.0.5 - missing functions: none
symbol engine: initialized successfully - sym options: 0x614 - pdb path: .;C:\Program Files\Java\jdk-17\bin;C:\Windows\SYSTEM32;C:\Windows\WinSxS\amd64_microsoft.windows.common-controls_6595b64144ccf1df_6.0.19041.1110_none_60b5254171f9507e;C:\Program Files (x86)\Citrix\ICA Client;C:\Program Files\Java\jdk-17\bin\server;C:\Program Files\JetBrains\IntelliJ IDEA Educational Edition 2021.3.3\bin

VM Arguments:
jvm_args: -Dmaven.multiModuleProjectDirectory=C:\Users\hp\Documents\project\Online-banking-angular-springboot-mysql-master\Online-banking-angular-springboot-mysql-master -Dmaven.home=C:\Users\hp\.m2\wrapper\dists\apache-maven-3.5.3-bin\2c22a6s60afpuloj4v181qvild\apache-maven-3.5.3 -Dclassworlds.conf=C:\Users\hp\.m2\wrapper\dists\apache-maven-3.5.3-bin\2c22a6s60afpuloj4v181qvild\apache-maven-3.5.3\bin\m2.conf -Dmaven.ext.class.path=C:\Program Files\JetBrains\IntelliJ IDEA Educational Edition 2021.3.3\plugins\maven\lib\maven-event-listener.jar -javaagent:C:\Program Files\JetBrains\IntelliJ IDEA Educational Edition 2021.3.3\lib\idea_rt.jar=58231:C:\Program Files\JetBrains\IntelliJ IDEA Educational Edition 2021.3.3\bin -Dfile.encoding=UTF-8 
java_command: org.codehaus.classworlds.Launcher -Didea.version=2021.3.3 compile
java_class_path (initial): C:\Users\hp\.m2\wrapper\dists\apache-maven-3.5.3-bin\2c22a6s60afpuloj4v181qvild\apache-maven-3.5.3\boot\plexus-classworlds-2.5.2.jar
Launcher Type: SUN_STANDARD

[Global flags]
     intx CICompilerCount                          = 4                                         {product} {ergonomic}
     uint ConcGCThreads                            = 2                                         {product} {ergonomic}
     uint G1ConcRefinementThreads                  = 8                                         {product} {ergonomic}
   size_t G1HeapRegionSize                         = 1048576                                   {product} {ergonomic}
    uintx GCDrainStackTargetSize                   = 64                                        {product} {ergonomic}
   size_t InitialHeapSize                          = 132120576                                 {product} {ergonomic}
   size_t MarkStackSize                            = 4194304                                   {product} {ergonomic}
   size_t MaxHeapSize                              = 2107637760                                {product} {ergonomic}
   size_t MaxNewSize                               = 1264582656                                {product} {ergonomic}
   size_t MinHeapDeltaBytes                        = 1048576                                   {product} {ergonomic}
   size_t MinHeapSize                              = 8388608                                   {product} {ergonomic}
    uintx NonNMethodCodeHeapSize                   = 5839372                                {pd product} {ergonomic}
    uintx NonProfiledCodeHeapSize                  = 122909434                              {pd product} {ergonomic}
    uintx ProfiledCodeHeapSize                     = 122909434                              {pd product} {ergonomic}
    uintx ReservedCodeCacheSize                    = 251658240                              {pd product} {ergonomic}
     bool SegmentedCodeCache                       = true                                      {product} {ergonomic}
   size_t SoftMaxHeapSize                          = 2107637760                             {manageable} {ergonomic}
     bool UseCompressedClassPointers               = true                           {product lp64_product} {ergonomic}
     bool UseCompressedOops                        = true                           {product lp64_product} {ergonomic}
     bool UseG1GC                                  = true                                      {product} {ergonomic}
     bool UseLargePagesIndividualAllocation        = false                                  {pd product} {ergonomic}

Logging:
Log output configuration:
 #0: stdout all=warning uptime,level,tags
 #1: stderr all=off uptime,level,tags

Environment Variables:
JAVA_HOME=C:\Program Files\Java\jdk-17
PATH=C:\Program Files (x86)\Common Files\Oracle\Java\javapath;C:\Python310\Scripts\;C:\Python310\;C:\Program Files\Common Files\Oracle\Java\javapath;C:\Windows\system32;C:\Windows;C:\Windows\System32\Wbem;C:\Windows\System32\WindowsPowerShell\v1.0\;C:\Windows\System32\OpenSSH\;C:\Program Files\Java\jdk-17\bin;C:\Program Files\Maven\apache-maven-3.8.6\bin;C:\Program Files (x86)\Microsoft SQL Server\150\DTS\Binn\;C:\Program Files\Azure Data Studio\bin;C:\Program Files\Git\cmd;C:\Program Files\Microsoft SQL Server\Client SDK\ODBC\170\Tools\Binn\;C:\Program Files (x86)\Microsoft SQL Server\150\Tools\Binn\;C:\Program Files\Microsoft SQL Server\150\Tools\Binn\;C:\Program Files\Microsoft SQL Server\150\DTS\Binn\;C:\Program Files\nodejs\;C:\ProgramData\chocolatey\bin;C:\Program Files\PuTTY\;C:\Program Files\Docker\Docker\resources\bin;C:\ProgramData\DockerDesktop\version-bin;C:\Program Files\MySQL\MySQL Shell 8.0\bin\;C:\Users\hp\AppData\Local\Microsoft\WindowsApps;;C:\Program Files\JetBrains\IntelliJ IDEA Educational Edition 2021.3.3\bin;;C:\Program Files\Azure Data Studio\bin;C:\Users\hp\AppData\Local\Programs\Microsoft VS Code\bin;C:\Users\hp\AppData\Roaming\npm
USERNAME=hp
OS=Windows_NT
PROCESSOR_IDENTIFIER=Intel64 Family 6 Model 158 Stepping 10, GenuineIntel



---------------  S Y S T E M  ---------------

OS:
 Windows 10 , 64 bit Build 19041 (10.0.19041.1889)
OS uptime: 45 days 15:53 hours
Hyper-V role detected

CPU: total 8 (initial active 8) (4 cores per cpu, 2 threads per core) family 6 model 158 stepping 10 microcode 0xd6, cx8, cmov, fxsr, ht, mmx, 3dnowpref, sse, sse2, sse3, ssse3, sse4.1, sse4.2, popcnt, lzcnt, tsc, tscinvbit, avx, avx2, aes, erms, clmul, bmi1, bmi2, adx, fma, vzeroupper, clflush, clflushopt, hv

Memory: 4k page, system-wide physical 8033M (456M free)
TotalPageFile size 22745M (AvailPageFile size 0M)
current process WorkingSet (physical memory assigned to process): 34M, peak: 34M
current process commit charge ("private bytes"): 206M, peak: 206M

vm_info: Java HotSpot(TM) 64-Bit Server VM (17+35-LTS-2724) for windows-amd64 JRE (17+35-LTS-2724), built on Aug  5 2021 23:28:28 by "mach5one" with MS VC++ 16.8 (VS2019)

END.
