#
# There is insufficient memory for the Java Runtime Environment to continue.
# Native memory allocation (mmap) failed to map 132120576 bytes for G1 virtual space
# Possible reasons:
#   The system is out of physical RAM or swap space
#   The process is running with CompressedOops enabled, and the Java Heap may be blocking the growth of the native heap
# Possible solutions:
#   Reduce memory load on the system
#   Increase physical memory or swap space
#   Check if swap backing store is full
#   Decrease Java heap size (-Xmx/-Xms)
#   Decrease number of Java threads
#   Decrease Java thread stack sizes (-Xss)
#   Set larger code cache with -XX:ReservedCodeCacheSize=
#   JVM is running with Unscaled Compressed Oops mode in which the Java heap is
#     placed in the first 4GB address space. The Java Heap base address is the
#     maximum limit for the native heap growth. Please use -XX:HeapBaseMinAddress
#     to set the Java Heap base and to place the Java Heap above 4GB virtual address.
# This output file may be truncated or incomplete.
#
#  Out of Memory Error (os_windows.cpp:3469), pid=11592, tid=10744
#
# JRE version:  (17.0+35) (build )
# Java VM: Java HotSpot(TM) 64-Bit Server VM (17+35-LTS-2724, mixed mode, sharing, tiered, compressed oops, compressed class ptrs, g1 gc, windows-amd64)
# No core dump will be written. Minidumps are not enabled by default on client versions of Windows
#

---------------  S U M M A R Y ------------

Command Line: C:\Users\hp\AppData\Local\Temp\surefire13695017783139712630\surefirebooter233924376507544841.jar C:\Users\hp\AppData\Local\Temp\surefire13695017783139712630 2022-11-16T01-00-41_796-jvmRun1 surefire8942897541794067264tmp surefire_09167186693869757506tmp

Host: Intel(R) Core(TM) i5-9300H CPU @ 2.40GHz, 8 cores, 7G,  Windows 10 , 64 bit Build 19041 (10.0.19041.1889)
Time: Wed Nov 16 01:00:42 2022 India Standard Time elapsed time: 0.017915 seconds (0d 0h 0m 0s)

---------------  T H R E A D  ---------------

Current thread (0x00000271f547bc60):  JavaThread "Unknown thread" [_thread_in_vm, id=10744, stack(0x000000e0c4000000,0x000000e0c4100000)]

Stack: [0x000000e0c4000000,0x000000e0c4100000]
Native frames: (J=compiled Java code, j=interpreted, Vv=VM code, C=native code)
V  [jvm.dll+0x66f8ea]
V  [jvm.dll+0x7ce224]
V  [jvm.dll+0x7cf9ce]
V  [jvm.dll+0x7d0033]
V  [jvm.dll+0x242bb5]
V  [jvm.dll+0x66c909]
V  [jvm.dll+0x6613d2]
V  [jvm.dll+0x30082b]
V  [jvm.dll+0x307db6]
V  [jvm.dll+0x357a0e]
V  [jvm.dll+0x357c3f]
V  [jvm.dll+0x2d7ae8]
V  [jvm.dll+0x2d8a54]
V  [jvm.dll+0x7a00a1]
V  [jvm.dll+0x365781]
V  [jvm.dll+0x77f59c]
V  [jvm.dll+0x3e805f]
V  [jvm.dll+0x3e9b01]
C  [jli.dll+0x527b]
C  [ucrtbase.dll+0x21bb2]
C  [KERNEL32.DLL+0x17034]
C  [ntdll.dll+0x526a1]


---------------  P R O C E S S  ---------------

Threads class SMR info:
_java_thread_list=0x00007ffd903e7818, length=0, elements={
}

Java Threads: ( => current thread )

Other Threads:
  0x00000271f54bc1e0 GCTaskThread "GC Thread#0" [stack: 0x000000e0c4100000,0x000000e0c4200000] [id=1424]
  0x00000271f54cdbe0 ConcurrentGCThread "G1 Main Marker" [stack: 0x000000e0c4200000,0x000000e0c4300000] [id=16636]
  0x00000271f54cef10 ConcurrentGCThread "G1 Conc#0" [stack: 0x000000e0c4300000,0x000000e0c4400000] [id=11496]

[error occurred during error reporting (printing all threads), id 0xc0000005, EXCEPTION_ACCESS_VIOLATION (0xc0000005) at pc=0x00007ffd8fc384c7]

VM state: not at safepoint (not fully initialized)

VM Mutex/Monitor currently owned by a thread:  ([mutex/lock_event])
[0x00000271f5477f70] Heap_lock - owner thread: 0x00000271f547bc60

Heap address: 0x0000000082600000, size: 2010 MB, Compressed Oops mode: 32-bit

CDS archive(s) mapped at: [0x0000000000000000-0x0000000000000000-0x0000000000000000), size 0, SharedBaseAddress: 0x0000000800000000, ArchiveRelocationMode: 0.
Narrow klass base: 0x0000000000000000, Narrow klass shift: 0, Narrow klass range: 0x0

GC Precious Log:
<Empty>

Heap:
 garbage-first heap   total 0K, used 0K [0x0000000082600000, 0x0000000100000000)
  region size 1024K, 0 young (0K), 0 survivors (0K)

[error occurred during error reporting (printing heap information), id 0xc0000005, EXCEPTION_ACCESS_VIOLATION (0xc0000005) at pc=0x00007ffd90018c59]

GC Heap History (0 events):
No events

Deoptimization events (0 events):
No events

Classes unloaded (0 events):
No events

Classes redefined (0 events):
No events

Internal exceptions (0 events):
No events

VM Operations (0 events):
No events

Events (1 events):
Event: 0.011 Loaded shared library C:\Program Files\Java\jdk-17\bin\java.dll


Dynamic libraries:
0x00007ff635c20000 - 0x00007ff635c30000 	C:\Program Files\Java\jdk-17\bin\java.exe
0x00007ffe25450000 - 0x00007ffe25648000 	C:\Windows\SYSTEM32\ntdll.dll
0x00007ffe24a20000 - 0x00007ffe24add000 	C:\Windows\System32\KERNEL32.DLL
0x00007ffe22b70000 - 0x00007ffe22e3e000 	C:\Windows\System32\KERNELBASE.dll
0x00007ffe23220000 - 0x00007ffe23320000 	C:\Windows\System32\ucrtbase.dll
0x00007ffe1c590000 - 0x00007ffe1c5a8000 	C:\Program Files\Java\jdk-17\bin\jli.dll
0x00007ffe24450000 - 0x00007ffe244fe000 	C:\Windows\System32\ADVAPI32.dll
0x00007ffe24f00000 - 0x00007ffe24f9e000 	C:\Windows\System32\msvcrt.dll
0x00007ffe242f0000 - 0x00007ffe2438c000 	C:\Windows\System32\sechost.dll
0x00007ffe24b80000 - 0x00007ffe24ca5000 	C:\Windows\System32\RPCRT4.dll
0x00007ffe25010000 - 0x00007ffe251b0000 	C:\Windows\System32\USER32.dll
0x00007ffe22fc0000 - 0x00007ffe22fe2000 	C:\Windows\System32\win32u.dll
0x00007ffe25380000 - 0x00007ffe253aa000 	C:\Windows\System32\GDI32.dll
0x00007ffe22eb0000 - 0x00007ffe22fbb000 	C:\Windows\System32\gdi32full.dll
0x00007ffe23180000 - 0x00007ffe2321d000 	C:\Windows\System32\msvcp_win.dll
0x00007ffe1c0f0000 - 0x00007ffe1c10a000 	C:\Program Files\Java\jdk-17\bin\VCRUNTIME140.dll
0x00007ffe11db0000 - 0x00007ffe1204a000 	C:\Windows\WinSxS\amd64_microsoft.windows.common-controls_6595b64144ccf1df_6.0.19041.1110_none_60b5254171f9507e\COMCTL32.dll
0x00007ffe1b170000 - 0x00007ffe1b17a000 	C:\Windows\SYSTEM32\VERSION.dll
0x00007ffe23b70000 - 0x00007ffe23ba0000 	C:\Windows\System32\IMM32.DLL
0x00007ffdfa7d0000 - 0x00007ffdfa928000 	C:\Program Files (x86)\Citrix\ICA Client\epclient64.dll
0x00007ffe23150000 - 0x00007ffe23177000 	C:\Windows\System32\bcrypt.dll
0x00007ffe235f0000 - 0x00007ffe23944000 	C:\Windows\System32\combase.dll
0x00007ffe21830000 - 0x00007ffe21863000 	C:\Windows\SYSTEM32\ntmarta.dll
0x00007ffe213b0000 - 0x00007ffe213c2000 	C:\Windows\SYSTEM32\kernel.appcore.dll
0x00007ffe23420000 - 0x00007ffe234a2000 	C:\Windows\System32\bcryptprimitives.dll
0x00007ffe1d4b0000 - 0x00007ffe1d4bc000 	C:\Program Files\Java\jdk-17\bin\vcruntime140_1.dll
0x00007ffe122d0000 - 0x00007ffe1235d000 	C:\Program Files\Java\jdk-17\bin\msvcp140.dll
0x00007ffd8f950000 - 0x00007ffd9050e000 	C:\Program Files\Java\jdk-17\bin\server\jvm.dll
0x00007ffe24440000 - 0x00007ffe24448000 	C:\Windows\System32\PSAPI.DLL
0x00007ffe1d320000 - 0x00007ffe1d329000 	C:\Windows\SYSTEM32\WSOCK32.dll
0x00007ffe24fa0000 - 0x00007ffe2500b000 	C:\Windows\System32\WS2_32.dll
0x00007ffdfd890000 - 0x00007ffdfd8b7000 	C:\Windows\SYSTEM32\WINMM.dll
0x00007ffe1cf80000 - 0x00007ffe1cf8a000 	C:\Program Files\Java\jdk-17\bin\jimage.dll
0x00007ffe20920000 - 0x00007ffe20b04000 	C:\Windows\SYSTEM32\DBGHELP.DLL
0x00007ffe0d640000 - 0x00007ffe0d66c000 	C:\Windows\SYSTEM32\dbgcore.DLL
0x00007ffe1bd80000 - 0x00007ffe1bda5000 	C:\Program Files\Java\jdk-17\bin\java.dll

dbghelp: loaded successfully - version: 4.0.5 - missing functions: none
symbol engine: initialized successfully - sym options: 0x614 - pdb path: .;C:\Program Files\Java\jdk-17\bin;C:\Windows\SYSTEM32;C:\Windows\WinSxS\amd64_microsoft.windows.common-controls_6595b64144ccf1df_6.0.19041.1110_none_60b5254171f9507e;C:\Program Files (x86)\Citrix\ICA Client;C:\Program Files\Java\jdk-17\bin\server

VM Arguments:
java_command: C:\Users\hp\AppData\Local\Temp\surefire13695017783139712630\surefirebooter233924376507544841.jar C:\Users\hp\AppData\Local\Temp\surefire13695017783139712630 2022-11-16T01-00-41_796-jvmRun1 surefire8942897541794067264tmp surefire_09167186693869757506tmp
java_class_path (initial): C:\Users\hp\AppData\Local\Temp\surefire13695017783139712630\surefirebooter233924376507544841.jar
Launcher Type: SUN_STANDARD

[Global flags]
     intx CICompilerCount                          = 4                                         {product} {ergonomic}
     uint ConcGCThreads                            = 2                                         {product} {ergonomic}
     uint G1ConcRefinementThreads                  = 8                                         {product} {ergonomic}
   size_t G1HeapRegionSize                         = 1048576                                   {product} {ergonomic}
    uintx GCDrainStackTargetSize                   = 64                                        {product} {ergonomic}
   size_t InitialHeapSize                          = 132120576                                 {product} {ergonomic}
   size_t MarkStackSize                            = 4194304                                   {product} {ergonomic}
   size_t MaxHeapSize                              = 2107637760                                {product} {ergonomic}
   size_t MinHeapDeltaBytes                        = 1048576                                   {product} {ergonomic}
   size_t MinHeapSize                              = 8388608                                   {product} {ergonomic}
    uintx NonNMethodCodeHeapSize                   = 5839372                                {pd product} {ergonomic}
    uintx NonProfiledCodeHeapSize                  = 122909434                              {pd product} {ergonomic}
    uintx ProfiledCodeHeapSize                     = 122909434                              {pd product} {ergonomic}
    uintx ReservedCodeCacheSize                    = 251658240                              {pd product} {ergonomic}
     bool SegmentedCodeCache                       = true                                      {product} {ergonomic}
   size_t SoftMaxHeapSize                          = 2107637760                             {manageable} {ergonomic}
     bool UseCompressedClassPointers               = true                           {product lp64_product} {ergonomic}
     bool UseCompressedOops                        = true                           {product lp64_product} {ergonomic}
     bool UseG1GC                                  = true                                      {product} {ergonomic}
     bool UseLargePagesIndividualAllocation        = false                                  {pd product} {ergonomic}

Logging:
Log output configuration:
 #0: stdout all=warning uptime,level,tags
 #1: stderr all=off uptime,level,tags

Environment Variables:
JAVA_HOME=C:\Program Files\Java\jdk-17
PATH=C:\Program Files (x86)\Common Files\Oracle\Java\javapath;C:\Python310\Scripts\;C:\Python310\;C:\Program Files\Common Files\Oracle\Java\javapath;C:\Windows\system32;C:\Windows;C:\Windows\System32\Wbem;C:\Windows\System32\WindowsPowerShell\v1.0\;C:\Windows\System32\OpenSSH\;C:\Program Files\Java\jdk-17\bin;C:\Program Files\Maven\apache-maven-3.8.6\bin;C:\Program Files (x86)\Microsoft SQL Server\150\DTS\Binn\;C:\Program Files\Azure Data Studio\bin;C:\Program Files\Git\cmd;C:\Program Files\Microsoft SQL Server\Client SDK\ODBC\170\Tools\Binn\;C:\Program Files (x86)\Microsoft SQL Server\150\Tools\Binn\;C:\Program Files\Microsoft SQL Server\150\Tools\Binn\;C:\Program Files\Microsoft SQL Server\150\DTS\Binn\;C:\Program Files\nodejs\;C:\ProgramData\chocolatey\bin;C:\Program Files\PuTTY\;C:\Program Files\Docker\Docker\resources\bin;C:\ProgramData\DockerDesktop\version-bin;C:\Program Files\MySQL\MySQL Shell 8.0\bin\;C:\Users\hp\AppData\Local\Microsoft\WindowsApps;;C:\Program Files\JetBrains\IntelliJ IDEA Educational Edition 2021.3.3\bin;;C:\Program Files\Azure Data Studio\bin;C:\Users\hp\AppData\Local\Programs\Microsoft VS Code\bin;C:\Users\hp\AppData\Roaming\npm
USERNAME=hp
OS=Windows_NT
PROCESSOR_IDENTIFIER=Intel64 Family 6 Model 158 Stepping 10, GenuineIntel



---------------  S Y S T E M  ---------------

OS:
 Windows 10 , 64 bit Build 19041 (10.0.19041.1889)
OS uptime: 44 days 23:56 hours
Hyper-V role detected

CPU: total 8 (initial active 8) (4 cores per cpu, 2 threads per core) family 6 model 158 stepping 10 microcode 0xd6, cx8, cmov, fxsr, ht, mmx, 3dnowpref, sse, sse2, sse3, ssse3, sse4.1, sse4.2, popcnt, lzcnt, tsc, tscinvbit, avx, avx2, aes, erms, clmul, bmi1, bmi2, adx, fma, vzeroupper, clflush, clflushopt, hv

Memory: 4k page, system-wide physical 8033M (374M free)
TotalPageFile size 22745M (AvailPageFile size 71M)
current process WorkingSet (physical memory assigned to process): 12M, peak: 12M
current process commit charge ("private bytes"): 61M, peak: 187M

vm_info: Java HotSpot(TM) 64-Bit Server VM (17+35-LTS-2724) for windows-amd64 JRE (17+35-LTS-2724), built on Aug  5 2021 23:28:28 by "mach5one" with MS VC++ 16.8 (VS2019)

END.
