#
# There is insufficient memory for the Java Runtime Environment to continue.
# Native memory allocation (mmap) failed to map 65536 bytes for Failed to commit metaspace.
# Possible reasons:
#   The system is out of physical RAM or swap space
#   The process is running with CompressedOops enabled, and the Java Heap may be blocking the growth of the native heap
# Possible solutions:
#   Reduce memory load on the system
#   Increase physical memory or swap space
#   Check if swap backing store is full
#   Decrease Java heap size (-Xmx/-Xms)
#   Decrease number of Java threads
#   Decrease Java thread stack sizes (-Xss)
#   Set larger code cache with -XX:ReservedCodeCacheSize=
#   JVM is running with Unscaled Compressed Oops mode in which the Java heap is
#     placed in the first 4GB address space. The Java Heap base address is the
#     maximum limit for the native heap growth. Please use -XX:HeapBaseMinAddress
#     to set the Java Heap base and to place the Java Heap above 4GB virtual address.
# This output file may be truncated or incomplete.
#
#  Out of Memory Error (virtualSpaceNode.cpp:110), pid=16708, tid=15772
#
# JRE version: Java(TM) SE Runtime Environment (17.0+35) (build 17+35-LTS-2724)
# Java VM: Java HotSpot(TM) 64-Bit Server VM (17+35-LTS-2724, mixed mode, sharing, tiered, compressed oops, compressed class ptrs, g1 gc, windows-amd64)
# No core dump will be written. Minidumps are not enabled by default on client versions of Windows
#

---------------  S U M M A R Y ------------

Command Line: -Dmaven.multiModuleProjectDirectory=C:\Users\hp\Documents\project\Online-banking-angular-springboot-mysql-master\Online-banking-angular-springboot-mysql-master -Dmaven.home=C:\Users\hp\.m2\wrapper\dists\apache-maven-3.5.3-bin\2c22a6s60afpuloj4v181qvild\apache-maven-3.5.3 -Dclassworlds.conf=C:\Users\hp\.m2\wrapper\dists\apache-maven-3.5.3-bin\2c22a6s60afpuloj4v181qvild\apache-maven-3.5.3\bin\m2.conf -Dmaven.ext.class.path=C:\Program Files\JetBrains\IntelliJ IDEA Educational Edition 2021.3.3\plugins\maven\lib\maven-event-listener.jar -javaagent:C:\Program Files\JetBrains\IntelliJ IDEA Educational Edition 2021.3.3\lib\idea_rt.jar=58236:C:\Program Files\JetBrains\IntelliJ IDEA Educational Edition 2021.3.3\bin -Dfile.encoding=UTF-8 org.codehaus.classworlds.Launcher -Didea.version=2021.3.3 clean

Host: Intel(R) Core(TM) i5-9300H CPU @ 2.40GHz, 8 cores, 7G,  Windows 10 , 64 bit Build 19041 (10.0.19041.1889)
Time: Wed Nov 16 16:59:12 2022 India Standard Time elapsed time: 0.401252 seconds (0d 0h 0m 0s)

---------------  T H R E A D  ---------------

Current thread (0x00000187ec1b0460):  JavaThread "main" [_thread_in_vm, id=15772, stack(0x00000038c0400000,0x00000038c0500000)]

Stack: [0x00000038c0400000,0x00000038c0500000]
Native frames: (J=compiled Java code, j=interpreted, Vv=VM code, C=native code)
V  [jvm.dll+0x66f8ea]
V  [jvm.dll+0x7ce224]
V  [jvm.dll+0x7cf9ce]
V  [jvm.dll+0x7d0033]
V  [jvm.dll+0x242bb5]
V  [jvm.dll+0x7ca1cb]
V  [jvm.dll+0x615a46]
V  [jvm.dll+0x615aaa]
V  [jvm.dll+0x6182ba]
V  [jvm.dll+0x6163e6]
V  [jvm.dll+0x23717f]
V  [jvm.dll+0x620015]
V  [jvm.dll+0x1e7e7b]
V  [jvm.dll+0x1e83b5]
V  [jvm.dll+0x1e8def]
V  [jvm.dll+0x1de2e1]
V  [jvm.dll+0x5375c0]
V  [jvm.dll+0x1eea87]
V  [jvm.dll+0x7489cb]
V  [jvm.dll+0x749d72]
V  [jvm.dll+0x74a0a8]
V  [jvm.dll+0x23af0e]
V  [jvm.dll+0x37aefe]
C  0x000001878001b7f7

Java frames: (J=compiled Java code, j=interpreted, Vv=VM code)
j  java.net.URLClassLoader.findResources(Ljava/lang/String;)Ljava/util/Enumeration;+10 java.base@17
j  org.codehaus.plexus.classworlds.realm.ClassRealm.findResources(Ljava/lang/String;)Ljava/util/Enumeration;+2
j  java.lang.ClassLoader.getResources(Ljava/lang/String;)Ljava/util/Enumeration;+42 java.base@17
j  org.codehaus.plexus.classworlds.realm.ClassRealm.getResources(Ljava/lang/String;)Ljava/util/Enumeration;+6
j  org.slf4j.LoggerFactory.findPossibleStaticLoggerBinderPathSet()Ljava/util/Set;+33
j  org.slf4j.LoggerFactory.bind()V+8
j  org.slf4j.LoggerFactory.performInitialization()V+0
j  org.slf4j.LoggerFactory.getILoggerFactory()Lorg/slf4j/ILoggerFactory;+22
j  org.apache.maven.cli.MavenCli.logging(Lorg/apache/maven/cli/CliRequest;)V+70
j  org.apache.maven.cli.MavenCli.doMain(Lorg/apache/maven/cli/CliRequest;)I+19
j  org.apache.maven.cli.MavenCli.main([Ljava/lang/String;Lorg/codehaus/plexus/classworlds/ClassWorld;)I+24
v  ~StubRoutines::call_stub
j  jdk.internal.reflect.NativeMethodAccessorImpl.invoke0(Ljava/lang/reflect/Method;Ljava/lang/Object;[Ljava/lang/Object;)Ljava/lang/Object;+0 java.base@17
j  jdk.internal.reflect.NativeMethodAccessorImpl.invoke(Ljava/lang/Object;[Ljava/lang/Object;)Ljava/lang/Object;+133 java.base@17
j  jdk.internal.reflect.DelegatingMethodAccessorImpl.invoke(Ljava/lang/Object;[Ljava/lang/Object;)Ljava/lang/Object;+6 java.base@17
j  java.lang.reflect.Method.invoke(Ljava/lang/Object;[Ljava/lang/Object;)Ljava/lang/Object;+59 java.base@17
j  org.codehaus.plexus.classworlds.launcher.Launcher.launchEnhanced([Ljava/lang/String;)V+45
j  org.codehaus.plexus.classworlds.launcher.Launcher.launch([Ljava/lang/String;)V+2
j  org.codehaus.plexus.classworlds.launcher.Launcher.mainWithExitCode([Ljava/lang/String;)I+101
j  org.codehaus.plexus.classworlds.launcher.Launcher.main([Ljava/lang/String;)V+1
j  org.codehaus.classworlds.Launcher.main([Ljava/lang/String;)V+1
v  ~StubRoutines::call_stub

---------------  P R O C E S S  ---------------

Threads class SMR info:
_java_thread_list=0x00000187fc4b0930, length=13, elements={
0x00000187ec1b0460, 0x00000187fae81a60, 0x00000187fae82220, 0x00000187fae903e0,
0x00000187fae94ec0, 0x00000187fae96490, 0x00000187fae96e60, 0x00000187e9f7d270,
0x00000187e9f7e1a0, 0x00000187faea8e60, 0x00000187fc435a20, 0x00000187fc4b50e0,
0x00000187fc4f87d0
}

Java Threads: ( => current thread )
=>0x00000187ec1b0460 JavaThread "main" [_thread_in_vm, id=15772, stack(0x00000038c0400000,0x00000038c0500000)]
  0x00000187fae81a60 JavaThread "Reference Handler" daemon [_thread_blocked, id=13532, stack(0x00000038c0b00000,0x00000038c0c00000)]
  0x00000187fae82220 JavaThread "Finalizer" daemon [_thread_blocked, id=20788, stack(0x00000038c0c00000,0x00000038c0d00000)]
  0x00000187fae903e0 JavaThread "Signal Dispatcher" daemon [_thread_blocked, id=18276, stack(0x00000038c0d00000,0x00000038c0e00000)]
  0x00000187fae94ec0 JavaThread "Attach Listener" daemon [_thread_blocked, id=1712, stack(0x00000038c0e00000,0x00000038c0f00000)]
  0x00000187fae96490 JavaThread "Service Thread" daemon [_thread_blocked, id=11060, stack(0x00000038c0f00000,0x00000038c1000000)]
  0x00000187fae96e60 JavaThread "Monitor Deflation Thread" daemon [_thread_blocked, id=17624, stack(0x00000038c1000000,0x00000038c1100000)]
  0x00000187e9f7d270 JavaThread "C2 CompilerThread0" daemon [_thread_in_native, id=12312, stack(0x00000038c1100000,0x00000038c1200000)]
  0x00000187e9f7e1a0 JavaThread "C1 CompilerThread0" daemon [_thread_blocked, id=12856, stack(0x00000038c1200000,0x00000038c1300000)]
  0x00000187faea8e60 JavaThread "Sweeper thread" daemon [_thread_blocked, id=21276, stack(0x00000038c1300000,0x00000038c1400000)]
  0x00000187fc435a20 JavaThread "Common-Cleaner" daemon [_thread_blocked, id=3920, stack(0x00000038c1400000,0x00000038c1500000)]
  0x00000187fc4b50e0 JavaThread "Monitor Ctrl-Break" daemon [_thread_in_native, id=6552, stack(0x00000038c1500000,0x00000038c1600000)]
  0x00000187fc4f87d0 JavaThread "Notification Thread" daemon [_thread_blocked, id=17116, stack(0x00000038c1600000,0x00000038c1700000)]

Other Threads:
  0x00000187fae7d0e0 VMThread "VM Thread" [stack: 0x00000038c0a00000,0x00000038c0b00000] [id=9664]
  0x00000187e9f7c1c0 WatcherThread [stack: 0x00000038c1700000,0x00000038c1800000] [id=22444]
  0x00000187ec1eeb60 GCTaskThread "GC Thread#0" [stack: 0x00000038c0500000,0x00000038c0600000] [id=2344]
  0x00000187ec200650 ConcurrentGCThread "G1 Main Marker" [stack: 0x00000038c0600000,0x00000038c0700000] [id=7536]
  0x00000187ec201a70 ConcurrentGCThread "G1 Conc#0" [stack: 0x00000038c0700000,0x00000038c0800000] [id=19340]
  0x00000187ec247e40 ConcurrentGCThread "G1 Refine#0" [stack: 0x00000038c0800000,0x00000038c0900000] [id=10100]
  0x00000187ec24b240 ConcurrentGCThread "G1 Service" [stack: 0x00000038c0900000,0x00000038c0a00000] [id=15000]

Threads with active compile tasks:
C2 CompilerThread0      447  599       4       java.util.HashMap::put (13 bytes)

VM state: not at safepoint (normal execution)

VM Mutex/Monitor currently owned by a thread:  ([mutex/lock_event])
[0x00000187ec1aa930] Metaspace_lock - owner thread: 0x00000187ec1b0460

Heap address: 0x0000000082600000, size: 2010 MB, Compressed Oops mode: 32-bit

CDS archive(s) mapped at: [0x0000000800000000-0x0000000800bc0000-0x0000000800bc0000), size 12320768, SharedBaseAddress: 0x0000000800000000, ArchiveRelocationMode: 0.
Compressed class space mapped at: 0x0000000800c00000-0x0000000840c00000, reserved size: 1073741824
Narrow klass base: 0x0000000800000000, Narrow klass shift: 0, Narrow klass range: 0x100000000

GC Precious Log:
 CPUs: 8 total, 8 available
 Memory: 8033M
 Large Page Support: Disabled
 NUMA Support: Disabled
 Compressed Oops: Enabled (32-bit)
 Heap Region Size: 1M
 Heap Min Capacity: 8M
 Heap Initial Capacity: 126M
 Heap Max Capacity: 2010M
 Pre-touch: Disabled
 Parallel Workers: 8
 Concurrent Workers: 2
 Concurrent Refinement Workers: 8
 Periodic GC: Disabled

Heap:
 garbage-first heap   total 129024K, used 7168K [0x0000000082600000, 0x0000000100000000)
  region size 1024K, 9 young (9216K), 0 survivors (0K)
 Metaspace       used 2548K, committed 2688K, reserved 1056768K
  class space    used 233K, committed 320K, reserved 1048576K

Heap Regions: E=young(eden), S=young(survivor), O=old, HS=humongous(starts), HC=humongous(continues), CS=collection set, F=free, OA=open archive, CA=closed archive, TAMS=top-at-mark-start (previous, next)
|   0|0x0000000082600000, 0x0000000082600000, 0x0000000082700000|  0%| F|  |TAMS 0x0000000082600000, 0x0000000082600000| Untracked 
|   1|0x0000000082700000, 0x0000000082700000, 0x0000000082800000|  0%| F|  |TAMS 0x0000000082700000, 0x0000000082700000| Untracked 
|   2|0x0000000082800000, 0x0000000082800000, 0x0000000082900000|  0%| F|  |TAMS 0x0000000082800000, 0x0000000082800000| Untracked 
|   3|0x0000000082900000, 0x0000000082900000, 0x0000000082a00000|  0%| F|  |TAMS 0x0000000082900000, 0x0000000082900000| Untracked 
|   4|0x0000000082a00000, 0x0000000082a00000, 0x0000000082b00000|  0%| F|  |TAMS 0x0000000082a00000, 0x0000000082a00000| Untracked 
|   5|0x0000000082b00000, 0x0000000082b00000, 0x0000000082c00000|  0%| F|  |TAMS 0x0000000082b00000, 0x0000000082b00000| Untracked 
|   6|0x0000000082c00000, 0x0000000082c00000, 0x0000000082d00000|  0%| F|  |TAMS 0x0000000082c00000, 0x0000000082c00000| Untracked 
|   7|0x0000000082d00000, 0x0000000082d00000, 0x0000000082e00000|  0%| F|  |TAMS 0x0000000082d00000, 0x0000000082d00000| Untracked 
|   8|0x0000000082e00000, 0x0000000082e00000, 0x0000000082f00000|  0%| F|  |TAMS 0x0000000082e00000, 0x0000000082e00000| Untracked 
|   9|0x0000000082f00000, 0x0000000082f00000, 0x0000000083000000|  0%| F|  |TAMS 0x0000000082f00000, 0x0000000082f00000| Untracked 
|  10|0x0000000083000000, 0x0000000083000000, 0x0000000083100000|  0%| F|  |TAMS 0x0000000083000000, 0x0000000083000000| Untracked 
|  11|0x0000000083100000, 0x0000000083100000, 0x0000000083200000|  0%| F|  |TAMS 0x0000000083100000, 0x0000000083100000| Untracked 
|  12|0x0000000083200000, 0x0000000083200000, 0x0000000083300000|  0%| F|  |TAMS 0x0000000083200000, 0x0000000083200000| Untracked 
|  13|0x0000000083300000, 0x0000000083300000, 0x0000000083400000|  0%| F|  |TAMS 0x0000000083300000, 0x0000000083300000| Untracked 
|  14|0x0000000083400000, 0x0000000083400000, 0x0000000083500000|  0%| F|  |TAMS 0x0000000083400000, 0x0000000083400000| Untracked 
|  15|0x0000000083500000, 0x0000000083500000, 0x0000000083600000|  0%| F|  |TAMS 0x0000000083500000, 0x0000000083500000| Untracked 
|  16|0x0000000083600000, 0x0000000083600000, 0x0000000083700000|  0%| F|  |TAMS 0x0000000083600000, 0x0000000083600000| Untracked 
|  17|0x0000000083700000, 0x0000000083700000, 0x0000000083800000|  0%| F|  |TAMS 0x0000000083700000, 0x0000000083700000| Untracked 
|  18|0x0000000083800000, 0x0000000083800000, 0x0000000083900000|  0%| F|  |TAMS 0x0000000083800000, 0x0000000083800000| Untracked 
|  19|0x0000000083900000, 0x0000000083900000, 0x0000000083a00000|  0%| F|  |TAMS 0x0000000083900000, 0x0000000083900000| Untracked 
|  20|0x0000000083a00000, 0x0000000083a00000, 0x0000000083b00000|  0%| F|  |TAMS 0x0000000083a00000, 0x0000000083a00000| Untracked 
|  21|0x0000000083b00000, 0x0000000083b00000, 0x0000000083c00000|  0%| F|  |TAMS 0x0000000083b00000, 0x0000000083b00000| Untracked 
|  22|0x0000000083c00000, 0x0000000083c00000, 0x0000000083d00000|  0%| F|  |TAMS 0x0000000083c00000, 0x0000000083c00000| Untracked 
|  23|0x0000000083d00000, 0x0000000083d00000, 0x0000000083e00000|  0%| F|  |TAMS 0x0000000083d00000, 0x0000000083d00000| Untracked 
|  24|0x0000000083e00000, 0x0000000083e00000, 0x0000000083f00000|  0%| F|  |TAMS 0x0000000083e00000, 0x0000000083e00000| Untracked 
|  25|0x0000000083f00000, 0x0000000083f00000, 0x0000000084000000|  0%| F|  |TAMS 0x0000000083f00000, 0x0000000083f00000| Untracked 
|  26|0x0000000084000000, 0x0000000084000000, 0x0000000084100000|  0%| F|  |TAMS 0x0000000084000000, 0x0000000084000000| Untracked 
|  27|0x0000000084100000, 0x0000000084100000, 0x0000000084200000|  0%| F|  |TAMS 0x0000000084100000, 0x0000000084100000| Untracked 
|  28|0x0000000084200000, 0x0000000084200000, 0x0000000084300000|  0%| F|  |TAMS 0x0000000084200000, 0x0000000084200000| Untracked 
|  29|0x0000000084300000, 0x0000000084300000, 0x0000000084400000|  0%| F|  |TAMS 0x0000000084300000, 0x0000000084300000| Untracked 
|  30|0x0000000084400000, 0x0000000084400000, 0x0000000084500000|  0%| F|  |TAMS 0x0000000084400000, 0x0000000084400000| Untracked 
|  31|0x0000000084500000, 0x0000000084500000, 0x0000000084600000|  0%| F|  |TAMS 0x0000000084500000, 0x0000000084500000| Untracked 
|  32|0x0000000084600000, 0x0000000084600000, 0x0000000084700000|  0%| F|  |TAMS 0x0000000084600000, 0x0000000084600000| Untracked 
|  33|0x0000000084700000, 0x0000000084700000, 0x0000000084800000|  0%| F|  |TAMS 0x0000000084700000, 0x0000000084700000| Untracked 
|  34|0x0000000084800000, 0x0000000084800000, 0x0000000084900000|  0%| F|  |TAMS 0x0000000084800000, 0x0000000084800000| Untracked 
|  35|0x0000000084900000, 0x0000000084900000, 0x0000000084a00000|  0%| F|  |TAMS 0x0000000084900000, 0x0000000084900000| Untracked 
|  36|0x0000000084a00000, 0x0000000084a00000, 0x0000000084b00000|  0%| F|  |TAMS 0x0000000084a00000, 0x0000000084a00000| Untracked 
|  37|0x0000000084b00000, 0x0000000084b00000, 0x0000000084c00000|  0%| F|  |TAMS 0x0000000084b00000, 0x0000000084b00000| Untracked 
|  38|0x0000000084c00000, 0x0000000084c00000, 0x0000000084d00000|  0%| F|  |TAMS 0x0000000084c00000, 0x0000000084c00000| Untracked 
|  39|0x0000000084d00000, 0x0000000084d00000, 0x0000000084e00000|  0%| F|  |TAMS 0x0000000084d00000, 0x0000000084d00000| Untracked 
|  40|0x0000000084e00000, 0x0000000084e00000, 0x0000000084f00000|  0%| F|  |TAMS 0x0000000084e00000, 0x0000000084e00000| Untracked 
|  41|0x0000000084f00000, 0x0000000084f00000, 0x0000000085000000|  0%| F|  |TAMS 0x0000000084f00000, 0x0000000084f00000| Untracked 
|  42|0x0000000085000000, 0x0000000085000000, 0x0000000085100000|  0%| F|  |TAMS 0x0000000085000000, 0x0000000085000000| Untracked 
|  43|0x0000000085100000, 0x0000000085100000, 0x0000000085200000|  0%| F|  |TAMS 0x0000000085100000, 0x0000000085100000| Untracked 
|  44|0x0000000085200000, 0x0000000085200000, 0x0000000085300000|  0%| F|  |TAMS 0x0000000085200000, 0x0000000085200000| Untracked 
|  45|0x0000000085300000, 0x0000000085300000, 0x0000000085400000|  0%| F|  |TAMS 0x0000000085300000, 0x0000000085300000| Untracked 
|  46|0x0000000085400000, 0x0000000085400000, 0x0000000085500000|  0%| F|  |TAMS 0x0000000085400000, 0x0000000085400000| Untracked 
|  47|0x0000000085500000, 0x0000000085500000, 0x0000000085600000|  0%| F|  |TAMS 0x0000000085500000, 0x0000000085500000| Untracked 
|  48|0x0000000085600000, 0x0000000085600000, 0x0000000085700000|  0%| F|  |TAMS 0x0000000085600000, 0x0000000085600000| Untracked 
|  49|0x0000000085700000, 0x0000000085700000, 0x0000000085800000|  0%| F|  |TAMS 0x0000000085700000, 0x0000000085700000| Untracked 
|  50|0x0000000085800000, 0x0000000085800000, 0x0000000085900000|  0%| F|  |TAMS 0x0000000085800000, 0x0000000085800000| Untracked 
|  51|0x0000000085900000, 0x0000000085900000, 0x0000000085a00000|  0%| F|  |TAMS 0x0000000085900000, 0x0000000085900000| Untracked 
|  52|0x0000000085a00000, 0x0000000085a00000, 0x0000000085b00000|  0%| F|  |TAMS 0x0000000085a00000, 0x0000000085a00000| Untracked 
|  53|0x0000000085b00000, 0x0000000085b00000, 0x0000000085c00000|  0%| F|  |TAMS 0x0000000085b00000, 0x0000000085b00000| Untracked 
|  54|0x0000000085c00000, 0x0000000085c00000, 0x0000000085d00000|  0%| F|  |TAMS 0x0000000085c00000, 0x0000000085c00000| Untracked 
|  55|0x0000000085d00000, 0x0000000085d00000, 0x0000000085e00000|  0%| F|  |TAMS 0x0000000085d00000, 0x0000000085d00000| Untracked 
|  56|0x0000000085e00000, 0x0000000085e00000, 0x0000000085f00000|  0%| F|  |TAMS 0x0000000085e00000, 0x0000000085e00000| Untracked 
|  57|0x0000000085f00000, 0x0000000085f00000, 0x0000000086000000|  0%| F|  |TAMS 0x0000000085f00000, 0x0000000085f00000| Untracked 
|  58|0x0000000086000000, 0x0000000086000000, 0x0000000086100000|  0%| F|  |TAMS 0x0000000086000000, 0x0000000086000000| Untracked 
|  59|0x0000000086100000, 0x0000000086100000, 0x0000000086200000|  0%| F|  |TAMS 0x0000000086100000, 0x0000000086100000| Untracked 
|  60|0x0000000086200000, 0x0000000086200000, 0x0000000086300000|  0%| F|  |TAMS 0x0000000086200000, 0x0000000086200000| Untracked 
|  61|0x0000000086300000, 0x0000000086300000, 0x0000000086400000|  0%| F|  |TAMS 0x0000000086300000, 0x0000000086300000| Untracked 
|  62|0x0000000086400000, 0x0000000086400000, 0x0000000086500000|  0%| F|  |TAMS 0x0000000086400000, 0x0000000086400000| Untracked 
|  63|0x0000000086500000, 0x0000000086500000, 0x0000000086600000|  0%| F|  |TAMS 0x0000000086500000, 0x0000000086500000| Untracked 
|  64|0x0000000086600000, 0x0000000086600000, 0x0000000086700000|  0%| F|  |TAMS 0x0000000086600000, 0x0000000086600000| Untracked 
|  65|0x0000000086700000, 0x0000000086700000, 0x0000000086800000|  0%| F|  |TAMS 0x0000000086700000, 0x0000000086700000| Untracked 
|  66|0x0000000086800000, 0x0000000086800000, 0x0000000086900000|  0%| F|  |TAMS 0x0000000086800000, 0x0000000086800000| Untracked 
|  67|0x0000000086900000, 0x0000000086900000, 0x0000000086a00000|  0%| F|  |TAMS 0x0000000086900000, 0x0000000086900000| Untracked 
|  68|0x0000000086a00000, 0x0000000086a00000, 0x0000000086b00000|  0%| F|  |TAMS 0x0000000086a00000, 0x0000000086a00000| Untracked 
|  69|0x0000000086b00000, 0x0000000086b00000, 0x0000000086c00000|  0%| F|  |TAMS 0x0000000086b00000, 0x0000000086b00000| Untracked 
|  70|0x0000000086c00000, 0x0000000086c00000, 0x0000000086d00000|  0%| F|  |TAMS 0x0000000086c00000, 0x0000000086c00000| Untracked 
|  71|0x0000000086d00000, 0x0000000086d00000, 0x0000000086e00000|  0%| F|  |TAMS 0x0000000086d00000, 0x0000000086d00000| Untracked 
|  72|0x0000000086e00000, 0x0000000086e00000, 0x0000000086f00000|  0%| F|  |TAMS 0x0000000086e00000, 0x0000000086e00000| Untracked 
|  73|0x0000000086f00000, 0x0000000086f00000, 0x0000000087000000|  0%| F|  |TAMS 0x0000000086f00000, 0x0000000086f00000| Untracked 
|  74|0x0000000087000000, 0x0000000087000000, 0x0000000087100000|  0%| F|  |TAMS 0x0000000087000000, 0x0000000087000000| Untracked 
|  75|0x0000000087100000, 0x0000000087100000, 0x0000000087200000|  0%| F|  |TAMS 0x0000000087100000, 0x0000000087100000| Untracked 
|  76|0x0000000087200000, 0x0000000087200000, 0x0000000087300000|  0%| F|  |TAMS 0x0000000087200000, 0x0000000087200000| Untracked 
|  77|0x0000000087300000, 0x0000000087300000, 0x0000000087400000|  0%| F|  |TAMS 0x0000000087300000, 0x0000000087300000| Untracked 
|  78|0x0000000087400000, 0x0000000087400000, 0x0000000087500000|  0%| F|  |TAMS 0x0000000087400000, 0x0000000087400000| Untracked 
|  79|0x0000000087500000, 0x0000000087500000, 0x0000000087600000|  0%| F|  |TAMS 0x0000000087500000, 0x0000000087500000| Untracked 
|  80|0x0000000087600000, 0x0000000087600000, 0x0000000087700000|  0%| F|  |TAMS 0x0000000087600000, 0x0000000087600000| Untracked 
|  81|0x0000000087700000, 0x0000000087700000, 0x0000000087800000|  0%| F|  |TAMS 0x0000000087700000, 0x0000000087700000| Untracked 
|  82|0x0000000087800000, 0x0000000087800000, 0x0000000087900000|  0%| F|  |TAMS 0x0000000087800000, 0x0000000087800000| Untracked 
|  83|0x0000000087900000, 0x0000000087900000, 0x0000000087a00000|  0%| F|  |TAMS 0x0000000087900000, 0x0000000087900000| Untracked 
|  84|0x0000000087a00000, 0x0000000087a00000, 0x0000000087b00000|  0%| F|  |TAMS 0x0000000087a00000, 0x0000000087a00000| Untracked 
|  85|0x0000000087b00000, 0x0000000087b00000, 0x0000000087c00000|  0%| F|  |TAMS 0x0000000087b00000, 0x0000000087b00000| Untracked 
|  86|0x0000000087c00000, 0x0000000087c00000, 0x0000000087d00000|  0%| F|  |TAMS 0x0000000087c00000, 0x0000000087c00000| Untracked 
|  87|0x0000000087d00000, 0x0000000087d00000, 0x0000000087e00000|  0%| F|  |TAMS 0x0000000087d00000, 0x0000000087d00000| Untracked 
|  88|0x0000000087e00000, 0x0000000087e00000, 0x0000000087f00000|  0%| F|  |TAMS 0x0000000087e00000, 0x0000000087e00000| Untracked 
|  89|0x0000000087f00000, 0x0000000087f00000, 0x0000000088000000|  0%| F|  |TAMS 0x0000000087f00000, 0x0000000087f00000| Untracked 
|  90|0x0000000088000000, 0x0000000088000000, 0x0000000088100000|  0%| F|  |TAMS 0x0000000088000000, 0x0000000088000000| Untracked 
|  91|0x0000000088100000, 0x0000000088100000, 0x0000000088200000|  0%| F|  |TAMS 0x0000000088100000, 0x0000000088100000| Untracked 
|  92|0x0000000088200000, 0x0000000088200000, 0x0000000088300000|  0%| F|  |TAMS 0x0000000088200000, 0x0000000088200000| Untracked 
|  93|0x0000000088300000, 0x0000000088300000, 0x0000000088400000|  0%| F|  |TAMS 0x0000000088300000, 0x0000000088300000| Untracked 
|  94|0x0000000088400000, 0x0000000088400000, 0x0000000088500000|  0%| F|  |TAMS 0x0000000088400000, 0x0000000088400000| Untracked 
|  95|0x0000000088500000, 0x0000000088500000, 0x0000000088600000|  0%| F|  |TAMS 0x0000000088500000, 0x0000000088500000| Untracked 
|  96|0x0000000088600000, 0x0000000088600000, 0x0000000088700000|  0%| F|  |TAMS 0x0000000088600000, 0x0000000088600000| Untracked 
|  97|0x0000000088700000, 0x0000000088700000, 0x0000000088800000|  0%| F|  |TAMS 0x0000000088700000, 0x0000000088700000| Untracked 
|  98|0x0000000088800000, 0x0000000088800000, 0x0000000088900000|  0%| F|  |TAMS 0x0000000088800000, 0x0000000088800000| Untracked 
|  99|0x0000000088900000, 0x0000000088900000, 0x0000000088a00000|  0%| F|  |TAMS 0x0000000088900000, 0x0000000088900000| Untracked 
| 100|0x0000000088a00000, 0x0000000088a00000, 0x0000000088b00000|  0%| F|  |TAMS 0x0000000088a00000, 0x0000000088a00000| Untracked 
| 101|0x0000000088b00000, 0x0000000088b00000, 0x0000000088c00000|  0%| F|  |TAMS 0x0000000088b00000, 0x0000000088b00000| Untracked 
| 102|0x0000000088c00000, 0x0000000088c00000, 0x0000000088d00000|  0%| F|  |TAMS 0x0000000088c00000, 0x0000000088c00000| Untracked 
| 103|0x0000000088d00000, 0x0000000088d00000, 0x0000000088e00000|  0%| F|  |TAMS 0x0000000088d00000, 0x0000000088d00000| Untracked 
| 104|0x0000000088e00000, 0x0000000088e00000, 0x0000000088f00000|  0%| F|  |TAMS 0x0000000088e00000, 0x0000000088e00000| Untracked 
| 105|0x0000000088f00000, 0x0000000088f00000, 0x0000000089000000|  0%| F|  |TAMS 0x0000000088f00000, 0x0000000088f00000| Untracked 
| 106|0x0000000089000000, 0x0000000089000000, 0x0000000089100000|  0%| F|  |TAMS 0x0000000089000000, 0x0000000089000000| Untracked 
| 107|0x0000000089100000, 0x0000000089100000, 0x0000000089200000|  0%| F|  |TAMS 0x0000000089100000, 0x0000000089100000| Untracked 
| 108|0x0000000089200000, 0x0000000089200000, 0x0000000089300000|  0%| F|  |TAMS 0x0000000089200000, 0x0000000089200000| Untracked 
| 109|0x0000000089300000, 0x0000000089300000, 0x0000000089400000|  0%| F|  |TAMS 0x0000000089300000, 0x0000000089300000| Untracked 
| 110|0x0000000089400000, 0x0000000089400000, 0x0000000089500000|  0%| F|  |TAMS 0x0000000089400000, 0x0000000089400000| Untracked 
| 111|0x0000000089500000, 0x0000000089500000, 0x0000000089600000|  0%| F|  |TAMS 0x0000000089500000, 0x0000000089500000| Untracked 
| 112|0x0000000089600000, 0x0000000089600000, 0x0000000089700000|  0%| F|  |TAMS 0x0000000089600000, 0x0000000089600000| Untracked 
| 113|0x0000000089700000, 0x0000000089700000, 0x0000000089800000|  0%| F|  |TAMS 0x0000000089700000, 0x0000000089700000| Untracked 
| 114|0x0000000089800000, 0x0000000089800000, 0x0000000089900000|  0%| F|  |TAMS 0x0000000089800000, 0x0000000089800000| Untracked 
| 115|0x0000000089900000, 0x0000000089900000, 0x0000000089a00000|  0%| F|  |TAMS 0x0000000089900000, 0x0000000089900000| Untracked 
| 116|0x0000000089a00000, 0x0000000089a00000, 0x0000000089b00000|  0%| F|  |TAMS 0x0000000089a00000, 0x0000000089a00000| Untracked 
| 117|0x0000000089b00000, 0x0000000089b764c0, 0x0000000089c00000| 46%| E|  |TAMS 0x0000000089b00000, 0x0000000089b00000| Complete 
| 118|0x0000000089c00000, 0x0000000089d00000, 0x0000000089d00000|100%| E|CS|TAMS 0x0000000089c00000, 0x0000000089c00000| Complete 
| 119|0x0000000089d00000, 0x0000000089e00000, 0x0000000089e00000|100%| E|CS|TAMS 0x0000000089d00000, 0x0000000089d00000| Complete 
| 120|0x0000000089e00000, 0x0000000089f00000, 0x0000000089f00000|100%| E|CS|TAMS 0x0000000089e00000, 0x0000000089e00000| Complete 
| 121|0x0000000089f00000, 0x000000008a000000, 0x000000008a000000|100%| E|CS|TAMS 0x0000000089f00000, 0x0000000089f00000| Complete 
| 122|0x000000008a000000, 0x000000008a100000, 0x000000008a100000|100%| E|CS|TAMS 0x000000008a000000, 0x000000008a000000| Complete 
| 123|0x000000008a100000, 0x000000008a200000, 0x000000008a200000|100%| E|  |TAMS 0x000000008a100000, 0x000000008a100000| Complete 
| 124|0x000000008a200000, 0x000000008a300000, 0x000000008a300000|100%| E|CS|TAMS 0x000000008a200000, 0x000000008a200000| Complete 
| 125|0x000000008a300000, 0x000000008a400000, 0x000000008a400000|100%| E|CS|TAMS 0x000000008a300000, 0x000000008a300000| Complete 

Card table byte_map: [0x00000187f40a0000,0x00000187f4490000] _byte_map_base: 0x00000187f3c8d000

Marking Bits (Prev, Next): (CMBitMap*) 0x00000187ec1ef010, (CMBitMap*) 0x00000187ec1ef050
 Prev Bits: [0x00000187f4880000, 0x00000187f67e8000)
 Next Bits: [0x00000187f67f0000, 0x00000187f8758000)

Polling page: 0x00000187e9f40000

Metaspace:

Usage:
  Non-class:      2.26 MB used.
      Class:    233.12 KB used.
       Both:      2.49 MB used.

Virtual space:
  Non-class space:        8.00 MB reserved,       2.31 MB ( 29%) committed,  1 nodes.
      Class space:        1.00 GB reserved,     320.00 KB ( <1%) committed,  1 nodes.
             Both:        1.01 GB reserved,       2.62 MB ( <1%) committed. 

Chunk freelists:
   Non-Class:  3.41 MB
       Class:  3.66 MB
        Both:  7.07 MB

MaxMetaspaceSize: unlimited
CompressedClassSpaceSize: 1.00 GB
Initial GC threshold: 21.00 MB
Current GC threshold: 21.00 MB
CDS: on
MetaspaceReclaimPolicy: balanced
 - commit_granule_bytes: 65536.
 - commit_granule_words: 8192.
 - virtual_space_node_default_size: 1048576.
 - enlarge_chunks_in_place: 1.
 - new_chunks_are_fully_committed: 0.
 - uncommit_free_chunks: 1.
 - use_allocation_guard: 0.
 - handle_deallocations: 1.


Internal statistics:

num_allocs_failed_limit: 0.
num_arena_births: 22.
num_arena_deaths: 0.
num_vsnodes_births: 2.
num_vsnodes_deaths: 0.
num_space_committed: 42.
num_space_uncommitted: 0.
num_chunks_returned_to_freelist: 0.
num_chunks_taken_from_freelist: 58.
num_chunk_merges: 0.
num_chunk_splits: 39.
num_chunks_enlarged: 29.
num_purges: 0.
num_inconsistent_stats: 0.

CodeHeap 'non-profiled nmethods': size=120000Kb used=185Kb max_used=185Kb free=119814Kb
 bounds [0x0000018787ad0000, 0x0000018787d40000, 0x000001878f000000]
CodeHeap 'profiled nmethods': size=120000Kb used=994Kb max_used=994Kb free=119005Kb
 bounds [0x00000187805a0000, 0x0000018780810000, 0x0000018787ad0000]
CodeHeap 'non-nmethods': size=5760Kb used=1145Kb max_used=1154Kb free=4614Kb
 bounds [0x0000018780000000, 0x0000018780270000, 0x00000187805a0000]
 total_blobs=1038 nmethods=604 adapters=347
 compilation: enabled
              stopped_count=0, restarted_count=0
 full_count=0

Compilation events (20 events):
Event: 0.390 Thread 0x00000187e9f7e1a0  593       3       sun.util.locale.LanguageTag::isLanguage (29 bytes)
Event: 0.391 Thread 0x00000187e9f7e1a0 nmethod 593 0x0000018780694390 code [0x00000187806945c0, 0x0000018780694f78]
Event: 0.391 Thread 0x00000187e9f7e1a0  595       3       sun.util.locale.LocaleObjectCache::normalizeKey (2 bytes)
Event: 0.391 Thread 0x00000187e9f7e1a0 nmethod 595 0x0000018780695290 code [0x0000018780695420, 0x0000018780695538]
Event: 0.391 Thread 0x00000187e9f7e1a0  586       3       sun.util.locale.LanguageTag::isRegion (36 bytes)
Event: 0.392 Thread 0x00000187e9f7e1a0 nmethod 586 0x0000018780695610 code [0x00000187806958e0, 0x0000018780696a58]
Event: 0.392 Thread 0x00000187e9f7e1a0  601       3       java.lang.reflect.Modifier::isPublic (12 bytes)
Event: 0.392 Thread 0x00000187e9f7e1a0 nmethod 601 0x0000018780697010 code [0x00000187806971a0, 0x00000187806972f8]
Event: 0.392 Thread 0x00000187e9f7e1a0  600       1       java.lang.invoke.MethodTypeForm::parameterSlotCount (5 bytes)
Event: 0.392 Thread 0x00000187e9f7d270 nmethod 598 0x0000018787afdc90 code [0x0000018787afde20, 0x0000018787afe108]
Event: 0.392 Thread 0x00000187e9f7d270  599       4       java.util.HashMap::put (13 bytes)
Event: 0.392 Thread 0x00000187e9f7e1a0 nmethod 600 0x0000018787afe390 code [0x0000018787afe520, 0x0000018787afe5f8]
Event: 0.395 Thread 0x00000187e9f7e1a0  603       3       java.lang.AbstractStringBuilder::append (77 bytes)
Event: 0.395 Thread 0x00000187e9f7e1a0 nmethod 603 0x0000018780697390 code [0x00000187806975a0, 0x0000018780697c28]
Event: 0.396 Thread 0x00000187e9f7e1a0  605       3       java.util.jar.JarFile::maybeInstantiateVerifier (42 bytes)
Event: 0.396 Thread 0x00000187e9f7e1a0 nmethod 605 0x0000018780697e90 code [0x0000018780698060, 0x00000187806983f8]
Event: 0.397 Thread 0x00000187e9f7e1a0  606       3       java.net.URL::<init> (8 bytes)
Event: 0.397 Thread 0x00000187e9f7e1a0 nmethod 606 0x0000018780698510 code [0x00000187806986c0, 0x0000018780698808]
Event: 0.400 Thread 0x00000187e9f7e1a0  607       3       java.util.Optional::empty (6 bytes)
Event: 0.400 Thread 0x00000187e9f7e1a0 nmethod 607 0x0000018780698890 code [0x0000018780698a20, 0x0000018780698b18]

GC Heap History (0 events):
No events

Deoptimization events (14 events):
Event: 0.143 Thread 0x00000187ec1b0460 DEOPT PACKING pc=0x00000187805c98e7 sp=0x00000038c04fdff0
Event: 0.143 Thread 0x00000187ec1b0460 DEOPT UNPACKING pc=0x0000018780052b43 sp=0x00000038c04fd410 mode 0
Event: 0.245 Thread 0x00000187ec1b0460 Uncommon trap: trap_request=0xffffff45 fr.pc=0x0000018787adc460 relative=0x0000000000000900
Event: 0.245 Thread 0x00000187ec1b0460 Uncommon trap: reason=unstable_if action=reinterpret pc=0x0000018787adc460 method=java.util.HashMap.putVal(ILjava/lang/Object;Ljava/lang/Object;ZZ)Ljava/lang/Object; @ 181 c2
Event: 0.245 Thread 0x00000187ec1b0460 DEOPT PACKING pc=0x0000018787adc460 sp=0x00000038c04fbaf0
Event: 0.245 Thread 0x00000187ec1b0460 DEOPT UNPACKING pc=0x00000187800523a3 sp=0x00000038c04fbaa0 mode 2
Event: 0.390 Thread 0x00000187ec1b0460 Uncommon trap: trap_request=0xffffff45 fr.pc=0x0000018787ae52e8 relative=0x0000000000000448
Event: 0.390 Thread 0x00000187ec1b0460 Uncommon trap: reason=unstable_if action=reinterpret pc=0x0000018787ae52e8 method=java.lang.StringLatin1.canEncode(I)Z @ 4 c2
Event: 0.390 Thread 0x00000187ec1b0460 DEOPT PACKING pc=0x0000018787ae52e8 sp=0x00000038c04fe1a0
Event: 0.390 Thread 0x00000187ec1b0460 DEOPT UNPACKING pc=0x00000187800523a3 sp=0x00000038c04fe0c8 mode 2
Event: 0.390 Thread 0x00000187ec1b0460 Uncommon trap: trap_request=0xffffff45 fr.pc=0x0000018787ae60cc relative=0x000000000000042c
Event: 0.390 Thread 0x00000187ec1b0460 Uncommon trap: reason=unstable_if action=reinterpret pc=0x0000018787ae60cc method=java.lang.AbstractStringBuilder.isLatin1()Z @ 10 c2
Event: 0.390 Thread 0x00000187ec1b0460 DEOPT PACKING pc=0x0000018787ae60cc sp=0x00000038c04fe1c0
Event: 0.390 Thread 0x00000187ec1b0460 DEOPT UNPACKING pc=0x00000187800523a3 sp=0x00000038c04fe140 mode 2

Classes unloaded (0 events):
No events

Classes redefined (0 events):
No events

Internal exceptions (4 events):
Event: 0.124 Thread 0x00000187fc4b50e0 Exception <a 'java/lang/NoSuchMethodError'{0x000000008a2f07b8}: 'java.lang.Object java.lang.invoke.DirectMethodHandle$Holder.invokeStaticInit(java.lang.Object)'> (0x000000008a2f07b8) 
thrown [t:\workspace\open\src\hotspot\share\interpreter\linkResolver.cpp, line 766]
Event: 0.136 Thread 0x00000187fc4b50e0 Exception <a 'java/lang/NoSuchMethodError'{0x000000008a2fe4f8}: 'void java.lang.invoke.DirectMethodHandle$Holder.invokeStatic(java.lang.Object, java.lang.Object)'> (0x000000008a2fe4f8) 
thrown [t:\workspace\open\src\hotspot\share\interpreter\linkResolver.cpp, line 766]
Event: 0.248 Thread 0x00000187ec1b0460 Exception <a 'java/lang/NoSuchMethodError'{0x0000000089e1fcc0}: 'java.lang.Object java.lang.invoke.DirectMethodHandle$Holder.invokeStaticInit(java.lang.Object, int, int, int, int)'> (0x0000000089e1fcc0) 
thrown [t:\workspace\open\src\hotspot\share\interpreter\linkResolver.cpp, line 766]
Event: 0.300 Thread 0x00000187ec1b0460 Exception <a 'java/lang/NoSuchMethodError'{0x0000000089e7c258}: 'java.lang.Object java.lang.invoke.DirectMethodHandle$Holder.invokeStaticInit(java.lang.Object, java.lang.Object, int, int, int, int)'> (0x0000000089e7c258) 
thrown [t:\workspace\open\src\hotspot\share\interpreter\linkResolver.cpp, line 766]

VM Operations (8 events):
Event: 0.074 Executing VM operation: HandshakeAllThreads
Event: 0.074 Executing VM operation: HandshakeAllThreads done
Event: 0.122 Executing VM operation: HandshakeAllThreads
Event: 0.122 Executing VM operation: HandshakeAllThreads done
Event: 0.211 Executing VM operation: HandshakeAllThreads
Event: 0.211 Executing VM operation: HandshakeAllThreads done
Event: 0.305 Executing VM operation: HandshakeAllThreads
Event: 0.305 Executing VM operation: HandshakeAllThreads done

Events (20 events):
Event: 0.389 loading class sun/text/resources/cldr/FormatData_en done
Event: 0.389 loading class sun/text/resources/cldr/FormatData_en_US
Event: 0.389 loading class sun/text/resources/cldr/FormatData_en_US done
Event: 0.396 loading class java/lang/NoSuchFieldError
Event: 0.396 loading class java/lang/NoSuchFieldError done
Event: 0.398 loading class java/util/concurrent/LinkedBlockingQueue
Event: 0.398 loading class java/util/concurrent/BlockingQueue
Event: 0.398 loading class java/util/concurrent/BlockingQueue done
Event: 0.398 loading class java/util/AbstractQueue
Event: 0.398 loading class java/util/AbstractQueue done
Event: 0.398 loading class java/util/concurrent/LinkedBlockingQueue done
Event: 0.398 loading class java/util/concurrent/locks/AbstractQueuedSynchronizer$ConditionObject
Event: 0.398 loading class java/util/concurrent/locks/Condition
Event: 0.398 loading class java/util/concurrent/locks/Condition done
Event: 0.398 loading class java/util/concurrent/locks/AbstractQueuedSynchronizer$ConditionObject done
Event: 0.398 loading class java/util/concurrent/LinkedBlockingQueue$Node
Event: 0.398 loading class java/util/concurrent/LinkedBlockingQueue$Node done
Event: 0.399 loading class java/lang/SecurityException
Event: 0.399 loading class java/lang/SecurityException done
Event: 0.400 loading class java/net/URLClassLoader$3


Dynamic libraries:
0x00007ff635c20000 - 0x00007ff635c30000 	C:\Program Files\Java\jdk-17\bin\java.exe
0x00007ffe25450000 - 0x00007ffe25648000 	C:\Windows\SYSTEM32\ntdll.dll
0x00007ffe24a20000 - 0x00007ffe24add000 	C:\Windows\System32\KERNEL32.DLL
0x00007ffe22b70000 - 0x00007ffe22e3e000 	C:\Windows\System32\KERNELBASE.dll
0x00007ffe23220000 - 0x00007ffe23320000 	C:\Windows\System32\ucrtbase.dll
0x00007ffe1b180000 - 0x00007ffe1b198000 	C:\Program Files\Java\jdk-17\bin\jli.dll
0x00007ffe24450000 - 0x00007ffe244fe000 	C:\Windows\System32\ADVAPI32.dll
0x00007ffe24f00000 - 0x00007ffe24f9e000 	C:\Windows\System32\msvcrt.dll
0x00007ffe242f0000 - 0x00007ffe2438c000 	C:\Windows\System32\sechost.dll
0x00007ffe24b80000 - 0x00007ffe24ca5000 	C:\Windows\System32\RPCRT4.dll
0x00007ffe25010000 - 0x00007ffe251b0000 	C:\Windows\System32\USER32.dll
0x00007ffe22fc0000 - 0x00007ffe22fe2000 	C:\Windows\System32\win32u.dll
0x00007ffe25380000 - 0x00007ffe253aa000 	C:\Windows\System32\GDI32.dll
0x00007ffe22eb0000 - 0x00007ffe22fbb000 	C:\Windows\System32\gdi32full.dll
0x00007ffe23180000 - 0x00007ffe2321d000 	C:\Windows\System32\msvcp_win.dll
0x00007ffe1a950000 - 0x00007ffe1a96a000 	C:\Program Files\Java\jdk-17\bin\VCRUNTIME140.dll
0x00007ffe11db0000 - 0x00007ffe1204a000 	C:\Windows\WinSxS\amd64_microsoft.windows.common-controls_6595b64144ccf1df_6.0.19041.1110_none_60b5254171f9507e\COMCTL32.dll
0x00007ffe1b170000 - 0x00007ffe1b17a000 	C:\Windows\SYSTEM32\VERSION.dll
0x00007ffe23b70000 - 0x00007ffe23ba0000 	C:\Windows\System32\IMM32.DLL
0x00007ffdfa7d0000 - 0x00007ffdfa928000 	C:\Program Files (x86)\Citrix\ICA Client\epclient64.dll
0x00007ffe23150000 - 0x00007ffe23177000 	C:\Windows\System32\bcrypt.dll
0x00007ffe235f0000 - 0x00007ffe23944000 	C:\Windows\System32\combase.dll
0x00007ffe21830000 - 0x00007ffe21863000 	C:\Windows\SYSTEM32\ntmarta.dll
0x00007ffe213b0000 - 0x00007ffe213c2000 	C:\Windows\SYSTEM32\kernel.appcore.dll
0x00007ffe23420000 - 0x00007ffe234a2000 	C:\Windows\System32\bcryptprimitives.dll
0x00007ffe1c770000 - 0x00007ffe1c77c000 	C:\Program Files\Java\jdk-17\bin\vcruntime140_1.dll
0x00007ffe0c850000 - 0x00007ffe0c8dd000 	C:\Program Files\Java\jdk-17\bin\msvcp140.dll
0x00007ffdd6a90000 - 0x00007ffdd764e000 	C:\Program Files\Java\jdk-17\bin\server\jvm.dll
0x00007ffe24440000 - 0x00007ffe24448000 	C:\Windows\System32\PSAPI.DLL
0x00007ffe1d320000 - 0x00007ffe1d329000 	C:\Windows\SYSTEM32\WSOCK32.dll
0x00007ffe24fa0000 - 0x00007ffe2500b000 	C:\Windows\System32\WS2_32.dll
0x00007ffdfd890000 - 0x00007ffdfd8b7000 	C:\Windows\SYSTEM32\WINMM.dll
0x00007ffe1c6b0000 - 0x00007ffe1c6ba000 	C:\Program Files\Java\jdk-17\bin\jimage.dll
0x00007ffe20920000 - 0x00007ffe20b04000 	C:\Windows\SYSTEM32\DBGHELP.DLL
0x00007ffe0d640000 - 0x00007ffe0d66c000 	C:\Windows\SYSTEM32\dbgcore.DLL
0x00007ffe1b8f0000 - 0x00007ffe1b8fe000 	C:\Program Files\Java\jdk-17\bin\instrument.dll
0x00007ffe1a4a0000 - 0x00007ffe1a4c5000 	C:\Program Files\Java\jdk-17\bin\java.dll
0x00007ffdfbab0000 - 0x00007ffdfbb86000 	C:\Program Files\Java\jdk-17\bin\svml.dll
0x00000187fbc00000 - 0x00000187fc343000 	C:\Windows\System32\SHELL32.dll
0x00007ffe20c00000 - 0x00007ffe21395000 	C:\Windows\SYSTEM32\windows.storage.dll
0x00007ffe225d0000 - 0x00007ffe22600000 	C:\Windows\SYSTEM32\Wldp.dll
0x00007ffe24500000 - 0x00007ffe245ad000 	C:\Windows\System32\SHCORE.dll
0x00007ffe24dd0000 - 0x00007ffe24e25000 	C:\Windows\System32\shlwapi.dll
0x00007ffe22ab0000 - 0x00007ffe22acf000 	C:\Windows\SYSTEM32\profapi.dll
0x00007ffe10470000 - 0x00007ffe10488000 	C:\Program Files\Java\jdk-17\bin\zip.dll
0x00007ffe11bc0000 - 0x00007ffe11bd9000 	C:\Program Files\Java\jdk-17\bin\net.dll
0x00007ffe17010000 - 0x00007ffe1711a000 	C:\Windows\SYSTEM32\WINHTTP.dll
0x00007ffe222e0000 - 0x00007ffe2234a000 	C:\Windows\system32\mswsock.dll
0x00007ffe10d20000 - 0x00007ffe10d35000 	C:\Program Files\Java\jdk-17\bin\nio.dll
0x00007ffe10880000 - 0x00007ffe1089a000 	C:\Program Files\JetBrains\IntelliJ IDEA Educational Edition 2021.3.3\bin\breakgen64.dll
0x00007ffe1c190000 - 0x00007ffe1c1a0000 	C:\Program Files\Java\jdk-17\bin\verify.dll
0x00007ffe22490000 - 0x00007ffe224a8000 	C:\Windows\SYSTEM32\CRYPTSP.dll
0x00007ffe21c00000 - 0x00007ffe21c34000 	C:\Windows\system32\rsaenh.dll
0x00007ffe22a70000 - 0x00007ffe22a9e000 	C:\Windows\SYSTEM32\USERENV.dll
0x00007ffe224b0000 - 0x00007ffe224bc000 	C:\Windows\SYSTEM32\CRYPTBASE.dll
0x00007ffe21f90000 - 0x00007ffe21fcb000 	C:\Windows\SYSTEM32\IPHLPAPI.DLL
0x00007ffe23b60000 - 0x00007ffe23b68000 	C:\Windows\System32\NSI.dll
0x00007ffe19fa0000 - 0x00007ffe19fb7000 	C:\Windows\SYSTEM32\dhcpcsvc6.DLL
0x00007ffe1b150000 - 0x00007ffe1b16d000 	C:\Windows\SYSTEM32\dhcpcsvc.DLL
0x00007ffe21fe0000 - 0x00007ffe220aa000 	C:\Windows\SYSTEM32\DNSAPI.dll
0x00007ffe1a490000 - 0x00007ffe1a49a000 	C:\Users\hp\AppData\Local\Temp\jansi-1.17-12908237784792225998.dll
0x00007ffe1a390000 - 0x00007ffe1a39a000 	C:\Users\hp\AppData\Local\Temp\jansi-1.17-18153588194870519344.dll

dbghelp: loaded successfully - version: 4.0.5 - missing functions: none
symbol engine: initialized successfully - sym options: 0x614 - pdb path: .;C:\Program Files\Java\jdk-17\bin;C:\Windows\SYSTEM32;C:\Windows\WinSxS\amd64_microsoft.windows.common-controls_6595b64144ccf1df_6.0.19041.1110_none_60b5254171f9507e;C:\Program Files (x86)\Citrix\ICA Client;C:\Program Files\Java\jdk-17\bin\server;C:\Program Files\JetBrains\IntelliJ IDEA Educational Edition 2021.3.3\bin;C:\Users\hp\AppData\Local\Temp

VM Arguments:
jvm_args: -Dmaven.multiModuleProjectDirectory=C:\Users\hp\Documents\project\Online-banking-angular-springboot-mysql-master\Online-banking-angular-springboot-mysql-master -Dmaven.home=C:\Users\hp\.m2\wrapper\dists\apache-maven-3.5.3-bin\2c22a6s60afpuloj4v181qvild\apache-maven-3.5.3 -Dclassworlds.conf=C:\Users\hp\.m2\wrapper\dists\apache-maven-3.5.3-bin\2c22a6s60afpuloj4v181qvild\apache-maven-3.5.3\bin\m2.conf -Dmaven.ext.class.path=C:\Program Files\JetBrains\IntelliJ IDEA Educational Edition 2021.3.3\plugins\maven\lib\maven-event-listener.jar -javaagent:C:\Program Files\JetBrains\IntelliJ IDEA Educational Edition 2021.3.3\lib\idea_rt.jar=58236:C:\Program Files\JetBrains\IntelliJ IDEA Educational Edition 2021.3.3\bin -Dfile.encoding=UTF-8 
java_command: org.codehaus.classworlds.Launcher -Didea.version=2021.3.3 clean
java_class_path (initial): C:\Users\hp\.m2\wrapper\dists\apache-maven-3.5.3-bin\2c22a6s60afpuloj4v181qvild\apache-maven-3.5.3\boot\plexus-classworlds-2.5.2.jar
Launcher Type: SUN_STANDARD

[Global flags]
     intx CICompilerCount                          = 4                                         {product} {ergonomic}
     uint ConcGCThreads                            = 2                                         {product} {ergonomic}
     uint G1ConcRefinementThreads                  = 8                                         {product} {ergonomic}
   size_t G1HeapRegionSize                         = 1048576                                   {product} {ergonomic}
    uintx GCDrainStackTargetSize                   = 64                                        {product} {ergonomic}
   size_t InitialHeapSize                          = 132120576                                 {product} {ergonomic}
   size_t MarkStackSize                            = 4194304                                   {product} {ergonomic}
   size_t MaxHeapSize                              = 2107637760                                {product} {ergonomic}
   size_t MaxNewSize                               = 1264582656                                {product} {ergonomic}
   size_t MinHeapDeltaBytes                        = 1048576                                   {product} {ergonomic}
   size_t MinHeapSize                              = 8388608                                   {product} {ergonomic}
    uintx NonNMethodCodeHeapSize                   = 5839372                                {pd product} {ergonomic}
    uintx NonProfiledCodeHeapSize                  = 122909434                              {pd product} {ergonomic}
    uintx ProfiledCodeHeapSize                     = 122909434                              {pd product} {ergonomic}
    uintx ReservedCodeCacheSize                    = 251658240                              {pd product} {ergonomic}
     bool SegmentedCodeCache                       = true                                      {product} {ergonomic}
   size_t SoftMaxHeapSize                          = 2107637760                             {manageable} {ergonomic}
     bool UseCompressedClassPointers               = true                           {product lp64_product} {ergonomic}
     bool UseCompressedOops                        = true                           {product lp64_product} {ergonomic}
     bool UseG1GC                                  = true                                      {product} {ergonomic}
     bool UseLargePagesIndividualAllocation        = false                                  {pd product} {ergonomic}

Logging:
Log output configuration:
 #0: stdout all=warning uptime,level,tags
 #1: stderr all=off uptime,level,tags

Environment Variables:
JAVA_HOME=C:\Program Files\Java\jdk-17
PATH=C:\Program Files (x86)\Common Files\Oracle\Java\javapath;C:\Python310\Scripts\;C:\Python310\;C:\Program Files\Common Files\Oracle\Java\javapath;C:\Windows\system32;C:\Windows;C:\Windows\System32\Wbem;C:\Windows\System32\WindowsPowerShell\v1.0\;C:\Windows\System32\OpenSSH\;C:\Program Files\Java\jdk-17\bin;C:\Program Files\Maven\apache-maven-3.8.6\bin;C:\Program Files (x86)\Microsoft SQL Server\150\DTS\Binn\;C:\Program Files\Azure Data Studio\bin;C:\Program Files\Git\cmd;C:\Program Files\Microsoft SQL Server\Client SDK\ODBC\170\Tools\Binn\;C:\Program Files (x86)\Microsoft SQL Server\150\Tools\Binn\;C:\Program Files\Microsoft SQL Server\150\Tools\Binn\;C:\Program Files\Microsoft SQL Server\150\DTS\Binn\;C:\Program Files\nodejs\;C:\ProgramData\chocolatey\bin;C:\Program Files\PuTTY\;C:\Program Files\Docker\Docker\resources\bin;C:\ProgramData\DockerDesktop\version-bin;C:\Program Files\MySQL\MySQL Shell 8.0\bin\;C:\Users\hp\AppData\Local\Microsoft\WindowsApps;;C:\Program Files\JetBrains\IntelliJ IDEA Educational Edition 2021.3.3\bin;;C:\Program Files\Azure Data Studio\bin;C:\Users\hp\AppData\Local\Programs\Microsoft VS Code\bin;C:\Users\hp\AppData\Roaming\npm
USERNAME=hp
OS=Windows_NT
PROCESSOR_IDENTIFIER=Intel64 Family 6 Model 158 Stepping 10, GenuineIntel



---------------  S Y S T E M  ---------------

OS:
 Windows 10 , 64 bit Build 19041 (10.0.19041.1889)
OS uptime: 45 days 15:55 hours
Hyper-V role detected

CPU: total 8 (initial active 8) (4 cores per cpu, 2 threads per core) family 6 model 158 stepping 10 microcode 0xd6, cx8, cmov, fxsr, ht, mmx, 3dnowpref, sse, sse2, sse3, ssse3, sse4.1, sse4.2, popcnt, lzcnt, tsc, tscinvbit, avx, avx2, aes, erms, clmul, bmi1, bmi2, adx, fma, vzeroupper, clflush, clflushopt, hv

Memory: 4k page, system-wide physical 8033M (654M free)
TotalPageFile size 22745M (AvailPageFile size 2M)
current process WorkingSet (physical memory assigned to process): 50M, peak: 50M
current process commit charge ("private bytes"): 216M, peak: 216M

vm_info: Java HotSpot(TM) 64-Bit Server VM (17+35-LTS-2724) for windows-amd64 JRE (17+35-LTS-2724), built on Aug  5 2021 23:28:28 by "mach5one" with MS VC++ 16.8 (VS2019)

END.
