#
# There is insufficient memory for the Java Runtime Environment to continue.
# Native memory allocation (malloc) failed to allocate 32744 bytes for ChunkPool::allocate
# Possible reasons:
#   The system is out of physical RAM or swap space
#   The process is running with CompressedOops enabled, and the Java Heap may be blocking the growth of the native heap
# Possible solutions:
#   Reduce memory load on the system
#   Increase physical memory or swap space
#   Check if swap backing store is full
#   Decrease Java heap size (-Xmx/-Xms)
#   Decrease number of Java threads
#   Decrease Java thread stack sizes (-Xss)
#   Set larger code cache with -XX:ReservedCodeCacheSize=
#   JVM is running with Unscaled Compressed Oops mode in which the Java heap is
#     placed in the first 4GB address space. The Java Heap base address is the
#     maximum limit for the native heap growth. Please use -XX:HeapBaseMinAddress
#     to set the Java Heap base and to place the Java Heap above 4GB virtual address.
# This output file may be truncated or incomplete.
#
#  Out of Memory Error (arena.cpp:78), pid=17628, tid=4960
#
# JRE version: Java(TM) SE Runtime Environment (17.0+35) (build 17+35-LTS-2724)
# Java VM: Java HotSpot(TM) 64-Bit Server VM (17+35-LTS-2724, mixed mode, sharing, tiered, compressed oops, compressed class ptrs, g1 gc, windows-amd64)
# No core dump will be written. Minidumps are not enabled by default on client versions of Windows
#

---------------  S U M M A R Y ------------

Command Line: -javaagent:C:\Program Files\JetBrains\IntelliJ IDEA Educational Edition 2021.3.3\lib\idea_rt.jar=58177:C:\Program Files\JetBrains\IntelliJ IDEA Educational Edition 2021.3.3\bin -Dfile.encoding=UTF-8 com.hendisantika.onlinebanking.OnlineBankingApplication

Host: Intel(R) Core(TM) i5-9300H CPU @ 2.40GHz, 8 cores, 7G,  Windows 10 , 64 bit Build 19041 (10.0.19041.1889)
Time: Wed Nov 16 16:56:22 2022 India Standard Time elapsed time: 2.734091 seconds (0d 0h 0m 2s)

---------------  T H R E A D  ---------------

Current thread (0x000002add21b3800):  JavaThread "main" [_thread_in_vm, id=4960, stack(0x000000d736000000,0x000000d736100000)]

Stack: [0x000000d736000000,0x000000d736100000]
Native frames: (J=compiled Java code, j=interpreted, Vv=VM code, C=native code)
V  [jvm.dll+0x66f8ea]
V  [jvm.dll+0x7ce224]
V  [jvm.dll+0x7cf9ce]
V  [jvm.dll+0x7d0033]
V  [jvm.dll+0x242bb5]
V  [jvm.dll+0xaa2a0]
V  [jvm.dll+0xaa5ec]
V  [jvm.dll+0x6f29c3]
V  [jvm.dll+0x6f2809]
V  [jvm.dll+0x7bda1d]
V  [jvm.dll+0x7c2243]
V  [jvm.dll+0x7bb97c]
V  [jvm.dll+0x36c0cc]
V  [jvm.dll+0x407e5e]
V  [jvm.dll+0x41367d]
C  0x000002add997d621

Java frames: (J=compiled Java code, j=interpreted, Vv=VM code)
j  java.lang.Class.getDeclaredMethods0(Z)[Ljava/lang/reflect/Method;+0 java.base@17
J 1697 c1 java.lang.Class.privateGetDeclaredMethods(Z)[Ljava/lang/reflect/Method; java.base@17 (64 bytes) @ 0x000002adda228bd4 [0x000002adda228a40+0x0000000000000194]
j  java.lang.Class.getMethodsRecursive(Ljava/lang/String;[Ljava/lang/Class;Z)Ljava/lang/PublicMethods$MethodList;+2 java.base@17
j  java.lang.Class.getMethod0(Ljava/lang/String;[Ljava/lang/Class;)Ljava/lang/reflect/Method;+14 java.base@17
j  java.lang.Class.getMethod(Ljava/lang/String;[Ljava/lang/Class;)Ljava/lang/reflect/Method;+26 java.base@17
J 1608 c1 java.lang.Class.getEnumConstantsShared()[Ljava/lang/Object; java.base@17 (71 bytes) @ 0x000002adda1e911c [0x000002adda1e8e40+0x00000000000002dc]
j  java.lang.Class.enumConstantDirectory()Ljava/util/Map;+10 java.base@17
j  java.lang.Enum.valueOf(Ljava/lang/Class;Ljava/lang/String;)Ljava/lang/Enum;+1 java.base@17
j  sun.reflect.annotation.AnnotationParser.parseEnumValue(Ljava/lang/Class;Ljava/nio/ByteBuffer;Ljdk/internal/reflect/ConstantPool;Ljava/lang/Class;)Ljava/lang/Object;+106 java.base@17
j  sun.reflect.annotation.AnnotationParser.parseMemberValue(Ljava/lang/Class;Ljava/nio/ByteBuffer;Ljdk/internal/reflect/ConstantPool;Ljava/lang/Class;)Ljava/lang/Object;+56 java.base@17
j  java.lang.reflect.Method.getDefaultValue()Ljava/lang/Object;+41 java.base@17
j  org.springframework.core.annotation.AttributeMethods.<init>(Ljava/lang/Class;[Ljava/lang/reflect/Method;)V+59
j  org.springframework.core.annotation.AttributeMethods.compute(Ljava/lang/Class;)Lorg/springframework/core/annotation/AttributeMethods;+68
j  org.springframework.core.annotation.AttributeMethods$$Lambda$54+0x0000000800c2fca0.apply(Ljava/lang/Object;)Ljava/lang/Object;+4
J 1760 c1 java.util.concurrent.ConcurrentMap.computeIfAbsent(Ljava/lang/Object;Ljava/util/function/Function;)Ljava/lang/Object; java.base@17 (51 bytes) @ 0x000002adda242104 [0x000002adda241e80+0x0000000000000284]
j  org.springframework.core.annotation.AttributeMethods.forAnnotationType(Ljava/lang/Class;)Lorg/springframework/core/annotation/AttributeMethods;+17
j  org.springframework.core.annotation.AnnotationTypeMapping.<init>(Lorg/springframework/core/annotation/AnnotationTypeMapping;Ljava/lang/Class;Ljava/lang/annotation/Annotation;Ljava/util/Set;)V+86
j  org.springframework.core.annotation.AnnotationTypeMappings.addIfPossible(Ljava/util/Deque;Lorg/springframework/core/annotation/AnnotationTypeMapping;Ljava/lang/Class;Ljava/lang/annotation/Annotation;Ljava/util/Set;)V+11
j  org.springframework.core.annotation.AnnotationTypeMappings.addAllMappings(Ljava/lang/Class;Ljava/util/Set;)V+14
j  org.springframework.core.annotation.AnnotationTypeMappings.<init>(Lorg/springframework/core/annotation/RepeatableContainers;Lorg/springframework/core/annotation/AnnotationFilter;Ljava/lang/Class;Ljava/util/Set;)V+29
j  org.springframework.core.annotation.AnnotationTypeMappings.<init>(Lorg/springframework/core/annotation/RepeatableContainers;Lorg/springframework/core/annotation/AnnotationFilter;Ljava/lang/Class;Ljava/util/Set;Lorg/springframework/core/annotation/AnnotationTypeMappings$1;)V+6
j  org.springframework.core.annotation.AnnotationTypeMappings$Cache.createMappings(Ljava/lang/Class;Ljava/util/Set;)Lorg/springframework/core/annotation/AnnotationTypeMappings;+15
j  org.springframework.core.annotation.AnnotationTypeMappings$Cache.lambda$get$0(Ljava/util/Set;Ljava/lang/Class;)Lorg/springframework/core/annotation/AnnotationTypeMappings;+3
j  org.springframework.core.annotation.AnnotationTypeMappings$Cache$$Lambda$57+0x0000000800c35188.apply(Ljava/lang/Object;)Ljava/lang/Object;+12
J 1760 c1 java.util.concurrent.ConcurrentMap.computeIfAbsent(Ljava/lang/Object;Ljava/util/function/Function;)Ljava/lang/Object; java.base@17 (51 bytes) @ 0x000002adda242104 [0x000002adda241e80+0x0000000000000284]
j  org.springframework.core.annotation.AnnotationTypeMappings$Cache.get(Ljava/lang/Class;Ljava/util/Set;)Lorg/springframework/core/annotation/AnnotationTypeMappings;+12
j  org.springframework.core.annotation.AnnotationTypeMappings.forAnnotationType(Ljava/lang/Class;Lorg/springframework/core/annotation/RepeatableContainers;Lorg/springframework/core/annotation/AnnotationFilter;Ljava/util/Set;)Lorg/springframework/core/annotation/AnnotationTypeMappings;+27
j  org.springframework.core.annotation.AnnotationTypeMappings.forAnnotationType(Ljava/lang/Class;Ljava/util/Set;)Lorg/springframework/core/annotation/AnnotationTypeMappings;+8
j  org.springframework.core.annotation.AnnotationTypeMappings.forAnnotationType(Ljava/lang/Class;)Lorg/springframework/core/annotation/AnnotationTypeMappings;+8
j  org.springframework.core.annotation.TypeMappedAnnotation.of(Ljava/lang/ClassLoader;Ljava/lang/Object;Ljava/lang/Class;Ljava/util/Map;)Lorg/springframework/core/annotation/MergedAnnotation;+7
j  org.springframework.core.annotation.MergedAnnotation.of(Ljava/lang/ClassLoader;Ljava/lang/Object;Ljava/lang/Class;Ljava/util/Map;)Lorg/springframework/core/annotation/MergedAnnotation;+4
j  org.springframework.core.type.classreading.MergedAnnotationReadingVisitor.visitEnd()V+16
j  org.springframework.asm.ClassReader.readElementValues(Lorg/springframework/asm/AnnotationVisitor;IZ[C)I+82
j  org.springframework.asm.ClassReader.readMethod(Lorg/springframework/asm/ClassVisitor;Lorg/springframework/asm/Context;I)I+738
j  org.springframework.asm.ClassReader.accept(Lorg/springframework/asm/ClassVisitor;[Lorg/springframework/asm/Attribute;I)V+1388
j  org.springframework.asm.ClassReader.accept(Lorg/springframework/asm/ClassVisitor;I)V+7
j  org.springframework.core.type.classreading.SimpleMetadataReader.<init>(Lorg/springframework/core/io/Resource;Ljava/lang/ClassLoader;)V+20
j  org.springframework.core.type.classreading.SimpleMetadataReaderFactory.getMetadataReader(Lorg/springframework/core/io/Resource;)Lorg/springframework/core/type/classreading/MetadataReader;+14
j  org.springframework.core.type.classreading.CachingMetadataReaderFactory.getMetadataReader(Lorg/springframework/core/io/Resource;)Lorg/springframework/core/type/classreading/MetadataReader;+30
j  org.springframework.context.annotation.ClassPathScanningCandidateComponentProvider.scanCandidateComponents(Ljava/lang/String;)Ljava/util/Set;+144
j  org.springframework.context.annotation.ClassPathScanningCandidateComponentProvider.findCandidateComponents(Ljava/lang/String;)Ljava/util/Set;+26
j  org.springframework.context.annotation.ClassPathBeanDefinitionScanner.doScan([Ljava/lang/String;)Ljava/util/Set;+39
j  org.springframework.context.annotation.ComponentScanAnnotationParser.parse(Lorg/springframework/core/annotation/AnnotationAttributes;Ljava/lang/String;)Ljava/util/Set;+508
j  org.springframework.context.annotation.ConfigurationClassParser.doProcessConfigurationClass(Lorg/springframework/context/annotation/ConfigurationClass;Lorg/springframework/context/annotation/ConfigurationClassParser$SourceClass;Ljava/util/function/Predicate;)Lorg/springframework/context/annotation/ConfigurationClassParser$SourceClass;+213
j  org.springframework.context.annotation.ConfigurationClassParser.processConfigurationClass(Lorg/springframework/context/annotation/ConfigurationClass;Ljava/util/function/Predicate;)V+106
j  org.springframework.context.annotation.ConfigurationClassParser.parse(Lorg/springframework/core/type/AnnotationMetadata;Ljava/lang/String;)V+13
j  org.springframework.context.annotation.ConfigurationClassParser.parse(Ljava/util/Set;)V+55
j  org.springframework.context.annotation.ConfigurationClassPostProcessor.processConfigBeanDefinitions(Lorg/springframework/beans/factory/support/BeanDefinitionRegistry;)V+308
j  org.springframework.context.annotation.ConfigurationClassPostProcessor.postProcessBeanDefinitionRegistry(Lorg/springframework/beans/factory/support/BeanDefinitionRegistry;)V+107
j  org.springframework.context.support.PostProcessorRegistrationDelegate.invokeBeanDefinitionRegistryPostProcessors(Ljava/util/Collection;Lorg/springframework/beans/factory/support/BeanDefinitionRegistry;Lorg/springframework/core/metrics/ApplicationStartup;)V+59
j  org.springframework.context.support.PostProcessorRegistrationDelegate.invokeBeanFactoryPostProcessors(Lorg/springframework/beans/factory/config/ConfigurableListableBeanFactory;Ljava/util/List;)V+235
j  org.springframework.context.support.AbstractApplicationContext.invokeBeanFactoryPostProcessors(Lorg/springframework/beans/factory/config/ConfigurableListableBeanFactory;)V+5
j  org.springframework.context.support.AbstractApplicationContext.refresh()V+53
j  org.springframework.boot.web.servlet.context.ServletWebServerApplicationContext.refresh()V+1
j  org.springframework.boot.SpringApplication.refresh(Lorg/springframework/context/ConfigurableApplicationContext;)V+1
j  org.springframework.boot.SpringApplication.refreshContext(Lorg/springframework/context/ConfigurableApplicationContext;)V+16
j  org.springframework.boot.SpringApplication.run([Ljava/lang/String;)Lorg/springframework/context/ConfigurableApplicationContext;+107
j  org.springframework.boot.SpringApplication.run([Ljava/lang/Class;[Ljava/lang/String;)Lorg/springframework/context/ConfigurableApplicationContext;+9
j  org.springframework.boot.SpringApplication.run(Ljava/lang/Class;[Ljava/lang/String;)Lorg/springframework/context/ConfigurableApplicationContext;+9
j  com.hendisantika.onlinebanking.OnlineBankingApplication.main([Ljava/lang/String;)V+3
v  ~StubRoutines::call_stub

---------------  P R O C E S S  ---------------

Threads class SMR info:
_java_thread_list=0x000002adf18fd790, length=14, elements={
0x000002add21b3800, 0x000002adf0165cf0, 0x000002adf0166a60, 0x000002adf0176e80,
0x000002adf0179940, 0x000002adf017a2f0, 0x000002adf017aca0, 0x000002adcfef4c10,
0x000002adcfef5120, 0x000002adf017f9d0, 0x000002adf014a920, 0x000002adf1516820,
0x000002adf1793030, 0x000002adcfef6f80
}

Java Threads: ( => current thread )
=>0x000002add21b3800 JavaThread "main" [_thread_in_vm, id=4960, stack(0x000000d736000000,0x000000d736100000)]
  0x000002adf0165cf0 JavaThread "Reference Handler" daemon [_thread_blocked, id=18328, stack(0x000000d736600000,0x000000d736700000)]
  0x000002adf0166a60 JavaThread "Finalizer" daemon [_thread_blocked, id=17380, stack(0x000000d736700000,0x000000d736800000)]
  0x000002adf0176e80 JavaThread "Signal Dispatcher" daemon [_thread_blocked, id=16036, stack(0x000000d736800000,0x000000d736900000)]
  0x000002adf0179940 JavaThread "Attach Listener" daemon [_thread_blocked, id=3776, stack(0x000000d736900000,0x000000d736a00000)]
  0x000002adf017a2f0 JavaThread "Service Thread" daemon [_thread_blocked, id=11720, stack(0x000000d736a00000,0x000000d736b00000)]
  0x000002adf017aca0 JavaThread "Monitor Deflation Thread" daemon [_thread_blocked, id=21052, stack(0x000000d736b00000,0x000000d736c00000)]
  0x000002adcfef4c10 JavaThread "C2 CompilerThread0" daemon [_thread_blocked, id=8116, stack(0x000000d736c00000,0x000000d736d00000)]
  0x000002adcfef5120 JavaThread "C1 CompilerThread0" daemon [_thread_blocked, id=18116, stack(0x000000d736d00000,0x000000d736e00000)]
  0x000002adf017f9d0 JavaThread "Sweeper thread" daemon [_thread_blocked, id=10964, stack(0x000000d736e00000,0x000000d736f00000)]
  0x000002adf014a920 JavaThread "Common-Cleaner" daemon [_thread_blocked, id=19320, stack(0x000000d736f00000,0x000000d737000000)]
  0x000002adf1516820 JavaThread "Monitor Ctrl-Break" daemon [_thread_in_native, id=17104, stack(0x000000d737000000,0x000000d737100000)]
  0x000002adf1793030 JavaThread "Notification Thread" daemon [_thread_blocked, id=6460, stack(0x000000d737100000,0x000000d737200000)]
  0x000002adcfef6f80 JavaThread "C2 CompilerThread1" daemon [_thread_in_native, id=3756, stack(0x000000d737300000,0x000000d737400000)]

Other Threads:
  0x000002adf015cbb0 VMThread "VM Thread" [stack: 0x000000d736500000,0x000000d736600000] [id=9640]
  0x000002adcfef1700 WatcherThread [stack: 0x000000d737200000,0x000000d737300000] [id=14372]
  0x000002add21f0f90 GCTaskThread "GC Thread#0" [stack: 0x000000d735f00000,0x000000d736000000] [id=18956]
  0x000002adf1e1b890 GCTaskThread "GC Thread#1" [stack: 0x000000d737400000,0x000000d737500000] [id=14260]
  0x000002adf1e1bf50 GCTaskThread "GC Thread#2" [stack: 0x000000d737500000,0x000000d737600000] [id=19740]
  0x000002adf1e10030 GCTaskThread "GC Thread#3" [stack: 0x000000d737600000,0x000000d737700000] [id=9172]
  0x000002adf1e3d8f0 GCTaskThread "GC Thread#4" [stack: 0x000000d737700000,0x000000d737800000] [id=21644]
  0x000002adf1e3e3b0 GCTaskThread "GC Thread#5" [stack: 0x000000d737800000,0x000000d737900000] [id=13296]
  0x000002adf1e3eae0 GCTaskThread "GC Thread#6" [stack: 0x000000d737900000,0x000000d737a00000] [id=13388]
  0x000002adf1e47220 GCTaskThread "GC Thread#7" [stack: 0x000000d737a00000,0x000000d737b00000] [id=19240]
  0x000002adcffbde70 ConcurrentGCThread "G1 Main Marker" [stack: 0x000000d736100000,0x000000d736200000] [id=2172]
  0x000002adcffbe720 ConcurrentGCThread "G1 Conc#0" [stack: 0x000000d736200000,0x000000d736300000] [id=1288]
  0x000002add223d8b0 ConcurrentGCThread "G1 Refine#0" [stack: 0x000000d736300000,0x000000d736400000] [id=6000]
  0x000002add223e170 ConcurrentGCThread "G1 Service" [stack: 0x000000d736400000,0x000000d736500000] [id=8692]

Threads with active compile tasks:
C2 CompilerThread1     2766 1566       4       jdk.internal.org.objectweb.asm.Frame::execute (2305 bytes)

VM state: not at safepoint (normal execution)

VM Mutex/Monitor currently owned by a thread: None

Heap address: 0x0000000082600000, size: 2010 MB, Compressed Oops mode: 32-bit

CDS archive(s) mapped at: [0x0000000800000000-0x0000000800bc0000-0x0000000800bc0000), size 12320768, SharedBaseAddress: 0x0000000800000000, ArchiveRelocationMode: 0.
Compressed class space mapped at: 0x0000000800c00000-0x0000000840c00000, reserved size: 1073741824
Narrow klass base: 0x0000000800000000, Narrow klass shift: 0, Narrow klass range: 0x100000000

GC Precious Log:
 CPUs: 8 total, 8 available
 Memory: 8033M
 Large Page Support: Disabled
 NUMA Support: Disabled
 Compressed Oops: Enabled (32-bit)
 Heap Region Size: 1M
 Heap Min Capacity: 8M
 Heap Initial Capacity: 126M
 Heap Max Capacity: 2010M
 Pre-touch: Disabled
 Parallel Workers: 8
 Concurrent Workers: 2
 Concurrent Refinement Workers: 8
 Periodic GC: Disabled

Heap:
 garbage-first heap   total 129024K, used 17972K [0x0000000082600000, 0x0000000100000000)
  region size 1024K, 12 young (12288K), 2 survivors (2048K)
 Metaspace       used 14606K, committed 14848K, reserved 1064960K
  class space    used 1801K, committed 1920K, reserved 1048576K

Heap Regions: E=young(eden), S=young(survivor), O=old, HS=humongous(starts), HC=humongous(continues), CS=collection set, F=free, OA=open archive, CA=closed archive, TAMS=top-at-mark-start (previous, next)
|   0|0x0000000082600000, 0x0000000082700000, 0x0000000082700000|100%|HS|  |TAMS 0x0000000082600000, 0x0000000082600000| Complete 
|   1|0x0000000082700000, 0x0000000082800000, 0x0000000082800000|100%| O|  |TAMS 0x0000000082700000, 0x0000000082700000| Untracked 
|   2|0x0000000082800000, 0x0000000082900000, 0x0000000082900000|100%| O|  |TAMS 0x0000000082800000, 0x0000000082800000| Untracked 
|   3|0x0000000082900000, 0x0000000082a00000, 0x0000000082a00000|100%| O|  |TAMS 0x0000000082900000, 0x0000000082900000| Untracked 
|   4|0x0000000082a00000, 0x0000000082b00000, 0x0000000082b00000|100%| O|  |TAMS 0x0000000082a00000, 0x0000000082a00000| Untracked 
|   5|0x0000000082b00000, 0x0000000082c00000, 0x0000000082c00000|100%| O|  |TAMS 0x0000000082b00000, 0x0000000082b00000| Untracked 
|   6|0x0000000082c00000, 0x0000000082d00000, 0x0000000082d00000|100%| O|  |TAMS 0x0000000082c00000, 0x0000000082c00000| Untracked 
|   7|0x0000000082d00000, 0x0000000082d16800, 0x0000000082e00000|  8%| O|  |TAMS 0x0000000082d00000, 0x0000000082d00000| Untracked 
|   8|0x0000000082e00000, 0x0000000082e00000, 0x0000000082f00000|  0%| F|  |TAMS 0x0000000082e00000, 0x0000000082e00000| Untracked 
|   9|0x0000000082f00000, 0x0000000082f00000, 0x0000000083000000|  0%| F|  |TAMS 0x0000000082f00000, 0x0000000082f00000| Untracked 
|  10|0x0000000083000000, 0x0000000083000000, 0x0000000083100000|  0%| F|  |TAMS 0x0000000083000000, 0x0000000083000000| Untracked 
|  11|0x0000000083100000, 0x0000000083100000, 0x0000000083200000|  0%| F|  |TAMS 0x0000000083100000, 0x0000000083100000| Untracked 
|  12|0x0000000083200000, 0x0000000083200000, 0x0000000083300000|  0%| F|  |TAMS 0x0000000083200000, 0x0000000083200000| Untracked 
|  13|0x0000000083300000, 0x0000000083300000, 0x0000000083400000|  0%| F|  |TAMS 0x0000000083300000, 0x0000000083300000| Untracked 
|  14|0x0000000083400000, 0x0000000083400000, 0x0000000083500000|  0%| F|  |TAMS 0x0000000083400000, 0x0000000083400000| Untracked 
|  15|0x0000000083500000, 0x0000000083500000, 0x0000000083600000|  0%| F|  |TAMS 0x0000000083500000, 0x0000000083500000| Untracked 
|  16|0x0000000083600000, 0x0000000083600000, 0x0000000083700000|  0%| F|  |TAMS 0x0000000083600000, 0x0000000083600000| Untracked 
|  17|0x0000000083700000, 0x0000000083700000, 0x0000000083800000|  0%| F|  |TAMS 0x0000000083700000, 0x0000000083700000| Untracked 
|  18|0x0000000083800000, 0x0000000083800000, 0x0000000083900000|  0%| F|  |TAMS 0x0000000083800000, 0x0000000083800000| Untracked 
|  19|0x0000000083900000, 0x0000000083900000, 0x0000000083a00000|  0%| F|  |TAMS 0x0000000083900000, 0x0000000083900000| Untracked 
|  20|0x0000000083a00000, 0x0000000083a00000, 0x0000000083b00000|  0%| F|  |TAMS 0x0000000083a00000, 0x0000000083a00000| Untracked 
|  21|0x0000000083b00000, 0x0000000083b00000, 0x0000000083c00000|  0%| F|  |TAMS 0x0000000083b00000, 0x0000000083b00000| Untracked 
|  22|0x0000000083c00000, 0x0000000083c00000, 0x0000000083d00000|  0%| F|  |TAMS 0x0000000083c00000, 0x0000000083c00000| Untracked 
|  23|0x0000000083d00000, 0x0000000083d00000, 0x0000000083e00000|  0%| F|  |TAMS 0x0000000083d00000, 0x0000000083d00000| Untracked 
|  24|0x0000000083e00000, 0x0000000083e00000, 0x0000000083f00000|  0%| F|  |TAMS 0x0000000083e00000, 0x0000000083e00000| Untracked 
|  25|0x0000000083f00000, 0x0000000083f00000, 0x0000000084000000|  0%| F|  |TAMS 0x0000000083f00000, 0x0000000083f00000| Untracked 
|  26|0x0000000084000000, 0x0000000084000000, 0x0000000084100000|  0%| F|  |TAMS 0x0000000084000000, 0x0000000084000000| Untracked 
|  27|0x0000000084100000, 0x0000000084100000, 0x0000000084200000|  0%| F|  |TAMS 0x0000000084100000, 0x0000000084100000| Untracked 
|  28|0x0000000084200000, 0x0000000084200000, 0x0000000084300000|  0%| F|  |TAMS 0x0000000084200000, 0x0000000084200000| Untracked 
|  29|0x0000000084300000, 0x0000000084300000, 0x0000000084400000|  0%| F|  |TAMS 0x0000000084300000, 0x0000000084300000| Untracked 
|  30|0x0000000084400000, 0x0000000084400000, 0x0000000084500000|  0%| F|  |TAMS 0x0000000084400000, 0x0000000084400000| Untracked 
|  31|0x0000000084500000, 0x0000000084500000, 0x0000000084600000|  0%| F|  |TAMS 0x0000000084500000, 0x0000000084500000| Untracked 
|  32|0x0000000084600000, 0x0000000084600000, 0x0000000084700000|  0%| F|  |TAMS 0x0000000084600000, 0x0000000084600000| Untracked 
|  33|0x0000000084700000, 0x0000000084700000, 0x0000000084800000|  0%| F|  |TAMS 0x0000000084700000, 0x0000000084700000| Untracked 
|  34|0x0000000084800000, 0x0000000084800000, 0x0000000084900000|  0%| F|  |TAMS 0x0000000084800000, 0x0000000084800000| Untracked 
|  35|0x0000000084900000, 0x0000000084900000, 0x0000000084a00000|  0%| F|  |TAMS 0x0000000084900000, 0x0000000084900000| Untracked 
|  36|0x0000000084a00000, 0x0000000084a00000, 0x0000000084b00000|  0%| F|  |TAMS 0x0000000084a00000, 0x0000000084a00000| Untracked 
|  37|0x0000000084b00000, 0x0000000084b00000, 0x0000000084c00000|  0%| F|  |TAMS 0x0000000084b00000, 0x0000000084b00000| Untracked 
|  38|0x0000000084c00000, 0x0000000084c00000, 0x0000000084d00000|  0%| F|  |TAMS 0x0000000084c00000, 0x0000000084c00000| Untracked 
|  39|0x0000000084d00000, 0x0000000084d00000, 0x0000000084e00000|  0%| F|  |TAMS 0x0000000084d00000, 0x0000000084d00000| Untracked 
|  40|0x0000000084e00000, 0x0000000084e00000, 0x0000000084f00000|  0%| F|  |TAMS 0x0000000084e00000, 0x0000000084e00000| Untracked 
|  41|0x0000000084f00000, 0x0000000084f00000, 0x0000000085000000|  0%| F|  |TAMS 0x0000000084f00000, 0x0000000084f00000| Untracked 
|  42|0x0000000085000000, 0x0000000085000000, 0x0000000085100000|  0%| F|  |TAMS 0x0000000085000000, 0x0000000085000000| Untracked 
|  43|0x0000000085100000, 0x0000000085100000, 0x0000000085200000|  0%| F|  |TAMS 0x0000000085100000, 0x0000000085100000| Untracked 
|  44|0x0000000085200000, 0x0000000085200000, 0x0000000085300000|  0%| F|  |TAMS 0x0000000085200000, 0x0000000085200000| Untracked 
|  45|0x0000000085300000, 0x0000000085300000, 0x0000000085400000|  0%| F|  |TAMS 0x0000000085300000, 0x0000000085300000| Untracked 
|  46|0x0000000085400000, 0x0000000085400000, 0x0000000085500000|  0%| F|  |TAMS 0x0000000085400000, 0x0000000085400000| Untracked 
|  47|0x0000000085500000, 0x0000000085500000, 0x0000000085600000|  0%| F|  |TAMS 0x0000000085500000, 0x0000000085500000| Untracked 
|  48|0x0000000085600000, 0x0000000085600000, 0x0000000085700000|  0%| F|  |TAMS 0x0000000085600000, 0x0000000085600000| Untracked 
|  49|0x0000000085700000, 0x0000000085700000, 0x0000000085800000|  0%| F|  |TAMS 0x0000000085700000, 0x0000000085700000| Untracked 
|  50|0x0000000085800000, 0x0000000085800000, 0x0000000085900000|  0%| F|  |TAMS 0x0000000085800000, 0x0000000085800000| Untracked 
|  51|0x0000000085900000, 0x0000000085900000, 0x0000000085a00000|  0%| F|  |TAMS 0x0000000085900000, 0x0000000085900000| Untracked 
|  52|0x0000000085a00000, 0x0000000085a00000, 0x0000000085b00000|  0%| F|  |TAMS 0x0000000085a00000, 0x0000000085a00000| Untracked 
|  53|0x0000000085b00000, 0x0000000085b00000, 0x0000000085c00000|  0%| F|  |TAMS 0x0000000085b00000, 0x0000000085b00000| Untracked 
|  54|0x0000000085c00000, 0x0000000085c00000, 0x0000000085d00000|  0%| F|  |TAMS 0x0000000085c00000, 0x0000000085c00000| Untracked 
|  55|0x0000000085d00000, 0x0000000085d00000, 0x0000000085e00000|  0%| F|  |TAMS 0x0000000085d00000, 0x0000000085d00000| Untracked 
|  56|0x0000000085e00000, 0x0000000085e00000, 0x0000000085f00000|  0%| F|  |TAMS 0x0000000085e00000, 0x0000000085e00000| Untracked 
|  57|0x0000000085f00000, 0x0000000085f00000, 0x0000000086000000|  0%| F|  |TAMS 0x0000000085f00000, 0x0000000085f00000| Untracked 
|  58|0x0000000086000000, 0x0000000086000000, 0x0000000086100000|  0%| F|  |TAMS 0x0000000086000000, 0x0000000086000000| Untracked 
|  59|0x0000000086100000, 0x0000000086100000, 0x0000000086200000|  0%| F|  |TAMS 0x0000000086100000, 0x0000000086100000| Untracked 
|  60|0x0000000086200000, 0x0000000086200000, 0x0000000086300000|  0%| F|  |TAMS 0x0000000086200000, 0x0000000086200000| Untracked 
|  61|0x0000000086300000, 0x0000000086300000, 0x0000000086400000|  0%| F|  |TAMS 0x0000000086300000, 0x0000000086300000| Untracked 
|  62|0x0000000086400000, 0x0000000086400000, 0x0000000086500000|  0%| F|  |TAMS 0x0000000086400000, 0x0000000086400000| Untracked 
|  63|0x0000000086500000, 0x0000000086500000, 0x0000000086600000|  0%| F|  |TAMS 0x0000000086500000, 0x0000000086500000| Untracked 
|  64|0x0000000086600000, 0x0000000086600000, 0x0000000086700000|  0%| F|  |TAMS 0x0000000086600000, 0x0000000086600000| Untracked 
|  65|0x0000000086700000, 0x0000000086700000, 0x0000000086800000|  0%| F|  |TAMS 0x0000000086700000, 0x0000000086700000| Untracked 
|  66|0x0000000086800000, 0x0000000086800000, 0x0000000086900000|  0%| F|  |TAMS 0x0000000086800000, 0x0000000086800000| Untracked 
|  67|0x0000000086900000, 0x0000000086900000, 0x0000000086a00000|  0%| F|  |TAMS 0x0000000086900000, 0x0000000086900000| Untracked 
|  68|0x0000000086a00000, 0x0000000086a00000, 0x0000000086b00000|  0%| F|  |TAMS 0x0000000086a00000, 0x0000000086a00000| Untracked 
|  69|0x0000000086b00000, 0x0000000086b00000, 0x0000000086c00000|  0%| F|  |TAMS 0x0000000086b00000, 0x0000000086b00000| Untracked 
|  70|0x0000000086c00000, 0x0000000086c00000, 0x0000000086d00000|  0%| F|  |TAMS 0x0000000086c00000, 0x0000000086c00000| Untracked 
|  71|0x0000000086d00000, 0x0000000086d00000, 0x0000000086e00000|  0%| F|  |TAMS 0x0000000086d00000, 0x0000000086d00000| Untracked 
|  72|0x0000000086e00000, 0x0000000086e00000, 0x0000000086f00000|  0%| F|  |TAMS 0x0000000086e00000, 0x0000000086e00000| Untracked 
|  73|0x0000000086f00000, 0x0000000086f00000, 0x0000000087000000|  0%| F|  |TAMS 0x0000000086f00000, 0x0000000086f00000| Untracked 
|  74|0x0000000087000000, 0x0000000087000000, 0x0000000087100000|  0%| F|  |TAMS 0x0000000087000000, 0x0000000087000000| Untracked 
|  75|0x0000000087100000, 0x0000000087100000, 0x0000000087200000|  0%| F|  |TAMS 0x0000000087100000, 0x0000000087100000| Untracked 
|  76|0x0000000087200000, 0x0000000087200000, 0x0000000087300000|  0%| F|  |TAMS 0x0000000087200000, 0x0000000087200000| Untracked 
|  77|0x0000000087300000, 0x0000000087300000, 0x0000000087400000|  0%| F|  |TAMS 0x0000000087300000, 0x0000000087300000| Untracked 
|  78|0x0000000087400000, 0x0000000087400000, 0x0000000087500000|  0%| F|  |TAMS 0x0000000087400000, 0x0000000087400000| Untracked 
|  79|0x0000000087500000, 0x0000000087500000, 0x0000000087600000|  0%| F|  |TAMS 0x0000000087500000, 0x0000000087500000| Untracked 
|  80|0x0000000087600000, 0x0000000087600000, 0x0000000087700000|  0%| F|  |TAMS 0x0000000087600000, 0x0000000087600000| Untracked 
|  81|0x0000000087700000, 0x0000000087700000, 0x0000000087800000|  0%| F|  |TAMS 0x0000000087700000, 0x0000000087700000| Untracked 
|  82|0x0000000087800000, 0x0000000087800000, 0x0000000087900000|  0%| F|  |TAMS 0x0000000087800000, 0x0000000087800000| Untracked 
|  83|0x0000000087900000, 0x0000000087900000, 0x0000000087a00000|  0%| F|  |TAMS 0x0000000087900000, 0x0000000087900000| Untracked 
|  84|0x0000000087a00000, 0x0000000087a00000, 0x0000000087b00000|  0%| F|  |TAMS 0x0000000087a00000, 0x0000000087a00000| Untracked 
|  85|0x0000000087b00000, 0x0000000087b00000, 0x0000000087c00000|  0%| F|  |TAMS 0x0000000087b00000, 0x0000000087b00000| Untracked 
|  86|0x0000000087c00000, 0x0000000087c00000, 0x0000000087d00000|  0%| F|  |TAMS 0x0000000087c00000, 0x0000000087c00000| Untracked 
|  87|0x0000000087d00000, 0x0000000087d00000, 0x0000000087e00000|  0%| F|  |TAMS 0x0000000087d00000, 0x0000000087d00000| Untracked 
|  88|0x0000000087e00000, 0x0000000087e00000, 0x0000000087f00000|  0%| F|  |TAMS 0x0000000087e00000, 0x0000000087e00000| Untracked 
|  89|0x0000000087f00000, 0x0000000087f00000, 0x0000000088000000|  0%| F|  |TAMS 0x0000000087f00000, 0x0000000087f00000| Untracked 
|  90|0x0000000088000000, 0x0000000088000000, 0x0000000088100000|  0%| F|  |TAMS 0x0000000088000000, 0x0000000088000000| Untracked 
|  91|0x0000000088100000, 0x0000000088100000, 0x0000000088200000|  0%| F|  |TAMS 0x0000000088100000, 0x0000000088100000| Untracked 
|  92|0x0000000088200000, 0x0000000088200000, 0x0000000088300000|  0%| F|  |TAMS 0x0000000088200000, 0x0000000088200000| Untracked 
|  93|0x0000000088300000, 0x0000000088300000, 0x0000000088400000|  0%| F|  |TAMS 0x0000000088300000, 0x0000000088300000| Untracked 
|  94|0x0000000088400000, 0x0000000088400000, 0x0000000088500000|  0%| F|  |TAMS 0x0000000088400000, 0x0000000088400000| Untracked 
|  95|0x0000000088500000, 0x0000000088500000, 0x0000000088600000|  0%| F|  |TAMS 0x0000000088500000, 0x0000000088500000| Untracked 
|  96|0x0000000088600000, 0x0000000088676bd8, 0x0000000088700000| 46%| S|CS|TAMS 0x0000000088600000, 0x0000000088600000| Complete 
|  97|0x0000000088700000, 0x0000000088800000, 0x0000000088800000|100%| S|CS|TAMS 0x0000000088700000, 0x0000000088700000| Complete 
|  98|0x0000000088800000, 0x0000000088800000, 0x0000000088900000|  0%| F|  |TAMS 0x0000000088800000, 0x0000000088800000| Untracked 
|  99|0x0000000088900000, 0x0000000088900000, 0x0000000088a00000|  0%| F|  |TAMS 0x0000000088900000, 0x0000000088900000| Untracked 
| 100|0x0000000088a00000, 0x0000000088a00000, 0x0000000088b00000|  0%| F|  |TAMS 0x0000000088a00000, 0x0000000088a00000| Untracked 
| 101|0x0000000088b00000, 0x0000000088b00000, 0x0000000088c00000|  0%| F|  |TAMS 0x0000000088b00000, 0x0000000088b00000| Untracked 
| 102|0x0000000088c00000, 0x0000000088c00000, 0x0000000088d00000|  0%| F|  |TAMS 0x0000000088c00000, 0x0000000088c00000| Untracked 
| 103|0x0000000088d00000, 0x0000000088d00000, 0x0000000088e00000|  0%| F|  |TAMS 0x0000000088d00000, 0x0000000088d00000| Untracked 
| 104|0x0000000088e00000, 0x0000000088e00000, 0x0000000088f00000|  0%| F|  |TAMS 0x0000000088e00000, 0x0000000088e00000| Untracked 
| 105|0x0000000088f00000, 0x0000000088f00000, 0x0000000089000000|  0%| F|  |TAMS 0x0000000088f00000, 0x0000000088f00000| Untracked 
| 106|0x0000000089000000, 0x0000000089000000, 0x0000000089100000|  0%| F|  |TAMS 0x0000000089000000, 0x0000000089000000| Untracked 
| 107|0x0000000089100000, 0x0000000089100000, 0x0000000089200000|  0%| F|  |TAMS 0x0000000089100000, 0x0000000089100000| Untracked 
| 108|0x0000000089200000, 0x0000000089200000, 0x0000000089300000|  0%| F|  |TAMS 0x0000000089200000, 0x0000000089200000| Untracked 
| 109|0x0000000089300000, 0x0000000089300000, 0x0000000089400000|  0%| F|  |TAMS 0x0000000089300000, 0x0000000089300000| Untracked 
| 110|0x0000000089400000, 0x0000000089400000, 0x0000000089500000|  0%| F|  |TAMS 0x0000000089400000, 0x0000000089400000| Untracked 
| 111|0x0000000089500000, 0x0000000089500000, 0x0000000089600000|  0%| F|  |TAMS 0x0000000089500000, 0x0000000089500000| Untracked 
| 112|0x0000000089600000, 0x0000000089600000, 0x0000000089700000|  0%| F|  |TAMS 0x0000000089600000, 0x0000000089600000| Untracked 
| 113|0x0000000089700000, 0x0000000089700000, 0x0000000089800000|  0%| F|  |TAMS 0x0000000089700000, 0x0000000089700000| Untracked 
| 114|0x0000000089800000, 0x0000000089800000, 0x0000000089900000|  0%| F|  |TAMS 0x0000000089800000, 0x0000000089800000| Untracked 
| 115|0x0000000089900000, 0x0000000089900000, 0x0000000089a00000|  0%| F|  |TAMS 0x0000000089900000, 0x0000000089900000| Untracked 
| 116|0x0000000089a00000, 0x0000000089a80800, 0x0000000089b00000| 50%| E|  |TAMS 0x0000000089a00000, 0x0000000089a00000| Complete 
| 117|0x0000000089b00000, 0x0000000089c00000, 0x0000000089c00000|100%| E|CS|TAMS 0x0000000089b00000, 0x0000000089b00000| Complete 
| 118|0x0000000089c00000, 0x0000000089d00000, 0x0000000089d00000|100%| E|CS|TAMS 0x0000000089c00000, 0x0000000089c00000| Complete 
| 119|0x0000000089d00000, 0x0000000089e00000, 0x0000000089e00000|100%| E|CS|TAMS 0x0000000089d00000, 0x0000000089d00000| Complete 
| 120|0x0000000089e00000, 0x0000000089f00000, 0x0000000089f00000|100%| E|CS|TAMS 0x0000000089e00000, 0x0000000089e00000| Complete 
| 121|0x0000000089f00000, 0x000000008a000000, 0x000000008a000000|100%| E|CS|TAMS 0x0000000089f00000, 0x0000000089f00000| Complete 
| 122|0x000000008a000000, 0x000000008a100000, 0x000000008a100000|100%| E|CS|TAMS 0x000000008a000000, 0x000000008a000000| Complete 
| 123|0x000000008a100000, 0x000000008a200000, 0x000000008a200000|100%| E|CS|TAMS 0x000000008a100000, 0x000000008a100000| Complete 
| 124|0x000000008a200000, 0x000000008a300000, 0x000000008a300000|100%| E|CS|TAMS 0x000000008a200000, 0x000000008a200000| Complete 
| 125|0x000000008a300000, 0x000000008a400000, 0x000000008a400000|100%| E|CS|TAMS 0x000000008a300000, 0x000000008a300000| Complete 

Card table byte_map: [0x000002ade9090000,0x000002ade9480000] _byte_map_base: 0x000002ade8c7d000

Marking Bits (Prev, Next): (CMBitMap*) 0x000002add21f1440, (CMBitMap*) 0x000002add21f1480
 Prev Bits: [0x000002ade9870000, 0x000002adeb7d8000)
 Next Bits: [0x000002adeb7e0000, 0x000002aded748000)

Polling page: 0x000002add0180000

Metaspace:

Usage:
  Non-class:     12.50 MB used.
      Class:      1.76 MB used.
       Both:     14.26 MB used.

Virtual space:
  Non-class space:       16.00 MB reserved,      12.62 MB ( 79%) committed,  2 nodes.
      Class space:        1.00 GB reserved,       1.88 MB ( <1%) committed,  1 nodes.
             Both:        1.02 GB reserved,      14.50 MB (  1%) committed. 

Chunk freelists:
   Non-Class:  3.31 MB
       Class:  2.11 MB
        Both:  5.42 MB

MaxMetaspaceSize: unlimited
CompressedClassSpaceSize: 1.00 GB
Initial GC threshold: 21.00 MB
Current GC threshold: 21.00 MB
CDS: on
MetaspaceReclaimPolicy: balanced
 - commit_granule_bytes: 65536.
 - commit_granule_words: 8192.
 - virtual_space_node_default_size: 1048576.
 - enlarge_chunks_in_place: 1.
 - new_chunks_are_fully_committed: 0.
 - uncommit_free_chunks: 1.
 - use_allocation_guard: 0.
 - handle_deallocations: 1.


Internal statistics:

num_allocs_failed_limit: 0.
num_arena_births: 160.
num_arena_deaths: 0.
num_vsnodes_births: 3.
num_vsnodes_deaths: 0.
num_space_committed: 232.
num_space_uncommitted: 0.
num_chunks_returned_to_freelist: 0.
num_chunks_taken_from_freelist: 607.
num_chunk_merges: 0.
num_chunk_splits: 421.
num_chunks_enlarged: 348.
num_purges: 0.
num_inconsistent_stats: 0.

CodeHeap 'non-profiled nmethods': size=120000Kb used=637Kb max_used=637Kb free=119362Kb
 bounds [0x000002ade1440000, 0x000002ade16b0000, 0x000002ade8970000]
CodeHeap 'profiled nmethods': size=120000Kb used=3278Kb max_used=3278Kb free=116721Kb
 bounds [0x000002add9f10000, 0x000002adda250000, 0x000002ade1440000]
CodeHeap 'non-nmethods': size=5760Kb used=1170Kb max_used=1225Kb free=4589Kb
 bounds [0x000002add9970000, 0x000002add9be0000, 0x000002add9f10000]
 total_blobs=2224 nmethods=1763 adapters=373
 compilation: enabled
              stopped_count=0, restarted_count=0
 full_count=0

Compilation events (20 events):
Event: 2.728 Thread 0x000002adcfef5120 1755       3       org.springframework.core.annotation.AnnotationsScanner::getDeclaredAnnotation (55 bytes)
Event: 2.728 Thread 0x000002adcfef5120 nmethod 1755 0x000002adda240890 code [0x000002adda240a60, 0x000002adda240dd8]
Event: 2.728 Thread 0x000002adcfef5120 1756       3       java.nio.ByteOrder::nativeOrder (4 bytes)
Event: 2.729 Thread 0x000002adcfef5120 nmethod 1756 0x000002adda240f90 code [0x000002adda241120, 0x000002adda241218]
Event: 2.729 Thread 0x000002adcfef5120 1757       3       java.nio.ByteBuffer::position (6 bytes)
Event: 2.729 Thread 0x000002adcfef5120 nmethod 1757 0x000002adda241290 code [0x000002adda241440, 0x000002adda241608]
Event: 2.729 Thread 0x000002adcfef5120 1758       3       java.util.concurrent.locks.AbstractQueuedSynchronizer::signalNext (34 bytes)
Event: 2.729 Thread 0x000002adcfef5120 nmethod 1758 0x000002adda241690 code [0x000002adda241840, 0x000002adda241ad8]
Event: 2.729 Thread 0x000002adcfef5120 1760       3       java.util.concurrent.ConcurrentMap::computeIfAbsent (51 bytes)
Event: 2.730 Thread 0x000002adcfef5120 nmethod 1760 0x000002adda241c90 code [0x000002adda241e80, 0x000002adda242458]
Event: 2.730 Thread 0x000002adcfef5120 1761       3       org.springframework.core.annotation.AttributeMethods::indexOf (37 bytes)
Event: 2.730 Thread 0x000002adcfef5120 nmethod 1761 0x000002adda242610 code [0x000002adda2427c0, 0x000002adda242a68]
Event: 2.730 Thread 0x000002adcfef5120 1759       3       java.util.concurrent.locks.ReentrantLock$Sync::tryRelease (51 bytes)
Event: 2.731 Thread 0x000002adcfef5120 nmethod 1759 0x000002adda242b90 code [0x000002adda242d40, 0x000002adda243088]
Event: 2.731 Thread 0x000002adcfef5120 1762       3       org.springframework.core.annotation.AnnotationTypeMapping$MirrorSets::size (6 bytes)
Event: 2.731 Thread 0x000002adcfef5120 nmethod 1762 0x000002adda243190 code [0x000002adda243320, 0x000002adda243438]
Event: 2.731 Thread 0x000002adcfef5120 1764       3       java.nio.ByteBuffer::limit (6 bytes)
Event: 2.732 Thread 0x000002adcfef5120 nmethod 1764 0x000002adda243510 code [0x000002adda2436c0, 0x000002adda243888]
Event: 2.732 Thread 0x000002adcfef5120 1765       1       org.springframework.core.annotation.AnnotationTypeMapping$MirrorSets$MirrorSet::access$200 (5 bytes)
Event: 2.732 Thread 0x000002adcfef5120 nmethod 1765 0x000002ade14d3e90 code [0x000002ade14d4020, 0x000002ade14d40d8]

GC Heap History (4 events):
Event: 1.766 GC heap before
{Heap before GC invocations=0 (full 0):
 garbage-first heap   total 129024K, used 23552K [0x0000000082600000, 0x0000000100000000)
  region size 1024K, 23 young (23552K), 0 survivors (0K)
 Metaspace       used 5676K, committed 5888K, reserved 1056768K
  class space    used 655K, committed 768K, reserved 1048576K
}
Event: 1.777 GC heap after
{Heap after GC invocations=1 (full 0):
 garbage-first heap   total 129024K, used 7189K [0x0000000082600000, 0x0000000100000000)
  region size 1024K, 3 young (3072K), 3 survivors (3072K)
 Metaspace       used 5676K, committed 5888K, reserved 1056768K
  class space    used 655K, committed 768K, reserved 1048576K
}
Event: 2.537 GC heap before
{Heap before GC invocations=1 (full 0):
 garbage-first heap   total 129024K, used 31765K [0x0000000082600000, 0x0000000100000000)
  region size 1024K, 28 young (28672K), 3 survivors (3072K)
 Metaspace       used 12483K, committed 12736K, reserved 1064960K
  class space    used 1509K, committed 1664K, reserved 1048576K
}
Event: 2.544 GC heap after
{Heap after GC invocations=2 (full 0):
 garbage-first heap   total 129024K, used 8756K [0x0000000082600000, 0x0000000100000000)
  region size 1024K, 2 young (2048K), 2 survivors (2048K)
 Metaspace       used 12483K, committed 12736K, reserved 1064960K
  class space    used 1509K, committed 1664K, reserved 1048576K
}

Deoptimization events (20 events):
Event: 2.662 Thread 0x000002add21b3800 DEOPT PACKING pc=0x000002ade147e2d4 sp=0x000000d7360fe180
Event: 2.662 Thread 0x000002add21b3800 DEOPT UNPACKING pc=0x000002add99c23a3 sp=0x000000d7360fe098 mode 2
Event: 2.662 Thread 0x000002add21b3800 Uncommon trap: trap_request=0xffffff45 fr.pc=0x000002ade147d128 relative=0x0000000000000288
Event: 2.662 Thread 0x000002add21b3800 Uncommon trap: reason=unstable_if action=reinterpret pc=0x000002ade147d128 method=java.util.zip.ZipCoder.hash(Ljava/lang/String;)I @ 23 c2
Event: 2.662 Thread 0x000002add21b3800 DEOPT PACKING pc=0x000002ade147d128 sp=0x000000d7360fe0f0
Event: 2.662 Thread 0x000002add21b3800 DEOPT UNPACKING pc=0x000002add99c23a3 sp=0x000000d7360fe088 mode 2
Event: 2.665 Thread 0x000002add21b3800 Uncommon trap: trap_request=0xffffff45 fr.pc=0x000002ade146ad48 relative=0x0000000000000228
Event: 2.665 Thread 0x000002add21b3800 Uncommon trap: reason=unstable_if action=reinterpret pc=0x000002ade146ad48 method=java.util.StringTokenizer.scanToken(I)I @ 42 c2
Event: 2.665 Thread 0x000002add21b3800 DEOPT PACKING pc=0x000002ade146ad48 sp=0x000000d7360fe140
Event: 2.665 Thread 0x000002add21b3800 DEOPT UNPACKING pc=0x000002add99c23a3 sp=0x000000d7360fe0d0 mode 2
Event: 2.665 Thread 0x000002add21b3800 Uncommon trap: trap_request=0xffffff45 fr.pc=0x000002ade146f59c relative=0x00000000000001fc
Event: 2.665 Thread 0x000002add21b3800 Uncommon trap: reason=unstable_if action=reinterpret pc=0x000002ade146f59c method=java.util.StringTokenizer.skipDelimiters(I)I @ 64 c2
Event: 2.665 Thread 0x000002add21b3800 DEOPT PACKING pc=0x000002ade146f59c sp=0x000000d7360fe150
Event: 2.665 Thread 0x000002add21b3800 DEOPT UNPACKING pc=0x000002add99c23a3 sp=0x000000d7360fe0e0 mode 2
Event: 2.702 Thread 0x000002add21b3800 DEOPT PACKING pc=0x000002adda1b2a08 sp=0x000000d7360fc800
Event: 2.702 Thread 0x000002add21b3800 DEOPT UNPACKING pc=0x000002add99c2b43 sp=0x000000d7360fbd08 mode 0
Event: 2.727 Thread 0x000002add21b3800 Uncommon trap: trap_request=0xffffff45 fr.pc=0x000002ade14be030 relative=0x0000000000000fd0
Event: 2.727 Thread 0x000002add21b3800 Uncommon trap: reason=unstable_if action=reinterpret pc=0x000002ade14be030 method=jdk.internal.org.objectweb.asm.SymbolTable.put(Ljdk/internal/org/objectweb/asm/SymbolTable$Entry;)Ljdk/internal/org/objectweb/asm/SymbolTable$Entry; @ 13 c2
Event: 2.727 Thread 0x000002add21b3800 DEOPT PACKING pc=0x000002ade14be030 sp=0x000000d7360fceb0
Event: 2.727 Thread 0x000002add21b3800 DEOPT UNPACKING pc=0x000002add99c23a3 sp=0x000000d7360fce08 mode 2

Classes unloaded (0 events):
No events

Classes redefined (0 events):
No events

Internal exceptions (20 events):
Event: 2.608 Thread 0x000002add21b3800 Exception <a 'java/lang/ClassNotFoundException'{0x000000008a05bed8}: org/springframework/context/annotation/ConfigurationClassPostProcessorCustomizer> (0x000000008a05bed8) 
thrown [t:\workspace\open\src\hotspot\share\classfile\systemDictionary.cpp, line 256]
Event: 2.613 Thread 0x000002add21b3800 Exception <a 'java/lang/ClassNotFoundException'{0x000000008a07a5c8}: org/springframework/beans/factory/support/BeanDefinitionRegistryPostProcessorCustomizer> (0x000000008a07a5c8) 
thrown [t:\workspace\open\src\hotspot\share\classfile\systemDictionary.cpp, line 256]
Event: 2.614 Thread 0x000002add21b3800 Exception <a 'java/lang/ClassNotFoundException'{0x000000008a07f3e8}: org/springframework/beans/factory/config/BeanFactoryPostProcessorCustomizer> (0x000000008a07f3e8) 
thrown [t:\workspace\open\src\hotspot\share\classfile\systemDictionary.cpp, line 256]
Event: 2.615 Thread 0x000002add21b3800 Exception <a 'java/lang/ClassNotFoundException'{0x0000000089f84300}: org/springframework/core/PriorityOrderedCustomizer> (0x0000000089f84300) 
thrown [t:\workspace\open\src\hotspot\share\classfile\systemDictionary.cpp, line 256]
Event: 2.615 Thread 0x000002add21b3800 Exception <a 'java/lang/ClassNotFoundException'{0x0000000089f87c60}: org/springframework/core/OrderedCustomizer> (0x0000000089f87c60) 
thrown [t:\workspace\open\src\hotspot\share\classfile\systemDictionary.cpp, line 256]
Event: 2.616 Thread 0x000002add21b3800 Exception <a 'java/lang/ClassNotFoundException'{0x0000000089f8c788}: org/springframework/context/ResourceLoaderAwareCustomizer> (0x0000000089f8c788) 
thrown [t:\workspace\open\src\hotspot\share\classfile\systemDictionary.cpp, line 256]
Event: 2.617 Thread 0x000002add21b3800 Exception <a 'java/lang/ClassNotFoundException'{0x0000000089f91468}: org/springframework/beans/factory/AwareCustomizer> (0x0000000089f91468) 
thrown [t:\workspace\open\src\hotspot\share\classfile\systemDictionary.cpp, line 256]
Event: 2.618 Thread 0x000002add21b3800 Exception <a 'java/lang/ClassNotFoundException'{0x0000000089f950a0}: org/springframework/context/ApplicationStartupAwareCustomizer> (0x0000000089f950a0) 
thrown [t:\workspace\open\src\hotspot\share\classfile\systemDictionary.cpp, line 256]
Event: 2.619 Thread 0x000002add21b3800 Exception <a 'java/lang/ClassNotFoundException'{0x0000000089f9a008}: org/springframework/beans/factory/AwareCustomizer> (0x0000000089f9a008) 
thrown [t:\workspace\open\src\hotspot\share\classfile\systemDictionary.cpp, line 256]
Event: 2.619 Thread 0x000002add21b3800 Exception <a 'java/lang/ClassNotFoundException'{0x0000000089f9dc88}: org/springframework/beans/factory/BeanClassLoaderAwareCustomizer> (0x0000000089f9dc88) 
thrown [t:\workspace\open\src\hotspot\share\classfile\systemDictionary.cpp, line 256]
Event: 2.620 Thread 0x000002add21b3800 Exception <a 'java/lang/ClassNotFoundException'{0x0000000089fa2950}: org/springframework/beans/factory/AwareCustomizer> (0x0000000089fa2950) 
thrown [t:\workspace\open\src\hotspot\share\classfile\systemDictionary.cpp, line 256]
Event: 2.620 Thread 0x000002add21b3800 Exception <a 'java/lang/ClassNotFoundException'{0x0000000089fa6370}: org/springframework/context/EnvironmentAwareCustomizer> (0x0000000089fa6370) 
thrown [t:\workspace\open\src\hotspot\share\classfile\systemDictionary.cpp, line 256]
Event: 2.621 Thread 0x000002add21b3800 Exception <a 'java/lang/ClassNotFoundException'{0x0000000089faafd0}: org/springframework/beans/factory/AwareCustomizer> (0x0000000089faafd0) 
thrown [t:\workspace\open\src\hotspot\share\classfile\systemDictionary.cpp, line 256]
Event: 2.644 Thread 0x000002adf1ef4060 Exception <a 'java/lang/NoSuchMethodError'{0x0000000089d15068}: 'long java.lang.invoke.DirectMethodHandle$Holder.invokeSpecial(java.lang.Object, java.lang.Object)'> (0x0000000089d15068) 
thrown [t:\workspace\open\src\hotspot\share\interpreter\linkResolver.cpp, line 766]
Event: 2.647 Thread 0x000002adf1ef4060 Exception <a 'java/lang/NoSuchMethodError'{0x0000000089d1ff38}: 'long java.lang.invoke.DirectMethodHandle$Holder.invokeStatic(java.lang.Object, java.lang.Object)'> (0x0000000089d1ff38) 
thrown [t:\workspace\open\src\hotspot\share\interpreter\linkResolver.cpp, line 766]
Event: 2.648 Thread 0x000002adf1ef4060 Exception <a 'java/lang/NoSuchMethodError'{0x0000000089d23538}: 'long java.lang.invoke.DirectMethodHandle$Holder.invokeStaticInit(java.lang.Object, java.lang.Object)'> (0x0000000089d23538) 
thrown [t:\workspace\open\src\hotspot\share\interpreter\linkResolver.cpp, line 766]
Event: 2.651 Thread 0x000002adf1ef4060 Exception <a 'java/lang/NoSuchMethodError'{0x0000000089d31430}: 'long java.lang.invoke.DirectMethodHandle$Holder.invokeInterface(java.lang.Object, java.lang.Object)'> (0x0000000089d31430) 
thrown [t:\workspace\open\src\hotspot\share\interpreter\linkResolver.cpp, line 766]
Event: 2.652 Thread 0x000002adf1ef4060 Exception <a 'java/lang/IncompatibleClassChangeError'{0x0000000089d349c0}: Found class java.lang.Object, but interface was expected> (0x0000000089d349c0) 
thrown [t:\workspace\open\src\hotspot\share\interpreter\linkResolver.cpp, line 833]
Event: 2.661 Thread 0x000002add21b3800 Exception <a 'java/lang/NoSuchMethodError'{0x0000000089d95cd0}: 'java.lang.Object java.lang.invoke.DirectMethodHandle$Holder.invokeVirtual(java.lang.Object, java.lang.Object, java.lang.Object)'> (0x0000000089d95cd0) 
thrown [t:\workspace\open\src\hotspot\share\interpreter\linkResolver.cpp, line 766]
Event: 2.665 Thread 0x000002adf1ef4060 Exception <a 'java/lang/NoSuchMethodError'{0x0000000089c193c8}: 'java.lang.Object java.lang.invoke.DirectMethodHandle$Holder.invokeVirtual(java.lang.Object, java.lang.Object, java.lang.Object, java.lang.Object)'> (0x0000000089c193c8) 
thrown [t:\workspace\open\src\hotspot\share\interpreter\linkResolver.cpp, line 766]

VM Operations (20 events):
Event: 1.212 Executing VM operation: Cleanup
Event: 1.213 Executing VM operation: Cleanup done
Event: 1.502 Executing VM operation: HandshakeAllThreads
Event: 1.502 Executing VM operation: HandshakeAllThreads done
Event: 1.766 Executing VM operation: G1CollectForAllocation
Event: 1.777 Executing VM operation: G1CollectForAllocation done
Event: 1.954 Executing VM operation: HandshakeAllThreads
Event: 1.954 Executing VM operation: HandshakeAllThreads done
Event: 2.265 Executing VM operation: HandshakeAllThreads
Event: 2.265 Executing VM operation: HandshakeAllThreads done
Event: 2.265 Executing VM operation: HandshakeAllThreads
Event: 2.266 Executing VM operation: HandshakeAllThreads done
Event: 2.533 Executing VM operation: ICBufferFull
Event: 2.533 Executing VM operation: ICBufferFull done
Event: 2.537 Executing VM operation: G1CollectForAllocation
Event: 2.544 Executing VM operation: G1CollectForAllocation done
Event: 2.604 Executing VM operation: HandshakeAllThreads
Event: 2.604 Executing VM operation: HandshakeAllThreads done
Event: 2.647 Executing VM operation: HandshakeAllThreads
Event: 2.647 Executing VM operation: HandshakeAllThreads done

Events (20 events):
Event: 2.628 loading class java/util/concurrent/ConcurrentLinkedDeque$Itr
Event: 2.628 loading class java/util/regex/Pattern$BnM done
Event: 2.628 loading class java/util/concurrent/ConcurrentLinkedDeque$AbstractItr
Event: 2.628 loading class java/util/regex/Pattern$Pos
Event: 2.628 loading class java/util/regex/Pattern$Pos done
Event: 2.628 loading class java/util/concurrent/ConcurrentLinkedDeque$AbstractItr done
Event: 2.628 loading class java/util/concurrent/ConcurrentLinkedDeque$Itr done
Event: 2.643 loading class java/net/SocketException
Event: 2.643 loading class java/net/SocketException done
Event: 2.666 loading class java/util/regex/Pattern$LazyLoop
Event: 2.667 loading class java/util/regex/Pattern$Loop
Event: 2.667 loading class java/util/regex/Pattern$Loop done
Event: 2.667 loading class java/util/regex/Pattern$LazyLoop done
Event: 2.667 loading class java/util/regex/Pattern$Prolog
Event: 2.667 loading class java/util/regex/Pattern$Prolog done
Event: 2.670 Thread 0x000002adf1ef4060 Thread exited: 0x000002adf1ef4060
Event: 2.687 loading class java/lang/AssertionError
Event: 2.687 loading class java/lang/AssertionError done
Event: 2.711 loading class java/lang/Deprecated
Event: 2.711 loading class java/lang/Deprecated done


Dynamic libraries:
0x00007ff635c20000 - 0x00007ff635c30000 	C:\Program Files\Java\jdk-17\bin\java.exe
0x00007ffe25450000 - 0x00007ffe25648000 	C:\Windows\SYSTEM32\ntdll.dll
0x00007ffe24a20000 - 0x00007ffe24add000 	C:\Windows\System32\KERNEL32.DLL
0x00007ffe22b70000 - 0x00007ffe22e3e000 	C:\Windows\System32\KERNELBASE.dll
0x00007ffe23220000 - 0x00007ffe23320000 	C:\Windows\System32\ucrtbase.dll
0x00007ffe1b180000 - 0x00007ffe1b198000 	C:\Program Files\Java\jdk-17\bin\jli.dll
0x00007ffe24450000 - 0x00007ffe244fe000 	C:\Windows\System32\ADVAPI32.dll
0x00007ffe24f00000 - 0x00007ffe24f9e000 	C:\Windows\System32\msvcrt.dll
0x00007ffe242f0000 - 0x00007ffe2438c000 	C:\Windows\System32\sechost.dll
0x00007ffe24b80000 - 0x00007ffe24ca5000 	C:\Windows\System32\RPCRT4.dll
0x00007ffe25010000 - 0x00007ffe251b0000 	C:\Windows\System32\USER32.dll
0x00007ffe22fc0000 - 0x00007ffe22fe2000 	C:\Windows\System32\win32u.dll
0x00007ffe25380000 - 0x00007ffe253aa000 	C:\Windows\System32\GDI32.dll
0x00007ffe22eb0000 - 0x00007ffe22fbb000 	C:\Windows\System32\gdi32full.dll
0x00007ffe23180000 - 0x00007ffe2321d000 	C:\Windows\System32\msvcp_win.dll
0x00007ffe1a950000 - 0x00007ffe1a96a000 	C:\Program Files\Java\jdk-17\bin\VCRUNTIME140.dll
0x00007ffe11db0000 - 0x00007ffe1204a000 	C:\Windows\WinSxS\amd64_microsoft.windows.common-controls_6595b64144ccf1df_6.0.19041.1110_none_60b5254171f9507e\COMCTL32.dll
0x00007ffe1b170000 - 0x00007ffe1b17a000 	C:\Windows\SYSTEM32\VERSION.dll
0x00007ffe23b70000 - 0x00007ffe23ba0000 	C:\Windows\System32\IMM32.DLL
0x00007ffdfa7d0000 - 0x00007ffdfa928000 	C:\Program Files (x86)\Citrix\ICA Client\epclient64.dll
0x00007ffe23150000 - 0x00007ffe23177000 	C:\Windows\System32\bcrypt.dll
0x00007ffe235f0000 - 0x00007ffe23944000 	C:\Windows\System32\combase.dll
0x00007ffe21830000 - 0x00007ffe21863000 	C:\Windows\SYSTEM32\ntmarta.dll
0x00007ffe1c770000 - 0x00007ffe1c77c000 	C:\Program Files\Java\jdk-17\bin\vcruntime140_1.dll
0x00007ffe0c850000 - 0x00007ffe0c8dd000 	C:\Program Files\Java\jdk-17\bin\msvcp140.dll
0x00007ffdd6a90000 - 0x00007ffdd764e000 	C:\Program Files\Java\jdk-17\bin\server\jvm.dll
0x00007ffe24440000 - 0x00007ffe24448000 	C:\Windows\System32\PSAPI.DLL
0x00007ffe1d320000 - 0x00007ffe1d329000 	C:\Windows\SYSTEM32\WSOCK32.dll
0x00007ffe24fa0000 - 0x00007ffe2500b000 	C:\Windows\System32\WS2_32.dll
0x00007ffdfd890000 - 0x00007ffdfd8b7000 	C:\Windows\SYSTEM32\WINMM.dll
0x00007ffe213b0000 - 0x00007ffe213c2000 	C:\Windows\SYSTEM32\kernel.appcore.dll
0x00007ffe23420000 - 0x00007ffe234a2000 	C:\Windows\System32\bcryptprimitives.dll
0x00007ffe1c6b0000 - 0x00007ffe1c6ba000 	C:\Program Files\Java\jdk-17\bin\jimage.dll
0x00007ffe20920000 - 0x00007ffe20b04000 	C:\Windows\SYSTEM32\DBGHELP.DLL
0x00007ffe0d640000 - 0x00007ffe0d66c000 	C:\Windows\SYSTEM32\dbgcore.DLL
0x00007ffe1a5d0000 - 0x00007ffe1a5de000 	C:\Program Files\Java\jdk-17\bin\instrument.dll
0x00007ffe1a4a0000 - 0x00007ffe1a4c5000 	C:\Program Files\Java\jdk-17\bin\java.dll
0x00007ffdfbab0000 - 0x00007ffdfbb86000 	C:\Program Files\Java\jdk-17\bin\svml.dll
0x000002adf0c00000 - 0x000002adf1343000 	C:\Windows\System32\SHELL32.dll
0x00007ffe20c00000 - 0x00007ffe21395000 	C:\Windows\SYSTEM32\windows.storage.dll
0x00007ffe225d0000 - 0x00007ffe22600000 	C:\Windows\SYSTEM32\Wldp.dll
0x00007ffe24500000 - 0x00007ffe245ad000 	C:\Windows\System32\SHCORE.dll
0x00007ffe24dd0000 - 0x00007ffe24e25000 	C:\Windows\System32\shlwapi.dll
0x00007ffe22ab0000 - 0x00007ffe22acf000 	C:\Windows\SYSTEM32\profapi.dll
0x00007ffe10470000 - 0x00007ffe10488000 	C:\Program Files\Java\jdk-17\bin\zip.dll
0x00007ffe11bc0000 - 0x00007ffe11bd9000 	C:\Program Files\Java\jdk-17\bin\net.dll
0x00007ffe17010000 - 0x00007ffe1711a000 	C:\Windows\SYSTEM32\WINHTTP.dll
0x00007ffe222e0000 - 0x00007ffe2234a000 	C:\Windows\system32\mswsock.dll
0x00007ffe10d20000 - 0x00007ffe10d35000 	C:\Program Files\Java\jdk-17\bin\nio.dll
0x00007ffe10ec0000 - 0x00007ffe10eda000 	C:\Program Files\JetBrains\IntelliJ IDEA Educational Edition 2021.3.3\bin\breakgen64.dll
0x00007ffe1c190000 - 0x00007ffe1c1a0000 	C:\Program Files\Java\jdk-17\bin\verify.dll
0x00007ffe1a9c0000 - 0x00007ffe1a9c9000 	C:\Program Files\Java\jdk-17\bin\management.dll
0x00007ffe1a940000 - 0x00007ffe1a94b000 	C:\Program Files\Java\jdk-17\bin\management_ext.dll
0x00007ffdf7a00000 - 0x00007ffdf7a17000 	C:\Windows\system32\napinsp.dll
0x00007ffdf79e0000 - 0x00007ffdf79fb000 	C:\Windows\system32\pnrpnsp.dll
0x00007ffe1d940000 - 0x00007ffe1d955000 	C:\Windows\system32\wshbth.dll
0x00007ffe1cdf0000 - 0x00007ffe1ce0d000 	C:\Windows\system32\NLAapi.dll
0x00007ffe21f90000 - 0x00007ffe21fcb000 	C:\Windows\SYSTEM32\IPHLPAPI.DLL
0x00007ffe21fe0000 - 0x00007ffe220aa000 	C:\Windows\SYSTEM32\DNSAPI.dll
0x00007ffe23b60000 - 0x00007ffe23b68000 	C:\Windows\System32\NSI.dll
0x00007ffdf79c0000 - 0x00007ffdf79d2000 	C:\Windows\System32\winrnr.dll
0x00007ffe1a160000 - 0x00007ffe1a16a000 	C:\Windows\System32\rasadhlp.dll
0x00007ffe09760000 - 0x00007ffe097e0000 	C:\Windows\System32\fwpuclnt.dll

dbghelp: loaded successfully - version: 4.0.5 - missing functions: none
symbol engine: initialized successfully - sym options: 0x614 - pdb path: .;C:\Program Files\Java\jdk-17\bin;C:\Windows\SYSTEM32;C:\Windows\WinSxS\amd64_microsoft.windows.common-controls_6595b64144ccf1df_6.0.19041.1110_none_60b5254171f9507e;C:\Program Files (x86)\Citrix\ICA Client;C:\Program Files\Java\jdk-17\bin\server;C:\Program Files\JetBrains\IntelliJ IDEA Educational Edition 2021.3.3\bin

VM Arguments:
jvm_args: -javaagent:C:\Program Files\JetBrains\IntelliJ IDEA Educational Edition 2021.3.3\lib\idea_rt.jar=58177:C:\Program Files\JetBrains\IntelliJ IDEA Educational Edition 2021.3.3\bin -Dfile.encoding=UTF-8 
java_command: com.hendisantika.onlinebanking.OnlineBankingApplication
java_class_path (initial): C:\Users\hp\Documents\project\Online-banking-angular-springboot-mysql-master\Online-banking-angular-springboot-mysql-master\target\classes;C:\Users\hp\.m2\repository\org\springframework\boot\spring-boot-starter\2.7.4\spring-boot-starter-2.7.4.jar;C:\Users\hp\.m2\repository\org\springframework\boot\spring-boot\2.7.4\spring-boot-2.7.4.jar;C:\Users\hp\.m2\repository\org\springframework\spring-context\5.3.23\spring-context-5.3.23.jar;C:\Users\hp\.m2\repository\org\springframework\boot\spring-boot-autoconfigure\2.7.4\spring-boot-autoconfigure-2.7.4.jar;C:\Users\hp\.m2\repository\org\springframework\boot\spring-boot-starter-logging\2.7.4\spring-boot-starter-logging-2.7.4.jar;C:\Users\hp\.m2\repository\ch\qos\logback\logback-classic\1.2.11\logback-classic-1.2.11.jar;C:\Users\hp\.m2\repository\ch\qos\logback\logback-core\1.2.11\logback-core-1.2.11.jar;C:\Users\hp\.m2\repository\org\apache\logging\log4j\log4j-to-slf4j\2.17.2\log4j-to-slf4j-2.17.2.jar;C:\Users\hp\.m2\repository\org\apache\logging\log4j\log4j-api\2.17.2\log4j-api-2.17.2.jar;C:\Users\hp\.m2\repository\org\slf4j\jul-to-slf4j\1.7.36\jul-to-slf4j-1.7.36.jar;C:\Users\hp\.m2\repository\jakarta\annotation\jakarta.annotation-api\1.3.5\jakarta.annotation-api-1.3.5.jar;C:\Users\hp\.m2\repository\org\springframework\spring-core\5.3.23\spring-core-5.3.23.jar;C:\Users\hp\.m2\repository\org\springframework\spring-jcl\5.3.23\spring-jcl-5.3.23.jar;C:\Users\hp\.m2\repository\org\yaml\snakeyaml\1.30\snakeyaml-1.30.jar;C:\Users\hp\.m2\repository\org\springframework\boot\spring-boot-starter-web\2.7.4\spring-boot-starter-web-2.7.4.jar;C:\Users\hp\.m2\repository\org\springframework\boot\spring-boot-starter-json\2.7.4\spring-boot-starter-json-2.7.4.jar;C:\Users\hp\.m2\repository\com\fasterxml\jackson\core\jackson-databind\2.13.4\jackson-databind-2.13.4.jar;C:\Users\hp\.m2\repository\com\fasterxml\jackson\core\jackson-annotations\2.13.4\jackson-annotations-2.13.4.jar;C:\Users\hp\.m2\repository\com\fasterx
Launcher Type: SUN_STANDARD

[Global flags]
     intx CICompilerCount                          = 4                                         {product} {ergonomic}
     uint ConcGCThreads                            = 2                                         {product} {ergonomic}
     uint G1ConcRefinementThreads                  = 8                                         {product} {ergonomic}
   size_t G1HeapRegionSize                         = 1048576                                   {product} {ergonomic}
    uintx GCDrainStackTargetSize                   = 64                                        {product} {ergonomic}
   size_t InitialHeapSize                          = 132120576                                 {product} {ergonomic}
   size_t MarkStackSize                            = 4194304                                   {product} {ergonomic}
   size_t MaxHeapSize                              = 2107637760                                {product} {ergonomic}
   size_t MaxNewSize                               = 1264582656                                {product} {ergonomic}
   size_t MinHeapDeltaBytes                        = 1048576                                   {product} {ergonomic}
   size_t MinHeapSize                              = 8388608                                   {product} {ergonomic}
    uintx NonNMethodCodeHeapSize                   = 5839372                                {pd product} {ergonomic}
    uintx NonProfiledCodeHeapSize                  = 122909434                              {pd product} {ergonomic}
    uintx ProfiledCodeHeapSize                     = 122909434                              {pd product} {ergonomic}
    uintx ReservedCodeCacheSize                    = 251658240                              {pd product} {ergonomic}
     bool SegmentedCodeCache                       = true                                      {product} {ergonomic}
   size_t SoftMaxHeapSize                          = 2107637760                             {manageable} {ergonomic}
     bool UseCompressedClassPointers               = true                           {product lp64_product} {ergonomic}
     bool UseCompressedOops                        = true                           {product lp64_product} {ergonomic}
     bool UseG1GC                                  = true                                      {product} {ergonomic}
     bool UseLargePagesIndividualAllocation        = false                                  {pd product} {ergonomic}

Logging:
Log output configuration:
 #0: stdout all=warning uptime,level,tags
 #1: stderr all=off uptime,level,tags

Environment Variables:
JAVA_HOME=C:\Program Files\Java\jdk-17
PATH=C:\Program Files (x86)\Common Files\Oracle\Java\javapath;C:\Python310\Scripts\;C:\Python310\;C:\Program Files\Common Files\Oracle\Java\javapath;C:\Windows\system32;C:\Windows;C:\Windows\System32\Wbem;C:\Windows\System32\WindowsPowerShell\v1.0\;C:\Windows\System32\OpenSSH\;C:\Program Files\Java\jdk-17\bin;C:\Program Files\Maven\apache-maven-3.8.6\bin;C:\Program Files (x86)\Microsoft SQL Server\150\DTS\Binn\;C:\Program Files\Azure Data Studio\bin;C:\Program Files\Git\cmd;C:\Program Files\Microsoft SQL Server\Client SDK\ODBC\170\Tools\Binn\;C:\Program Files (x86)\Microsoft SQL Server\150\Tools\Binn\;C:\Program Files\Microsoft SQL Server\150\Tools\Binn\;C:\Program Files\Microsoft SQL Server\150\DTS\Binn\;C:\Program Files\nodejs\;C:\ProgramData\chocolatey\bin;C:\Program Files\PuTTY\;C:\Program Files\Docker\Docker\resources\bin;C:\ProgramData\DockerDesktop\version-bin;C:\Program Files\MySQL\MySQL Shell 8.0\bin\;C:\Users\hp\AppData\Local\Microsoft\WindowsApps;;C:\Program Files\JetBrains\IntelliJ IDEA Educational Edition 2021.3.3\bin;;C:\Program Files\Azure Data Studio\bin;C:\Users\hp\AppData\Local\Programs\Microsoft VS Code\bin;C:\Users\hp\AppData\Roaming\npm
USERNAME=hp
OS=Windows_NT
PROCESSOR_IDENTIFIER=Intel64 Family 6 Model 158 Stepping 10, GenuineIntel



---------------  S Y S T E M  ---------------

OS:
 Windows 10 , 64 bit Build 19041 (10.0.19041.1889)
OS uptime: 45 days 15:52 hours
Hyper-V role detected

CPU: total 8 (initial active 8) (4 cores per cpu, 2 threads per core) family 6 model 158 stepping 10 microcode 0xd6, cx8, cmov, fxsr, ht, mmx, 3dnowpref, sse, sse2, sse3, ssse3, sse4.1, sse4.2, popcnt, lzcnt, tsc, tscinvbit, avx, avx2, aes, erms, clmul, bmi1, bmi2, adx, fma, vzeroupper, clflush, clflushopt, hv

Memory: 4k page, system-wide physical 8033M (541M free)
TotalPageFile size 22745M (AvailPageFile size 7M)
current process WorkingSet (physical memory assigned to process): 121M, peak: 125M
current process commit charge ("private bytes"): 257M, peak: 261M

vm_info: Java HotSpot(TM) 64-Bit Server VM (17+35-LTS-2724) for windows-amd64 JRE (17+35-LTS-2724), built on Aug  5 2021 23:28:28 by "mach5one" with MS VC++ 16.8 (VS2019)

END.
